Log file open, 09/24/16 11:35:51
LogInit:Display: Running engine for game: Islands
LogPlatformFile: Not using cached read wrapper
LogInit:Display: RandInit(1125376485) SRandInit(1125376485).
LogTaskGraph: Started task graph with 5 named threads and 8 total threads with 1 sets of task threads.
LogStats: Stats thread started at 0.086522
LogPluginManager: Loaded Plugin Paper2D, From C:/Program Files (x86)/Epic Games/4.13/Engine/Plugins/2D/Paper2D/Paper2D.uplugin
LogPluginManager: Loaded Plugin LightPropagationVolume, From C:/Program Files (x86)/Epic Games/4.13/Engine/Plugins/Blendables/LightPropagationVolume/LightPropagationVolume.uplugin
LogPluginManager: Loaded Plugin BlankPlugin, From C:/Program Files (x86)/Epic Games/4.13/Engine/Plugins/Developer/BlankPlugin/BlankPlugin.uplugin
LogPluginManager: Loaded Plugin CodeLiteSourceCodeAccess, From C:/Program Files (x86)/Epic Games/4.13/Engine/Plugins/Developer/CodeLiteSourceCodeAccess/CodeLiteSourceCodeAccess.uplugin
LogPluginManager: Loaded Plugin GitSourceControl, From C:/Program Files (x86)/Epic Games/4.13/Engine/Plugins/Developer/GitSourceControl/GitSourceControl.uplugin
LogPluginManager: Loaded Plugin KDevelopSourceCodeAccess, From C:/Program Files (x86)/Epic Games/4.13/Engine/Plugins/Developer/KDevelopSourceCodeAccess/KDevelopSourceCodeAccess.uplugin
LogPluginManager: Loaded Plugin NullSourceCodeAccess, From C:/Program Files (x86)/Epic Games/4.13/Engine/Plugins/Developer/NullSourceCodeAccess/NullSourceCodeAccess.uplugin
LogPluginManager: Loaded Plugin OneSkyLocalizationService, From C:/Program Files (x86)/Epic Games/4.13/Engine/Plugins/Developer/OneSkyLocalizationService/OneSkyLocalizationService.uplugin
LogPluginManager: Loaded Plugin PerforceSourceControl, From C:/Program Files (x86)/Epic Games/4.13/Engine/Plugins/Developer/PerforceSourceControl/PerforceSourceControl.uplugin
LogPluginManager: Loaded Plugin SubversionSourceControl, From C:/Program Files (x86)/Epic Games/4.13/Engine/Plugins/Developer/SubversionSourceControl/SubversionSourceControl.uplugin
LogPluginManager: Loaded Plugin UObjectPlugin, From C:/Program Files (x86)/Epic Games/4.13/Engine/Plugins/Developer/UObjectPlugin/UObjectPlugin.uplugin
LogPluginManager: Loaded Plugin VisualStudioSourceCodeAccess, From C:/Program Files (x86)/Epic Games/4.13/Engine/Plugins/Developer/VisualStudioSourceCodeAccess/VisualStudioSourceCodeAccess.uplugin
LogPluginManager: Loaded Plugin XCodeSourceCodeAccess, From C:/Program Files (x86)/Epic Games/4.13/Engine/Plugins/Developer/XCodeSourceCodeAccess/XCodeSourceCodeAccess.uplugin
LogPluginManager: Loaded Plugin EpicSurvey, From C:/Program Files (x86)/Epic Games/4.13/Engine/Plugins/Editor/EpicSurvey/EpicSurvey.uplugin
LogPluginManager: Loaded Plugin MacGraphicsSwitching, From C:/Program Files (x86)/Epic Games/4.13/Engine/Plugins/Editor/MacGraphicsSwitching/MacGraphicsSwitching.uplugin
LogPluginManager: Loaded Plugin MobileLauncherProfileWizard, From C:/Program Files (x86)/Epic Games/4.13/Engine/Plugins/Editor/MobileLauncherProfileWizard/MobileLauncherProfileWizard.uplugin
LogPluginManager: Loaded Plugin PluginBrowser, From C:/Program Files (x86)/Epic Games/4.13/Engine/Plugins/Editor/PluginBrowser/PluginBrowser.uplugin
LogPluginManager: Loaded Plugin SpeedTreeImporter, From C:/Program Files (x86)/Epic Games/4.13/Engine/Plugins/Editor/SpeedTreeImporter/SpeedTreeImporter.uplugin
LogPluginManager: Loaded Plugin SuperSearchEditor, From C:/Program Files (x86)/Epic Games/4.13/Engine/Plugins/Editor/SuperSearchEditor/SuperSearchEditor.uplugin
LogPluginManager: Loaded Plugin AlembicImporter, From C:/Program Files (x86)/Epic Games/4.13/Engine/Plugins/Experimental/AlembicImporter/AlembicImporter.uplugin
LogPluginManager: Loaded Plugin BlueprintStats, From C:/Program Files (x86)/Epic Games/4.13/Engine/Plugins/Experimental/BlueprintStats/BlueprintStats.uplugin
LogPluginManager: Loaded Plugin CharacterAI, From C:/Program Files (x86)/Epic Games/4.13/Engine/Plugins/Experimental/CharacterAI/CharacterAI.uplugin
LogPluginManager: Loaded Plugin CodeEditor, From C:/Program Files (x86)/Epic Games/4.13/Engine/Plugins/Experimental/CodeEditor/CodeEditor.uplugin
LogPluginManager: Loaded Plugin CodeView, From C:/Program Files (x86)/Epic Games/4.13/Engine/Plugins/Experimental/CodeView/CodeView.uplugin
LogPluginManager: Loaded Plugin HTML5Networking, From C:/Program Files (x86)/Epic Games/4.13/Engine/Plugins/Experimental/HTML5Networking/HTML5Networking.uplugin
LogPluginManager: Loaded Plugin LiveEditor, From C:/Program Files (x86)/Epic Games/4.13/Engine/Plugins/Experimental/LiveEditor/LiveEditor.uplugin
LogPluginManager: Loaded Plugin OSVR, From C:/Program Files (x86)/Epic Games/4.13/Engine/Plugins/Experimental/OSVR/OSVR.uplugin
LogPluginManager: Loaded Plugin Phya, From C:/Program Files (x86)/Epic Games/4.13/Engine/Plugins/Experimental/Phya/Phya.uplugin
LogPluginManager: Loaded Plugin SignificanceManager, From C:/Program Files (x86)/Epic Games/4.13/Engine/Plugins/Experimental/SignificanceManager/SignificanceManager.uplugin
LogPluginManager: Loaded Plugin SimpleHMD, From C:/Program Files (x86)/Epic Games/4.13/Engine/Plugins/Experimental/SimpleHMD/SimpleHMD.uplugin
LogPluginManager: Loaded Plugin StereoPanorama, From C:/Program Files (x86)/Epic Games/4.13/Engine/Plugins/Experimental/StereoPanorama/StereoPanorama.uplugin
LogPluginManager: Loaded Plugin StructBox, From C:/Program Files (x86)/Epic Games/4.13/Engine/Plugins/Experimental/StructBox/StructBox.uplugin
LogPluginManager: Loaded Plugin AndroidMedia, From C:/Program Files (x86)/Epic Games/4.13/Engine/Plugins/Media/AndroidMedia/AndroidMedia.uplugin
LogPluginManager: Loaded Plugin AvfMedia, From C:/Program Files (x86)/Epic Games/4.13/Engine/Plugins/Media/AvfMedia/AvfMedia.uplugin
LogPluginManager: Loaded Plugin MediaPlayerEditor, From C:/Program Files (x86)/Epic Games/4.13/Engine/Plugins/Media/MediaPlayerEditor/MediaPlayerEditor.uplugin
LogPluginManager: Loaded Plugin WmfMedia, From C:/Program Files (x86)/Epic Games/4.13/Engine/Plugins/Media/WmfMedia/WmfMedia.uplugin
LogPluginManager: Loaded Plugin MessagingDebugger, From C:/Program Files (x86)/Epic Games/4.13/Engine/Plugins/Messaging/MessagingDebugger/MessagingDebugger.uplugin
LogPluginManager: Loaded Plugin TcpMessaging, From C:/Program Files (x86)/Epic Games/4.13/Engine/Plugins/Messaging/TcpMessaging/TcpMessaging.uplugin
LogPluginManager: Loaded Plugin UdpMessaging, From C:/Program Files (x86)/Epic Games/4.13/Engine/Plugins/Messaging/UdpMessaging/UdpMessaging.uplugin
LogPluginManager: Loaded Plugin LevelSequenceEditor, From C:/Program Files (x86)/Epic Games/4.13/Engine/Plugins/MovieScene/LevelSequenceEditor/LevelSequenceEditor.uplugin
LogPluginManager: Loaded Plugin MatineeToLevelSequence, From C:/Program Files (x86)/Epic Games/4.13/Engine/Plugins/MovieScene/MatineeToLevelSequence/MatineeToLevelSequence.uplugin
LogPluginManager: Loaded Plugin NetcodeUnitTest, From C:/Program Files (x86)/Epic Games/4.13/Engine/Plugins/NetcodeUnitTest/NetcodeUnitTest/NetcodeUnitTest.uplugin
LogPluginManager: Loaded Plugin NUTUnrealEngine4, From C:/Program Files (x86)/Epic Games/4.13/Engine/Plugins/NetcodeUnitTest/NUTUnrealEngine4/NUTUnrealEngine4.uplugin
LogPluginManager: Loaded Plugin OnlineSubsystemGooglePlay, From C:/Program Files (x86)/Epic Games/4.13/Engine/Plugins/Online/Android/OnlineSubsystemGooglePlay/OnlineSubsystemGooglePlay.uplugin
LogPluginManager: Loaded Plugin OnlineSubsystemIOS, From C:/Program Files (x86)/Epic Games/4.13/Engine/Plugins/Online/IOS/OnlineSubsystemIOS/OnlineSubsystemIOS.uplugin
LogPluginManager: Loaded Plugin OnlineFramework, From C:/Program Files (x86)/Epic Games/4.13/Engine/Plugins/Online/OnlineFramework/OnlineFramework.uplugin
LogPluginManager: Loaded Plugin OnlineSubsystem, From C:/Program Files (x86)/Epic Games/4.13/Engine/Plugins/Online/OnlineSubsystem/OnlineSubsystem.uplugin
LogPluginManager: Loaded Plugin OnlineSubsystemAmazon, From C:/Program Files (x86)/Epic Games/4.13/Engine/Plugins/Online/OnlineSubsystemAmazon/OnlineSubsystemAmazon.uplugin
LogPluginManager: Loaded Plugin OnlineSubsystemFacebook, From C:/Program Files (x86)/Epic Games/4.13/Engine/Plugins/Online/OnlineSubsystemFacebook/OnlineSubsystemFacebook.uplugin
LogPluginManager: Loaded Plugin OnlineSubsystemNull, From C:/Program Files (x86)/Epic Games/4.13/Engine/Plugins/Online/OnlineSubsystemNull/OnlineSubsystemNull.uplugin
LogPluginManager: Loaded Plugin OnlineSubsystemOculus, From C:/Program Files (x86)/Epic Games/4.13/Engine/Plugins/Online/OnlineSubsystemOculus/OnlineSubsystemOculus.uplugin
LogPluginManager: Loaded Plugin OnlineSubsystemSteam, From C:/Program Files (x86)/Epic Games/4.13/Engine/Plugins/Online/OnlineSubsystemSteam/OnlineSubsystemSteam.uplugin
LogPluginManager: Loaded Plugin OnlineSubsystemUtils, From C:/Program Files (x86)/Epic Games/4.13/Engine/Plugins/Online/OnlineSubsystemUtils/OnlineSubsystemUtils.uplugin
LogPluginManager: Loaded Plugin IOSTapJoy, From C:/Program Files (x86)/Epic Games/4.13/Engine/Plugins/Runtime/Advertising/IOSTapJoy/IOSTapJoy.uplugin
LogPluginManager: Loaded Plugin AnalyticsBlueprintLibrary, From C:/Program Files (x86)/Epic Games/4.13/Engine/Plugins/Runtime/Analytics/AnalyticsBlueprintLibrary/AnalyticsBlueprintLibrary.uplugin
LogPluginManager: Loaded Plugin AnalyticsMulticast, From C:/Program Files (x86)/Epic Games/4.13/Engine/Plugins/Runtime/Analytics/AnalyticsMulticast/AnalyticsMulticast.uplugin
LogPluginManager: Loaded Plugin Apsalar, From C:/Program Files (x86)/Epic Games/4.13/Engine/Plugins/Runtime/Analytics/Apsalar/Apsalar.uplugin
LogPluginManager: Loaded Plugin FileLogging, From C:/Program Files (x86)/Epic Games/4.13/Engine/Plugins/Runtime/Analytics/FileLogging/FileLogging.uplugin
LogPluginManager: Loaded Plugin Flurry, From C:/Program Files (x86)/Epic Games/4.13/Engine/Plugins/Runtime/Analytics/Flurry/Flurry.uplugin
LogPluginManager: Loaded Plugin AndroidDeviceProfileSelector, From C:/Program Files (x86)/Epic Games/4.13/Engine/Plugins/Runtime/AndroidDeviceProfileSelector/AndroidDeviceProfileSelector.uplugin
LogPluginManager: Loaded Plugin AndroidMoviePlayer, From C:/Program Files (x86)/Epic Games/4.13/Engine/Plugins/Runtime/AndroidMoviePlayer/AndroidMoviePlayer.uplugin
LogPluginManager: Loaded Plugin AppleMoviePlayer, From C:/Program Files (x86)/Epic Games/4.13/Engine/Plugins/Runtime/AppleMoviePlayer/AppleMoviePlayer.uplugin
LogPluginManager: Loaded Plugin ArchVisCharacter, From C:/Program Files (x86)/Epic Games/4.13/Engine/Plugins/Runtime/ArchVisCharacter/ArchVisCharacter.uplugin
LogPluginManager: Loaded Plugin CableComponent, From C:/Program Files (x86)/Epic Games/4.13/Engine/Plugins/Runtime/CableComponent/CableComponent.uplugin
LogPluginManager: Loaded Plugin CustomMeshComponent, From C:/Program Files (x86)/Epic Games/4.13/Engine/Plugins/Runtime/CustomMeshComponent/CustomMeshComponent.uplugin
LogPluginManager: Loaded Plugin ExampleDeviceProfileSelector, From C:/Program Files (x86)/Epic Games/4.13/Engine/Plugins/Runtime/ExampleDeviceProfileSelector/ExampleDeviceProfileSelector.uplugin
LogPluginManager: Loaded Plugin GearVR, From C:/Program Files (x86)/Epic Games/4.13/Engine/Plugins/Runtime/GearVR/GearVR.uplugin
LogPluginManager: Loaded Plugin GoogleVRController, From C:/Program Files (x86)/Epic Games/4.13/Engine/Plugins/Runtime/GoogleVR/GoogleVRController/GoogleVRController.uplugin
LogPluginManager: Loaded Plugin GoogleVRHMD, From C:/Program Files (x86)/Epic Games/4.13/Engine/Plugins/Runtime/GoogleVR/GoogleVRHMD/GoogleVRHMD.uplugin
LogPluginManager: Loaded Plugin IOSDeviceProfileSelector, From C:/Program Files (x86)/Epic Games/4.13/Engine/Plugins/Runtime/IOSDeviceProfileSelector/IOSDeviceProfileSelector.uplugin
LogPluginManager: Loaded Plugin LeapMotion, From C:/Program Files (x86)/Epic Games/4.13/Engine/Plugins/Runtime/LeapMotion/LeapMotion.uplugin
LogPluginManager: Loaded Plugin LinuxDeviceProfileSelector, From C:/Program Files (x86)/Epic Games/4.13/Engine/Plugins/Runtime/LinuxDeviceProfileSelector/LinuxDeviceProfileSelector.uplugin
LogPluginManager: Loaded Plugin LiveEditorListenServer, From C:/Program Files (x86)/Epic Games/4.13/Engine/Plugins/Runtime/LiveEditorListenServer/LiveEditorListenServer.uplugin
LogPluginManager: Loaded Plugin OculusAudio, From C:/Program Files (x86)/Epic Games/4.13/Engine/Plugins/Runtime/OculusAudio/OculusAudio.uplugin
LogPluginManager: Loaded Plugin OculusInput, From C:/Program Files (x86)/Epic Games/4.13/Engine/Plugins/Runtime/OculusInput/OculusInput.uplugin
LogPluginManager: Loaded Plugin OculusLibrary, From C:/Program Files (x86)/Epic Games/4.13/Engine/Plugins/Runtime/OculusLibrary/OculusLibrary.uplugin
LogPluginManager: Loaded Plugin OculusRift, From C:/Program Files (x86)/Epic Games/4.13/Engine/Plugins/Runtime/OculusRift/OculusRift.uplugin
LogPluginManager: Loaded Plugin Oodle, From C:/Program Files (x86)/Epic Games/4.13/Engine/Plugins/Runtime/PacketHandlers/CompressionComponents/Oodle/Oodle.uplugin
LogPluginManager: Loaded Plugin ProceduralMeshComponent, From C:/Program Files (x86)/Epic Games/4.13/Engine/Plugins/Runtime/ProceduralMeshComponent/ProceduralMeshComponent.uplugin
LogPluginManager: Loaded Plugin SoundMod, From C:/Program Files (x86)/Epic Games/4.13/Engine/Plugins/Runtime/SoundMod/SoundMod.uplugin
LogPluginManager: Loaded Plugin SoundVisualizations, From C:/Program Files (x86)/Epic Games/4.13/Engine/Plugins/Runtime/SoundVisualizations/SoundVisualizations.uplugin
LogPluginManager: Loaded Plugin SteamController, From C:/Program Files (x86)/Epic Games/4.13/Engine/Plugins/Runtime/Steam/SteamController/SteamController.uplugin
LogPluginManager: Loaded Plugin SteamVR, From C:/Program Files (x86)/Epic Games/4.13/Engine/Plugins/Runtime/Steam/SteamVR/SteamVR.uplugin
LogPluginManager: Loaded Plugin WebBrowserWidget, From C:/Program Files (x86)/Epic Games/4.13/Engine/Plugins/Runtime/WebBrowserWidget/WebBrowserWidget.uplugin
LogPluginManager: Loaded Plugin WindowsDeviceProfileSelector, From C:/Program Files (x86)/Epic Games/4.13/Engine/Plugins/Runtime/WindowsDeviceProfileSelector/WindowsDeviceProfileSelector.uplugin
LogPluginManager: Loaded Plugin WindowsMoviePlayer, From C:/Program Files (x86)/Epic Games/4.13/Engine/Plugins/Runtime/WindowsMoviePlayer/WindowsMoviePlayer.uplugin
LogPluginManager: Loaded Plugin ScriptPlugin, From C:/Program Files (x86)/Epic Games/4.13/Engine/Plugins/ScriptPlugin/ScriptPlugin.uplugin
LogPluginManager: Loaded Plugin SlateRemote, From C:/Program Files (x86)/Epic Games/4.13/Engine/Plugins/Slate/SlateRemote/SlateRemote.uplugin
LogInit: Using libcurl 7.47.1
LogInit:  - built for x86_64-pc-win32
LogInit:  - supports SSL with WinSSL
LogInit:  - other features:
LogInit:      CURL_VERSION_SSL
LogInit:      CURL_VERSION_IPV6
LogInit:      CURL_VERSION_ASYNCHDNS
LogInit:      CURL_VERSION_LARGEFILE
LogInit:      CURL_VERSION_IDN
LogInit:  CurlRequestOptions (configurable via config and command line):
LogInit:  - bVerifyPeer = false  - Libcurl will NOT verify peer certificate
LogInit:  - bUseHttpProxy = false  - Libcurl will NOT use HTTP proxy
LogInit:  - bDontReuseConnections = false  - Libcurl will reuse connections
LogInit:  - CertBundlePath = nullptr  - Libcurl will use whatever was configured at build time.
LogInit: Build: ++UE4+Release-4.13-CL-3106830
LogInit: Engine Version: 4.13.0-3106830+++UE4+Release-4.13
LogInit: Compatible Engine Version: 4.13.0-3106830+++UE4+Release-4.13
LogInit: Net CL: 3106830
LogDevObjectVersion: Number of dev versions registered: 13
LogDevObjectVersion:   Dev-Blueprints (B0D832E4-1F89-4F0D-ACCF-7EB736FD4AA2): 5
LogDevObjectVersion:   Dev-Build (E1C64328-A22C-4D53-A36C-8E866417BD8C): 0
LogDevObjectVersion:   Dev-Core (375EC13C-06E4-48FB-B500-84F0262A717E): 1
LogDevObjectVersion:   Dev-Editor (E4B068ED-F494-42E9-A231-DA0B2E46BB41): 6
LogDevObjectVersion:   Dev-Framework (CFFC743F-43B0-4480-9391-14DF171D2073): 12
LogDevObjectVersion:   Dev-Mobile (B02B49B5-BB20-44E9-A304-32B752E40360): 0
LogDevObjectVersion:   Dev-Networking (A4E4105C-59A1-49B5-A7C5-40C4547EDFEE): 0
LogDevObjectVersion:   Dev-Online (39C831C9-5AE6-47DC-9A44-9C173E1C8E7C): 0
LogDevObjectVersion:   Dev-Physics (78F01B33-EBEA-4F98-B9B4-84EACCB95AA2): 0
LogDevObjectVersion:   Dev-Platform (6631380F-2D4D-43E0-8009-CF276956A95A): 0
LogDevObjectVersion:   Dev-Rendering (12F88B9F-8875-4AFC-A67C-D90C383ABD29): 4
LogDevObjectVersion:   Dev-Sequencer (7B5AE74C-D270-4C10-A958-57980B212A5A): 0
LogDevObjectVersion:   Dev-VR (D7296918-1DD6-4BDD-9DE2-64A83CC13884): 0
LogInit: Compiled (64-bit): Aug 30 2016 18:11:39
LogInit: Compiled with Visual C++: 19.00.23026.00
LogInit: Build Configuration: Development
LogInit: Branch Name: ++UE4+Release-4.13
LogInit: Command line: -EpicPortal 
LogInit: Base directory: C:/Program Files (x86)/Epic Games/4.13/Engine/Binaries/Win64/
LogInit: Installed Engine Build: 1
LogInit: Presizing for max 8388607 objects, including 0 objects not considered by GC, pre-allocating 0 bytes for permanent pool.
LogInit: Object subsystem initialized
[2016.09.24-10.35.51:367][  0]LogInit: Selected Device Profile: [Windows]
[2016.09.24-10.35.51:367][  0]LogInit: Applying CVar settings loaded from the selected device profile: [Windows]
[2016.09.24-10.35.51:387][  0]LogInit: Computer: DESKTOP-O3F22UO
[2016.09.24-10.35.51:387][  0]LogInit: User: ElliotAnderson
[2016.09.24-10.35.51:387][  0]LogInit: CPU Page size=65536, Cores=4
[2016.09.24-10.35.51:387][  0]LogInit: High frequency timer resolution =3.914061 MHz
[2016.09.24-10.35.51:387][  0]LogMemory: Memory total: Physical=15.9GB (16GB approx)
[2016.09.24-10.35.51:387][  0]LogMemory: Platform Memory Stats for Windows
[2016.09.24-10.35.51:387][  0]LogMemory: Process Physical Memory: 256.13 MB used, 256.13 MB peak
[2016.09.24-10.35.51:387][  0]LogMemory: Process Virtual Memory: 259.89 MB used, 259.89 MB peak
[2016.09.24-10.35.51:387][  0]LogMemory: Physical Memory: 5596.68 MB used, 16329.09 MB total
[2016.09.24-10.35.51:387][  0]LogMemory: Virtual Memory: 620.85 MB used, 134217728.00 MB total
[2016.09.24-10.35.51:408][  0]LogTextLocalizationManager: No specific translations for ('en-GB') exist, so ('en') translations will be used.
[2016.09.24-10.35.51:789][  0]LogD3D11RHI: D3D11 adapters:
[2016.09.24-10.35.51:835][  0]LogD3D11RHI:    0. 'NVIDIA GeForce GTX 970' (Feature Level 11_0)
[2016.09.24-10.35.51:835][  0]LogD3D11RHI:       4007/0/8164 MB DedicatedVideo/DedicatedSystem/SharedSystem, Outputs:1, VendorId:0x10de
[2016.09.24-10.35.51:836][  0]LogD3D11RHI:    1. 'Microsoft Basic Render Driver' (Feature Level 11_0)
[2016.09.24-10.35.51:836][  0]LogD3D11RHI:       0/0/8164 MB DedicatedVideo/DedicatedSystem/SharedSystem, Outputs:0, VendorId:0x1414
[2016.09.24-10.35.51:836][  0]LogD3D11RHI: Chosen D3D11 Adapter: 0
[2016.09.24-10.35.51:839][  0]LogD3D11RHI: Creating new Direct3DDevice
[2016.09.24-10.35.51:839][  0]LogD3D11RHI:     GPU DeviceId: 0x13c2 (for the marketing name, search the web for "GPU Device Id")
[2016.09.24-10.35.51:839][  0]LogWindows: EnumDisplayDevices:
[2016.09.24-10.35.51:839][  0]LogWindows:    0. 'NVIDIA GeForce GTX 970' (P:1 D:1)
[2016.09.24-10.35.51:839][  0]LogWindows:    1. 'NVIDIA GeForce GTX 970' (P:0 D:0)
[2016.09.24-10.35.51:839][  0]LogWindows:    2. 'NVIDIA GeForce GTX 970' (P:0 D:0)
[2016.09.24-10.35.51:840][  0]LogWindows:    3. 'NVIDIA GeForce GTX 970' (P:0 D:0)
[2016.09.24-10.35.51:840][  0]LogWindows: DebugString: FoundDriverCount:4 
[2016.09.24-10.35.51:840][  0]LogD3D11RHI:     Adapter Name: NVIDIA GeForce GTX 970
[2016.09.24-10.35.51:840][  0]LogD3D11RHI:   Driver Version: 365.19 (internal:10.18.13.6519, unified:365.19)
[2016.09.24-10.35.51:840][  0]LogD3D11RHI:      Driver Date: 5-9-2016
[2016.09.24-10.35.51:840][  0]LogRHI: Texture pool is 1361 MB (70% of 1945 MB)
[2016.09.24-10.35.51:849][  0]LogD3D11RHI: Async texture creation enabled
[2016.09.24-10.35.51:864][  0]LogD3D11RHI: GPU Timing Frequency: 1000.000000 (Debug: 2 2)
[2016.09.24-10.35.51:864][  0]LogShaderCompilers: Guid format shader working directory is -28 characters bigger than the processId version (../../../../../../Users/Elliot Anderson/Documents/GitHub/monsterproj/Islands/Intermediate/Shaders/WorkingDirectory/15968/).
[2016.09.24-10.35.51:864][  0]LogShaderCompilers: Cleaned the shader compiler working directory 'C:/Users/ELLIOT~1/AppData/Local/Temp/UnrealShaderWorkingDir/43B5AB524CF8D64CEE40A39323B5BE5D/'.
[2016.09.24-10.35.51:865][  0]LogShaderCompilers:Display: Using Local Shader Compiler.
[2016.09.24-10.35.52:615][  0]LogTemp:Display: Loaded TP AllDesktopTargetPlatform
[2016.09.24-10.35.52:620][  0]LogTemp:Display: Loaded TP WindowsClientTargetPlatform
[2016.09.24-10.35.52:626][  0]LogTemp:Display: Loaded TP WindowsNoEditorTargetPlatform
[2016.09.24-10.35.52:632][  0]LogTemp:Display: Loaded TP WindowsServerTargetPlatform
[2016.09.24-10.35.52:637][  0]LogTemp:Display: Loaded TP WindowsTargetPlatform
[2016.09.24-10.35.52:642][  0]LogTemp:Display: Loaded TP AndroidTargetPlatform
[2016.09.24-10.35.52:646][  0]LogTemp:Display: Loaded TP Android_ASTCTargetPlatform
[2016.09.24-10.35.52:651][  0]LogTemp:Display: Loaded TP Android_ATCTargetPlatform
[2016.09.24-10.35.52:655][  0]LogTemp:Display: Loaded TP Android_DXTTargetPlatform
[2016.09.24-10.35.52:660][  0]LogTemp:Display: Loaded TP Android_ETC1TargetPlatform
[2016.09.24-10.35.52:664][  0]LogTemp:Display: Loaded TP Android_ETC2TargetPlatform
[2016.09.24-10.35.52:673][  0]LogTemp:Display: Loaded TP Android_MultiTargetPlatform
[2016.09.24-10.35.52:673][  0]LogTemp:Display: Loaded TP Android_PVRTCTargetPlatform
[2016.09.24-10.35.52:674][  0]LogTemp:Display: Loaded TP HTML5TargetPlatform
[2016.09.24-10.35.52:690][  0]LogTemp:Display: Loaded TP IOSTargetPlatform
[2016.09.24-10.35.52:695][  0]LogTemp:Display: Loaded TP TVOSTargetPlatform
[2016.09.24-10.35.52:699][  0]LogTemp:Display: Loaded TP LinuxClientTargetPlatform
[2016.09.24-10.35.52:703][  0]LogTemp:Display: Loaded TP LinuxNoEditorTargetPlatform
[2016.09.24-10.35.52:708][  0]LogTemp:Display: Loaded TP LinuxServerTargetPlatform
[2016.09.24-10.35.52:713][  0]LogTemp:Display: Loaded TP LinuxTargetPlatform
[2016.09.24-10.35.52:713][  0]LogTargetPlatformManager:Display: Building Assets For Windows
[2016.09.24-10.35.52:762][  0]LogDerivedDataCache:Display: Max Cache Size: 512 MB
[2016.09.24-10.35.52:805][  0]LogDerivedDataCache: Loaded boot cache 0.04s 62MB C:/Users/Elliot Anderson/AppData/Local/UnrealEngine/4.13/DerivedDataCache/Boot.ddc.
[2016.09.24-10.35.52:805][  0]LogDerivedDataCache:Display: Loaded Boot cache: C:/Users/Elliot Anderson/AppData/Local/UnrealEngine/4.13/DerivedDataCache/Boot.ddc
[2016.09.24-10.35.52:805][  0]LogDerivedDataCache: FDerivedDataBackendGraph:  Pak pak cache file ../../../../../../Users/Elliot Anderson/Documents/GitHub/monsterproj/Islands/DerivedDataCache/DDC.ddp not found, will not use a pak cache.
[2016.09.24-10.35.52:805][  0]LogDerivedDataCache: Unable to find inner node Pak for hierarchical cache Hierarchy.
[2016.09.24-10.35.52:805][  0]LogDerivedDataCache: FDerivedDataBackendGraph:  CompressedPak pak cache file ../../../../../../Users/Elliot Anderson/Documents/GitHub/monsterproj/Islands/DerivedDataCache/Compressed.ddp not found, will not use a pak cache.
[2016.09.24-10.35.52:805][  0]LogDerivedDataCache: Unable to find inner node CompressedPak for hierarchical cache Hierarchy.
[2016.09.24-10.35.52:817][  0]LogDerivedDataCache:Display: Pak cache opened for reading ../../../Engine/DerivedDataCache/Compressed.ddp.
[2016.09.24-10.35.52:828][  0]LogDerivedDataCache: Using Local data cache path C:/Users/Elliot Anderson/AppData/Local/UnrealEngine/Common/DerivedDataCache: Writable
[2016.09.24-10.35.52:956][  0]LogInit: Selected Device Profile: [Windows]
[2016.09.24-10.35.52:957][  0]LogContentStreaming: Texture pool size is 0.00 MB
[2016.09.24-10.35.53:022][  0]LogMeshUtilities: No automatic mesh reduction module available
[2016.09.24-10.35.53:022][  0]LogMeshUtilities: No automatic mesh merging module available
[2016.09.24-10.35.53:022][  0]LogMeshUtilities: No distributed automatic mesh merging module available
[2016.09.24-10.35.53:066][  0]LogMaterial: Uniform references updated for custom material expression Custom.
[2016.09.24-10.35.53:282][  0]LogNetVersion: GetLocalNetworkVersion: CL: 3106830, ProjectName: islands, ProjectVersion: , EngineNetworkVersion: 1, GameNetworkVersion: 0, NetworkChecksum: 810505000
[2016.09.24-10.35.53:313][  0]LogAssetRegistry: FAssetRegistry took 0.0212 seconds to start up
[2016.09.24-10.35.53:361][  0]LogPackageLocalizationCache: Processed 3 localized package path(s) for 2 prioritized culture(s) in 0.047183 seconds
[2016.09.24-10.35.53:364][  0]LogUObjectArray: 29777 objects as part of root set at end of initial load.
[2016.09.24-10.35.53:364][  0]LogUObjectAllocator: 6124704 out of 0 bytes used by permanent object pool.
[2016.09.24-10.35.53:364][  0]LogUObjectArray: CloseDisregardForGC: 0/0 objects in disregard for GC pool
[2016.09.24-10.35.53:369][  0]LogInit: WinSock: version 1.1 (2.2), MaxSocks=32767, MaxUdp=65467
[2016.09.24-10.35.53:504][  0]LogSlate: SlateFontCache - WITH_FREETYPE: 1, WITH_HARFBUZZ: 1
[2016.09.24-10.35.53:504][  0]LogSlate: SlateFontCache - WITH_FREETYPE: 1, WITH_HARFBUZZ: 1
[2016.09.24-10.35.53:955][  0]LogUdpMessaging: Initializing bridge on interface 0.0.0.0:0 to multicast group 230.0.0.1:6666.
[2016.09.24-10.35.54:163][  0]SourceControl: Info Source control is disabled
[2016.09.24-10.35.54:185][  0]SourceControl: Info Source control is disabled
[2016.09.24-10.35.54:190][  0]SourceControl: Info Source control is disabled
[2016.09.24-10.35.54:195][  0]SourceControl: Info Source control is disabled
[2016.09.24-10.35.54:406][  0]LogEngine: Initializing Engine...
[2016.09.24-10.35.54:406][  0]LogHMD: Failed to initialize OpenVR with code 110
[2016.09.24-10.35.54:497][  0]LogAIModule: Creating AISystem for world Untitled
[2016.09.24-10.35.54:504][  0]LogInit: XAudio2 using 'Speakers (High Definition Audio Device)' : 2 channels at 44.1 kHz using 16 bits per sample (channel mask 0x3)
[2016.09.24-10.35.54:512][  0]LogInit: FAudioDevice initialized.
[2016.09.24-10.35.54:536][  0]LogDerivedDataCache: Saved boot cache 0.02s 62MB C:/Users/Elliot Anderson/AppData/Local/UnrealEngine/4.13/DerivedDataCache/Boot.ddc.
[2016.09.24-10.35.54:540][  0]LogInit: Texture streaming: Enabled
[2016.09.24-10.35.54:659][  0]LogInit: Transaction tracking system initialized
[2016.09.24-10.35.54:706][  0]BlueprintLog: New page: Editor Load
[2016.09.24-10.35.54:758][  0]LocalizationService: Info Localization service is disabled
[2016.09.24-10.35.54:810][  0]LogConsoleResponse:Display: 
[2016.09.24-10.35.55:053][  0]LogCook:Display: Max memory allowance for cook 16384mb min free memory 0mb
[2016.09.24-10.35.55:053][  0]LogCook:Display: Mobile HDR setting 1
[2016.09.24-10.35.55:147][  0]LogFileCache: Scanning file cache for directory 'C:/Users/Elliot Anderson/Documents/GitHub/monsterproj/Islands/Content/' took 0.01s
[2016.09.24-10.35.55:147][  0]SourceControl: Info Source control is disabled
[2016.09.24-10.35.55:148][  0]Cmd: MAP LOAD FILE="../../../../../../Users/Elliot Anderson/Documents/GitHub/monsterproj/Islands/Content/StarterContent/Maps/Minimal_Default.umap" TEMPLATE=0 SHOWPROGRESS=1 FEATURELEVEL=3
[2016.09.24-10.35.55:228][  0]LightingResults: New page: Lighting Build
[2016.09.24-10.35.55:232][  0]MapCheck: New page: Map Check
[2016.09.24-10.35.55:232][  0]LightingResults: New page: Lighting Build
[2016.09.24-10.35.57:684][  0]LogAIModule: Creating AISystem for world Minimal_Default
[2016.09.24-10.35.57:767][  0]LogEditorServer: Finished looking for orphan Actors (0.000 secs)
[2016.09.24-10.35.57:787][  0]Cmd: MAP CHECKDEP NOCLEARLOG
[2016.09.24-10.35.57:847][  0]MapCheck: Info Map check complete: 0 Error(s), 0 Warning(s), took 59.746ms to complete.
[2016.09.24-10.35.57:847][  0]LogFileHelpers: Loading map 'Minimal_Default' took 2.700
[2016.09.24-10.35.58:337][  0]LogCollectionManager: Loaded 0 collections in 0.001801 seconds
[2016.09.24-10.35.58:451][  0]LogFileCache: Scanning file cache for directory 'C:/Users/Elliot Anderson/Documents/GitHub/monsterproj/Islands/Saved/Collections/' took 0.01s
[2016.09.24-10.35.58:451][  0]LogFileCache: Scanning file cache for directory 'C:/Users/Elliot Anderson/Documents/GitHub/monsterproj/Islands/Content/Developers/ElliotAnderson/Collections/' took 0.01s
[2016.09.24-10.35.58:451][  0]LogFileCache: Scanning file cache for directory 'C:/Users/Elliot Anderson/Documents/GitHub/monsterproj/Islands/Content/Collections/' took 0.01s
[2016.09.24-10.35.58:451][  0]LogCollectionManager: Rebuilt the GUID cache for 0 collections in 0.000003 seconds
[2016.09.24-10.35.58:462][  0]LogContentBrowser: Native class hierarchy populated in 0.0091 seconds. Added 2141 classes and 415 folders.
[2016.09.24-10.35.58:481][  0]LogStats: UGameplayTagsManager::ConstructGameplayTagTree: Construct from data asset -  0.000 s
[2016.09.24-10.35.58:481][  0]LogStats: UGameplayTagsManager::ConstructGameplayTagTree: GameplayTagTreeChangedEvent.Broadcast -  0.000 s
[2016.09.24-10.35.58:482][  0]LogContentBrowser: Native class hierarchy updated for 'GameplayTags' in 0.0004 seconds. Added 12 classes and 0 folders.
[2016.09.24-10.35.58:511][  0]LogContentBrowser: Native class hierarchy updated for 'WidgetCarousel' in 0.0007 seconds. Added 0 classes and 0 folders.
[2016.09.24-10.35.59:590][  0]LogContentBrowser: Native class hierarchy updated for 'AddContentDialog' in 0.0016 seconds. Added 0 classes and 0 folders.
[2016.09.24-10.35.59:643][  0]LogContentBrowser: Native class hierarchy updated for 'SceneOutliner' in 0.0015 seconds. Added 1 classes and 2 folders.
[2016.09.24-10.35.59:944][  0]LogCrashTracker: Crashtracker disabled due to settings.
[2016.09.24-10.36.00:032][  0]LogUObjectGlobals:Warning: Failed to find object 'Class None.'
[2016.09.24-10.36.00:067][  0]LogContentBrowser: Native class hierarchy updated for 'HierarchicalLODOutliner' in 0.0004 seconds. Added 1 classes and 2 folders.
[2016.09.24-10.36.00:068][  0]LogLoad: (Engine Initialization) Total time: 9.98 seconds
[2016.09.24-10.36.00:068][  0]LogLoad: (Engine Initialization) Total Blueprint compile time: 0.03 seconds
[2016.09.24-10.36.00:068][  0]LogExternalProfiler: Found external profiler: VSPerf
[2016.09.24-10.36.00:068][  0]LogExternalProfiler: Using external profiler: VSPerf
[2016.09.24-10.36.00:077][  0]LogWindowsTextInputMethodSystem:Display: IME system now deactivated.
[2016.09.24-10.36.00:077][  0]LogOcInput: OculusInput pre-init called
[2016.09.24-10.36.00:126][  0]LogContentStreaming: Texture pool size now 1000 MB
[2016.09.24-10.36.00:818][  0]LogRenderer: Reallocating scene render targets to support 1208x576 (Frame:2).
[2016.09.24-10.36.00:892][  1]LogAssetRegistry: Asset discovery search completed in 7.6005 seconds
[2016.09.24-10.36.00:892][  1]LogCollectionManager: Rebuilt the object cache for 0 collections in 0.000000 seconds (found 0 objects)
[2016.09.24-10.36.00:892][  1]LogCollectionManager: Fixed up redirectors for 0 collections in 0.000014 seconds (updated 0 objects)
[2016.09.24-10.36.23:712][160]LogEditorActor: Deleted Actor: StaticMeshActor
[2016.09.24-10.36.23:824][160]LogEditorActor: Deleted 1 Actors (0.118 secs)
[2016.09.24-10.36.39:244][378]LogMaterial: Missing cached shader map for material Material, compiling. 
[2016.09.24-10.36.39:269][378]LogMaterial:Warning: Failed to compile Material /Game/Material.Material for platform PCD3D_SM5, Default Material will be used in game.
[2016.09.24-10.36.39:269][378]LogMaterial:Warning: 	(Node TextureSample) TextureSample> Missing input texture
[2016.09.24-10.36.39:281][378]LogMaterial: Missing cached shader map for material Material_005, compiling. 
[2016.09.24-10.36.39:281][378]LogMaterial:Warning: Failed to compile Material /Game/Material_005.Material_005 for platform PCD3D_SM5, Default Material will be used in game.
[2016.09.24-10.36.39:281][378]LogMaterial:Warning: 	(Node TextureSample) TextureSample> Missing input texture
[2016.09.24-10.36.44:932][487]LogFactory: FactoryCreateFile: StaticMesh with FbxFactory (0 0 C:\Users\Elliot Anderson\Documents\GitHub\monsterproj\town.fbx)
[2016.09.24-10.36.45:028][487]LogFbx: ItemName: GlobalSettings, ItemCount : 1
[2016.09.24-10.36.45:028][487]LogFbx: ItemName: NodeAttribute, ItemCount : 2
[2016.09.24-10.36.45:028][487]LogFbx: ItemName: Geometry, ItemCount : 5
[2016.09.24-10.36.45:028][487]LogFbx: ItemName: Model, ItemCount : 7
[2016.09.24-10.36.45:028][487]LogFbx: ItemName: Material, ItemCount : 6
[2016.09.24-10.36.45:028][487]LogFbx: ItemName: Texture, ItemCount : 2
[2016.09.24-10.36.45:028][487]LogFbx: ItemName: Video, ItemCount : 2
[2016.09.24-10.36.45:056][487]LogFbx: Loading FBX Scene from C:\Users\Elliot Anderson\Documents\GitHub\monsterproj\town.fbx
[2016.09.24-10.36.45:088][487]LogFbx: FBX Scene Loaded Succesfully
[2016.09.24-10.36.48:131][487]LogFbx: Loading FBX Scene from C:\Users\Elliot Anderson\Documents\GitHub\monsterproj\town.fbx
[2016.09.24-10.36.48:138][487]LogFbx: FBX Scene Loaded Succesfully
[2016.09.24-10.36.48:160][487]LogLinker:Warning: Can't find file '/Game/Material_002'
[2016.09.24-10.36.48:160][487]LogLinker:Warning: Can't find file '/Game/Material_002'
[2016.09.24-10.36.48:218][487]LogMaterial: Missing cached shader map for material Material_002, compiling. 
[2016.09.24-10.36.48:350][487]LogFbx:Warning: Triangulating static mesh Cube.003
[2016.09.24-10.36.48:364][487]LogFbx:Warning: Triangulating static mesh Cube.001
[2016.09.24-10.36.48:378][487]LogFbx:Warning: Triangulating static mesh Cube.002
[2016.09.24-10.36.48:381][487]LogLinker:Warning: Can't find file '/Game/Material_001'
[2016.09.24-10.36.48:381][487]LogLinker:Warning: Can't find file '/Game/Material_001'
[2016.09.24-10.36.48:384][487]LogMaterial: Missing cached shader map for material Material_001, compiling. 
[2016.09.24-10.36.48:394][487]LogFbx:Warning: Triangulating static mesh Plane
[2016.09.24-10.36.48:403][487]LogLinker:Warning: Can't find file '/Game/Material'
[2016.09.24-10.36.48:403][487]LogLinker:Warning: Can't find file '/Game/Material'
[2016.09.24-10.36.48:403][487]LogLinker:Warning: Can't find file '/Game/grassfull'
[2016.09.24-10.36.48:403][487]LogLinker:Warning: Can't find file '/Game/grassfull'
[2016.09.24-10.36.48:403][487]LogUObjectGlobals:Warning: Failed to find object 'Texture /Game/grassfull.grassfull'
[2016.09.24-10.36.48:632][487]LogTexture:Display: Building textures: grassfull (AutoDXT)
[2016.09.24-10.36.50:271][487]LogMaterial: Missing cached shader map for material Material, compiling. 
[2016.09.24-10.36.50:285][487]LogLinker:Warning: Can't find file '/Game/Material_003'
[2016.09.24-10.36.50:286][487]LogLinker:Warning: Can't find file '/Game/Material_003'
[2016.09.24-10.36.50:299][487]LogMaterial: Missing cached shader map for material Material_003, compiling. 
[2016.09.24-10.36.50:310][487]LogLinker:Warning: Can't find file '/Game/Material_004'
[2016.09.24-10.36.50:311][487]LogLinker:Warning: Can't find file '/Game/Material_004'
[2016.09.24-10.36.50:313][487]LogMaterial: Missing cached shader map for material Material_004, compiling. 
[2016.09.24-10.36.50:327][487]LogLinker:Warning: Can't find file '/Game/Material_005'
[2016.09.24-10.36.50:327][487]LogLinker:Warning: Can't find file '/Game/Material_005'
[2016.09.24-10.36.50:328][487]LogLinker:Warning: Can't find file '/Game/island_grass_path_inv'
[2016.09.24-10.36.50:328][487]LogLinker:Warning: Can't find file '/Game/island_grass_path_inv'
[2016.09.24-10.36.50:328][487]LogUObjectGlobals:Warning: Failed to find object 'Texture /Game/island_grass_path_inv.island_grass_path_inv'
[2016.09.24-10.36.50:490][487]LogTexture:Display: Building textures: island_grass_path_inv (AutoDXT)
[2016.09.24-10.36.50:938][487]LogMaterial: Missing cached shader map for material Material_005, compiling. 
[2016.09.24-10.36.50:952][487]LogFbx:Warning: Triangulating static mesh Cube
[2016.09.24-10.36.50:990][487]LogStaticMesh: Building static mesh town...
[2016.09.24-10.36.51:043][487]LogStaticMesh: Built static mesh [0.05s] /Game/town.town
[2016.09.24-10.36.51:043][487]LogStaticMesh:Warning: town has degenerate tangent bases which will result in incorrect shading.  MikkTSpace relies on tangent bases and may result in mesh corruption, consider disabling this option.
[2016.09.24-10.36.51:050][487]FBXImport:Warning: Warning Warning: No smoothing group information was found in this FBX scene.  Please make sure to enable the 'Export Smoothing Groups' option in the FBX Exporter plug-in before exporting the file.  Even for tools that don't support smoothing groups, the FBX Exporter will generate appropriate smoothing data at export-time so that correct vertex normals can be inferred while importing. 
[2016.09.24-10.36.51:050][487]FBXImport:Warning: Warning town has degenerate tangent bases which will result in incorrect shading.  MikkTSpace relies on tangent bases and may result in mesh corruption, consider disabling this option. 
[2016.09.24-10.36.55:514][963]LogActorFactory: Actor Factory created town
[2016.09.24-10.36.56:117][ 29]LogActorFactory: Actor Factory created town
[2016.09.24-10.38.02:595][482]LogMaterial: Missing cached shader map for material Material, compiling. 
[2016.09.24-10.38.02:848][482]LogMaterial: Missing cached shader map for material Material, compiling. 
[2016.09.24-10.38.02:855][482]LogMaterial: 0.00 seconds spent updating 1 materials, 1 interfaces, 0 instances, 0 with static permutations.
[2016.09.24-10.38.02:883][482]LogMaterial: Missing cached shader map for material FMatExpressionPreview MaterialExpressionTextureSample_0, compiling. 
[2016.09.24-10.38.03:501][505]MaterialEditorStats: Info Base pass shader with only dynamic lighting: 23 instructions
[2016.09.24-10.38.03:501][505]MaterialEditorStats: Info Vertex shader: 31 instructions
[2016.09.24-10.38.03:501][505]MaterialEditorStats: Info Texture samplers: 1/16
[2016.09.24-10.38.46:042][535]LogMaterial: Missing cached shader map for material Material, compiling. 
[2016.09.24-10.38.46:127][535]LogMaterial: Missing cached shader map for material Material, compiling. 
[2016.09.24-10.38.46:129][535]LogMaterial: 0.00 seconds spent updating 1 materials, 1 interfaces, 0 instances, 0 with static permutations.
[2016.09.24-10.38.46:392][562]MaterialEditorStats: Info Base pass shader without light map: 8 instructions
[2016.09.24-10.38.46:392][562]MaterialEditorStats: Info Vertex shader: 29 instructions
[2016.09.24-10.38.46:392][562]MaterialEditorStats: Info Texture samplers: 0/16
[2016.09.24-10.38.48:376][796]LogMaterial: Missing cached shader map for material Material, compiling. 
[2016.09.24-10.38.48:389][796]LogMaterial: Missing cached shader map for material Material, compiling. 
[2016.09.24-10.38.48:396][796]LogMaterial: 0.00 seconds spent updating 1 materials, 1 interfaces, 0 instances, 0 with static permutations.
[2016.09.24-10.38.48:990][854]MaterialEditorStats: Info Base pass shader with only dynamic lighting: 25 instructions
[2016.09.24-10.38.48:990][854]MaterialEditorStats: Info Vertex shader: 31 instructions
[2016.09.24-10.38.48:990][854]MaterialEditorStats: Info Texture samplers: 1/16
[2016.09.24-10.38.51:120][104]LogMaterial: Missing cached shader map for material Material, compiling. 
[2016.09.24-10.38.51:133][104]LogMaterial: Missing cached shader map for material Material, compiling. 
[2016.09.24-10.38.51:139][104]LogMaterial: 0.00 seconds spent updating 1 materials, 1 interfaces, 0 instances, 0 with static permutations.
[2016.09.24-10.38.51:626][152]MaterialEditorStats: Info Base pass shader with only dynamic lighting: 37 instructions
[2016.09.24-10.38.51:626][152]MaterialEditorStats: Info Vertex shader: 31 instructions
[2016.09.24-10.38.51:626][152]MaterialEditorStats: Info Texture samplers: 1/16
[2016.09.24-10.38.53:419][361]LogMaterial: Missing cached shader map for material Material, compiling. 
[2016.09.24-10.38.53:434][361]LogMaterial: Missing cached shader map for material Material, compiling. 
[2016.09.24-10.38.53:441][361]LogMaterial: 0.00 seconds spent updating 1 materials, 1 interfaces, 0 instances, 0 with static permutations.
[2016.09.24-10.38.54:110][425]MaterialEditorStats: Info Base pass shader with only dynamic lighting: 32 instructions
[2016.09.24-10.38.54:110][425]MaterialEditorStats: Info Vertex shader: 31 instructions
[2016.09.24-10.38.54:110][425]MaterialEditorStats: Info Texture samplers: 1/16
[2016.09.24-10.38.55:938][642]LogMaterial: Missing cached shader map for material Material, compiling. 
[2016.09.24-10.38.55:951][642]LogMaterial: Missing cached shader map for material Material, compiling. 
[2016.09.24-10.38.55:958][642]LogMaterial: 0.00 seconds spent updating 1 materials, 1 interfaces, 0 instances, 0 with static permutations.
[2016.09.24-10.38.56:539][696]MaterialEditorStats: Info Base pass shader with only dynamic lighting: 23 instructions
[2016.09.24-10.38.56:539][696]MaterialEditorStats: Info Vertex shader: 31 instructions
[2016.09.24-10.38.56:539][696]MaterialEditorStats: Info Texture samplers: 1/16
[2016.09.24-10.38.58:214][892]LogMaterial: Missing cached shader map for material Material, compiling. 
[2016.09.24-10.38.58:252][892]LogMaterial: Missing cached shader map for material Material, compiling. 
[2016.09.24-10.38.58:259][892]LogMaterial: 0.00 seconds spent updating 1 materials, 1 interfaces, 0 instances, 0 with static permutations.
[2016.09.24-10.38.58:729][937]MaterialEditorStats: Info Base pass shader with only dynamic lighting: 25 instructions
[2016.09.24-10.38.58:729][937]MaterialEditorStats: Info Vertex shader: 31 instructions
[2016.09.24-10.38.58:729][937]MaterialEditorStats: Info Texture samplers: 1/16
[2016.09.24-10.39.00:167][108]LogMaterial: Missing cached shader map for material Material, compiling. 
[2016.09.24-10.39.00:180][108]LogMaterial: Missing cached shader map for material Material, compiling. 
[2016.09.24-10.39.00:187][108]LogMaterial: 0.00 seconds spent updating 1 materials, 1 interfaces, 0 instances, 0 with static permutations.
[2016.09.24-10.39.00:779][165]MaterialEditorStats: Info Base pass shader with only dynamic lighting: 24 instructions
[2016.09.24-10.39.00:779][165]MaterialEditorStats: Info Vertex shader: 31 instructions
[2016.09.24-10.39.00:779][165]MaterialEditorStats: Info Texture samplers: 1/16
[2016.09.24-10.39.01:961][296]LogMaterial: Missing cached shader map for material Material, compiling. 
[2016.09.24-10.39.02:012][296]LogMaterial: Missing cached shader map for material Material, compiling. 
[2016.09.24-10.39.02:025][296]LogMaterial: 0.00 seconds spent updating 1 materials, 1 interfaces, 0 instances, 0 with static permutations.
[2016.09.24-10.39.02:623][354]MaterialEditorStats: Info Base pass shader with only dynamic lighting: 37 instructions
[2016.09.24-10.39.02:623][354]MaterialEditorStats: Info Vertex shader: 31 instructions
[2016.09.24-10.39.02:623][354]MaterialEditorStats: Info Texture samplers: 1/16
[2016.09.24-10.39.03:986][517]LogMaterial: Missing cached shader map for material Material, compiling. 
[2016.09.24-10.39.03:999][517]LogMaterial: Missing cached shader map for material Material, compiling. 
[2016.09.24-10.39.04:006][517]LogMaterial: 0.00 seconds spent updating 1 materials, 1 interfaces, 0 instances, 0 with static permutations.
[2016.09.24-10.39.04:588][573]MaterialEditorStats: Info Base pass shader with only dynamic lighting: 25 instructions
[2016.09.24-10.39.04:588][573]MaterialEditorStats: Info Vertex shader: 31 instructions
[2016.09.24-10.39.04:588][573]MaterialEditorStats: Info Texture samplers: 1/16
[2016.09.24-10.39.05:912][729]LogMaterial: Missing cached shader map for material Material, compiling. 
[2016.09.24-10.39.05:925][729]LogMaterial: Missing cached shader map for material Material, compiling. 
[2016.09.24-10.39.05:932][729]LogMaterial: 0.00 seconds spent updating 1 materials, 1 interfaces, 0 instances, 0 with static permutations.
[2016.09.24-10.39.06:414][776]MaterialEditorStats: Info Base pass shader with only dynamic lighting: 25 instructions
[2016.09.24-10.39.06:414][776]MaterialEditorStats: Info Vertex shader: 31 instructions
[2016.09.24-10.39.06:414][776]MaterialEditorStats: Info Texture samplers: 1/16
[2016.09.24-10.39.07:485][901]LogMaterial: Missing cached shader map for material Material, compiling. 
[2016.09.24-10.39.07:498][901]LogMaterial: Missing cached shader map for material Material, compiling. 
[2016.09.24-10.39.07:505][901]LogMaterial: 0.00 seconds spent updating 1 materials, 1 interfaces, 0 instances, 0 with static permutations.
[2016.09.24-10.39.07:974][947]MaterialEditorStats: Info Base pass shader with only dynamic lighting: 23 instructions
[2016.09.24-10.39.07:974][947]MaterialEditorStats: Info Vertex shader: 31 instructions
[2016.09.24-10.39.07:975][947]MaterialEditorStats: Info Texture samplers: 1/16
[2016.09.24-10.39.22:469][537]LogBlueprintUserMessages: Early PlayInEditor Detection: Level '/Game/StarterContent/Maps/Minimal_Default.Minimal_Default:PersistentLevel' has LevelScriptBlueprint '/Game/StarterContent/Maps/Minimal_Default.Minimal_Default:PersistentLevel.Minimal_Default' with GeneratedClass '/Game/StarterContent/Maps/Minimal_Default.Minimal_Default_C' with ClassGeneratedBy '/Game/StarterContent/Maps/Minimal_Default.Minimal_Default:PersistentLevel.Minimal_Default'
[2016.09.24-10.39.22:476][537]LogPlayLevel: PlayLevel: No blueprints needed recompiling
[2016.09.24-10.39.22:483][537]PIE: New page: PIE session: Minimal_Default (24 Sep 2016 11:39:22)
[2016.09.24-10.39.22:483][537]LogPlayLevel: Creating play world package: /Game/StarterContent/Maps/UEDPIE_0_Minimal_Default
[2016.09.24-10.39.22:536][537]LogPlayLevel: PIE: StaticDuplicateObject took: (0.053044s)
[2016.09.24-10.39.22:537][537]LogAIModule: Creating AISystem for world Minimal_Default
[2016.09.24-10.39.22:538][537]LogPlayLevel: PIE: World Init took: (0.002011s)
[2016.09.24-10.39.22:538][537]LogPlayLevel: PIE: Created PIE world by copying editor world from /Game/StarterContent/Maps/Minimal_Default.Minimal_Default to /Game/StarterContent/Maps/UEDPIE_0_Minimal_Default.Minimal_Default (0.055503s)
[2016.09.24-10.39.22:584][537]LogInit: XAudio2 using 'Speakers (High Definition Audio Device)' : 2 channels at 44.1 kHz using 16 bits per sample (channel mask 0x3)
[2016.09.24-10.39.22:603][537]LogInit: FAudioDevice initialized.
[2016.09.24-10.39.22:717][537]LogWorld: Game class is 'GameMode'
[2016.09.24-10.39.22:757][537]LogWorld: Bringing World /Game/StarterContent/Maps/UEDPIE_0_Minimal_Default.Minimal_Default up for play (max tick rate 0) at 2016.09.24-11.39.22
[2016.09.24-10.39.22:782][537]LogWorld: Bringing up level for play took: 0.022449
[2016.09.24-10.39.22:920][537]LogContentBrowser: Native class hierarchy updated for 'MovieSceneCapture' in 0.0018 seconds. Added 11 classes and 0 folders.
[2016.09.24-10.39.22:921][537]LogGameMode:Display: Match State Changed from EnteringMap to WaitingToStart
[2016.09.24-10.39.22:921][537]LogGameState: Match State Changed from EnteringMap to WaitingToStart
[2016.09.24-10.39.22:921][537]LogGameMode:Display: Match State Changed from WaitingToStart to InProgress
[2016.09.24-10.39.22:937][537]LogGameState: Match State Changed from WaitingToStart to InProgress
[2016.09.24-10.39.22:937][537]PIE: Info Play in editor start time for /Game/StarterContent/Maps/UEDPIE_0_Minimal_Default 0.673
[2016.09.24-10.39.22:937][537]LogBlueprintUserMessages: Late PlayInEditor Detection: Level '/Game/StarterContent/Maps/Minimal_Default.Minimal_Default:PersistentLevel' has LevelScriptBlueprint '/Game/StarterContent/Maps/Minimal_Default.Minimal_Default:PersistentLevel.Minimal_Default' with GeneratedClass '/Game/StarterContent/Maps/Minimal_Default.Minimal_Default_C' with ClassGeneratedBy '/Game/StarterContent/Maps/Minimal_Default.Minimal_Default:PersistentLevel.Minimal_Default'
[2016.09.24-10.41.19:714][515]LogBlueprintUserMessages: Early EndPlayMap Detection: Level '/Game/StarterContent/Maps/Minimal_Default.Minimal_Default:PersistentLevel' has LevelScriptBlueprint '/Game/StarterContent/Maps/Minimal_Default.Minimal_Default:PersistentLevel.Minimal_Default' with GeneratedClass '/Game/StarterContent/Maps/Minimal_Default.Minimal_Default_C' with ClassGeneratedBy '/Game/StarterContent/Maps/Minimal_Default.Minimal_Default:PersistentLevel.Minimal_Default'
[2016.09.24-10.41.19:830][515]LogBlueprintUserMessages: Late EndPlayMap Detection: Level '/Game/StarterContent/Maps/Minimal_Default.Minimal_Default:PersistentLevel' has LevelScriptBlueprint '/Game/StarterContent/Maps/Minimal_Default.Minimal_Default:PersistentLevel.Minimal_Default' with GeneratedClass '/Game/StarterContent/Maps/Minimal_Default.Minimal_Default_C' with ClassGeneratedBy '/Game/StarterContent/Maps/Minimal_Default.Minimal_Default:PersistentLevel.Minimal_Default'
[2016.09.24-10.41.32:750][ 51]LogActorFactory: Actor Factory created Cube
[2016.09.24-10.41.33:820][176]LogActorFactory: Actor Factory created Cube
[2016.09.24-10.41.52:793][344]LogEditorViewport: Clicking on Actor (LMB): StaticMeshActor (Cube)
[2016.09.24-10.42.27:045][396]LogEditorViewport: Clicking on Actor (LMB): BP_Sky_Sphere_C (BP_Sky_Sphere)
[2016.09.24-10.42.31:067][865]LogBlueprintUserMessages: Early PlayInEditor Detection: Level '/Game/StarterContent/Maps/Minimal_Default.Minimal_Default:PersistentLevel' has LevelScriptBlueprint '/Game/StarterContent/Maps/Minimal_Default.Minimal_Default:PersistentLevel.Minimal_Default' with GeneratedClass '/Game/StarterContent/Maps/Minimal_Default.Minimal_Default_C' with ClassGeneratedBy '/Game/StarterContent/Maps/Minimal_Default.Minimal_Default:PersistentLevel.Minimal_Default'
[2016.09.24-10.42.31:067][865]LogPlayLevel: PlayLevel: No blueprints needed recompiling
[2016.09.24-10.42.31:067][865]PIE: New page: PIE session: Minimal_Default (24 Sep 2016 11:42:31)
[2016.09.24-10.42.31:067][865]LogPlayLevel: Creating play world package: /Game/StarterContent/Maps/UEDPIE_0_Minimal_Default
[2016.09.24-10.42.31:072][865]LogPlayLevel: PIE: StaticDuplicateObject took: (0.004848s)
[2016.09.24-10.42.31:072][865]LogAIModule: Creating AISystem for world Minimal_Default
[2016.09.24-10.42.31:073][865]LogPlayLevel: PIE: World Init took: (0.000743s)
[2016.09.24-10.42.31:073][865]LogPlayLevel: PIE: Created PIE world by copying editor world from /Game/StarterContent/Maps/Minimal_Default.Minimal_Default to /Game/StarterContent/Maps/UEDPIE_0_Minimal_Default.Minimal_Default (0.005745s)
[2016.09.24-10.42.31:084][865]LogInit: XAudio2 using 'Speakers (High Definition Audio Device)' : 2 channels at 44.1 kHz using 16 bits per sample (channel mask 0x3)
[2016.09.24-10.42.31:089][865]LogInit: FAudioDevice initialized.
[2016.09.24-10.42.31:116][865]LogWorld: Game class is 'GameMode'
[2016.09.24-10.42.31:119][865]LogWorld: Bringing World /Game/StarterContent/Maps/UEDPIE_0_Minimal_Default.Minimal_Default up for play (max tick rate 0) at 2016.09.24-11.42.31
[2016.09.24-10.42.31:119][865]LogWorld: Bringing up level for play took: 0.001891
[2016.09.24-10.42.31:120][865]LogGameMode:Display: Match State Changed from EnteringMap to WaitingToStart
[2016.09.24-10.42.31:120][865]LogGameState: Match State Changed from EnteringMap to WaitingToStart
[2016.09.24-10.42.31:120][865]LogGameMode:Display: Match State Changed from WaitingToStart to InProgress
[2016.09.24-10.42.31:120][865]LogGameState: Match State Changed from WaitingToStart to InProgress
[2016.09.24-10.42.31:120][865]PIE: Info Play in editor start time for /Game/StarterContent/Maps/UEDPIE_0_Minimal_Default 0.856
[2016.09.24-10.42.31:120][865]LogBlueprintUserMessages: Late PlayInEditor Detection: Level '/Game/StarterContent/Maps/Minimal_Default.Minimal_Default:PersistentLevel' has LevelScriptBlueprint '/Game/StarterContent/Maps/Minimal_Default.Minimal_Default:PersistentLevel.Minimal_Default' with GeneratedClass '/Game/StarterContent/Maps/Minimal_Default.Minimal_Default_C' with ClassGeneratedBy '/Game/StarterContent/Maps/Minimal_Default.Minimal_Default:PersistentLevel.Minimal_Default'
[2016.09.24-10.43.20:642][802]LogBlueprintUserMessages: Early EndPlayMap Detection: Level '/Game/StarterContent/Maps/Minimal_Default.Minimal_Default:PersistentLevel' has LevelScriptBlueprint '/Game/StarterContent/Maps/Minimal_Default.Minimal_Default:PersistentLevel.Minimal_Default' with GeneratedClass '/Game/StarterContent/Maps/Minimal_Default.Minimal_Default_C' with ClassGeneratedBy '/Game/StarterContent/Maps/Minimal_Default.Minimal_Default:PersistentLevel.Minimal_Default'
[2016.09.24-10.43.20:676][802]LogBlueprintUserMessages: Late EndPlayMap Detection: Level '/Game/StarterContent/Maps/Minimal_Default.Minimal_Default:PersistentLevel' has LevelScriptBlueprint '/Game/StarterContent/Maps/Minimal_Default.Minimal_Default:PersistentLevel.Minimal_Default' with GeneratedClass '/Game/StarterContent/Maps/Minimal_Default.Minimal_Default_C' with ClassGeneratedBy '/Game/StarterContent/Maps/Minimal_Default.Minimal_Default:PersistentLevel.Minimal_Default'
[2016.09.24-10.43.29:551][858]LogBlueprintUserMessages: Early PlayInEditor Detection: Level '/Game/StarterContent/Maps/Minimal_Default.Minimal_Default:PersistentLevel' has LevelScriptBlueprint '/Game/StarterContent/Maps/Minimal_Default.Minimal_Default:PersistentLevel.Minimal_Default' with GeneratedClass '/Game/StarterContent/Maps/Minimal_Default.Minimal_Default_C' with ClassGeneratedBy '/Game/StarterContent/Maps/Minimal_Default.Minimal_Default:PersistentLevel.Minimal_Default'
[2016.09.24-10.43.29:551][858]LogPlayLevel: PlayLevel: No blueprints needed recompiling
[2016.09.24-10.43.29:551][858]PIE: New page: PIE session: Minimal_Default (24 Sep 2016 11:43:29)
[2016.09.24-10.43.29:551][858]LogPlayLevel: Creating play world package: /Game/StarterContent/Maps/UEDPIE_0_Minimal_Default
[2016.09.24-10.43.29:556][858]LogPlayLevel: PIE: StaticDuplicateObject took: (0.004726s)
[2016.09.24-10.43.29:556][858]LogAIModule: Creating AISystem for world Minimal_Default
[2016.09.24-10.43.29:557][858]LogPlayLevel: PIE: World Init took: (0.000668s)
[2016.09.24-10.43.29:557][858]LogPlayLevel: PIE: Created PIE world by copying editor world from /Game/StarterContent/Maps/Minimal_Default.Minimal_Default to /Game/StarterContent/Maps/UEDPIE_0_Minimal_Default.Minimal_Default (0.005571s)
[2016.09.24-10.43.29:569][858]LogInit: XAudio2 using 'Speakers (High Definition Audio Device)' : 2 channels at 44.1 kHz using 16 bits per sample (channel mask 0x3)
[2016.09.24-10.43.29:574][858]LogInit: FAudioDevice initialized.
[2016.09.24-10.43.29:605][858]LogWorld: Game class is 'GameMode'
[2016.09.24-10.43.29:608][858]LogWorld: Bringing World /Game/StarterContent/Maps/UEDPIE_0_Minimal_Default.Minimal_Default up for play (max tick rate 0) at 2016.09.24-11.43.29
[2016.09.24-10.43.29:608][858]LogWorld: Bringing up level for play took: 0.001905
[2016.09.24-10.43.29:609][858]LogGameMode:Display: Match State Changed from EnteringMap to WaitingToStart
[2016.09.24-10.43.29:609][858]LogGameState: Match State Changed from EnteringMap to WaitingToStart
[2016.09.24-10.43.29:609][858]LogGameMode:Display: Match State Changed from WaitingToStart to InProgress
[2016.09.24-10.43.29:609][858]LogGameState: Match State Changed from WaitingToStart to InProgress
[2016.09.24-10.43.29:609][858]PIE: Info Play in editor start time for /Game/StarterContent/Maps/UEDPIE_0_Minimal_Default -0.655
[2016.09.24-10.43.29:609][858]LogBlueprintUserMessages: Late PlayInEditor Detection: Level '/Game/StarterContent/Maps/Minimal_Default.Minimal_Default:PersistentLevel' has LevelScriptBlueprint '/Game/StarterContent/Maps/Minimal_Default.Minimal_Default:PersistentLevel.Minimal_Default' with GeneratedClass '/Game/StarterContent/Maps/Minimal_Default.Minimal_Default_C' with ClassGeneratedBy '/Game/StarterContent/Maps/Minimal_Default.Minimal_Default:PersistentLevel.Minimal_Default'
[2016.09.24-10.45.15:133][515]LogBlueprintUserMessages: Early EndPlayMap Detection: Level '/Game/StarterContent/Maps/Minimal_Default.Minimal_Default:PersistentLevel' has LevelScriptBlueprint '/Game/StarterContent/Maps/Minimal_Default.Minimal_Default:PersistentLevel.Minimal_Default' with GeneratedClass '/Game/StarterContent/Maps/Minimal_Default.Minimal_Default_C' with ClassGeneratedBy '/Game/StarterContent/Maps/Minimal_Default.Minimal_Default:PersistentLevel.Minimal_Default'
[2016.09.24-10.45.15:166][515]LogBlueprintUserMessages: Late EndPlayMap Detection: Level '/Game/StarterContent/Maps/Minimal_Default.Minimal_Default:PersistentLevel' has LevelScriptBlueprint '/Game/StarterContent/Maps/Minimal_Default.Minimal_Default:PersistentLevel.Minimal_Default' with GeneratedClass '/Game/StarterContent/Maps/Minimal_Default.Minimal_Default_C' with ClassGeneratedBy '/Game/StarterContent/Maps/Minimal_Default.Minimal_Default:PersistentLevel.Minimal_Default'
[2016.09.24-10.45.17:998][826]LogSavePackage: Save=115.70ms
[2016.09.24-10.45.17:998][826]LogSavePackage: Moving '../../../../../../Users/Elliot Anderson/Documents/GitHub/monsterproj/Islands/Saved/Minimal_Default27F9C4D64D9C3FE951BFEC84CE92979A.tmp' to '../../../../../../Users/Elliot Anderson/Documents/GitHub/monsterproj/Islands/Content/StarterContent/Maps/Minimal_Default.umap'
[2016.09.24-10.45.18:000][826]LogSavePackage:Display: Finished SavePackage ../../../../../../Users/Elliot Anderson/Documents/GitHub/monsterproj/Islands/Content/StarterContent/Maps/Minimal_Default.umap
[2016.09.24-10.45.21:298][988]Cmd: OBJ SAVEPACKAGE PACKAGE="/Game/grassfull" FILE="../../../../../../Users/Elliot Anderson/Documents/GitHub/monsterproj/Islands/Content/grassfull.uasset" SILENT=true
[2016.09.24-10.45.21:790][988]LogSavePackage: Save=491.29ms
[2016.09.24-10.45.21:790][988]LogSavePackage: Moving '../../../../../../Users/Elliot Anderson/Documents/GitHub/monsterproj/Islands/Saved/grassfullF46431564B1CFF35E0C4459BCADE3823.tmp' to '../../../../../../Users/Elliot Anderson/Documents/GitHub/monsterproj/Islands/Content/grassfull.uasset'
[2016.09.24-10.45.21:792][988]LogSavePackage:Display: Finished SavePackage ../../../../../../Users/Elliot Anderson/Documents/GitHub/monsterproj/Islands/Content/grassfull.uasset
[2016.09.24-10.45.21:800][988]Cmd: OBJ SAVEPACKAGE PACKAGE="/Game/island_grass_path_inv" FILE="../../../../../../Users/Elliot Anderson/Documents/GitHub/monsterproj/Islands/Content/island_grass_path_inv.uasset" SILENT=true
[2016.09.24-10.45.21:931][988]LogSavePackage: Save=129.21ms
[2016.09.24-10.45.21:931][988]LogSavePackage: Moving '../../../../../../Users/Elliot Anderson/Documents/GitHub/monsterproj/Islands/Saved/island_grass_path_invE0C69F0449A2BCE31A6A8CA73F56558F.tmp' to '../../../../../../Users/Elliot Anderson/Documents/GitHub/monsterproj/Islands/Content/island_grass_path_inv.uasset'
[2016.09.24-10.45.21:932][988]LogSavePackage:Display: Finished SavePackage ../../../../../../Users/Elliot Anderson/Documents/GitHub/monsterproj/Islands/Content/island_grass_path_inv.uasset
[2016.09.24-10.45.21:954][988]Cmd: OBJ SAVEPACKAGE PACKAGE="/Game/Material" FILE="../../../../../../Users/Elliot Anderson/Documents/GitHub/monsterproj/Islands/Content/Material.uasset" SILENT=true
[2016.09.24-10.45.21:965][988]LogSavePackage: Save=10.26ms
[2016.09.24-10.45.21:965][988]LogSavePackage: Moving '../../../../../../Users/Elliot Anderson/Documents/GitHub/monsterproj/Islands/Saved/Material4E42E3C54E352801E4DAE8B17E2897B2.tmp' to '../../../../../../Users/Elliot Anderson/Documents/GitHub/monsterproj/Islands/Content/Material.uasset'
[2016.09.24-10.45.21:967][988]LogSavePackage:Display: Finished SavePackage ../../../../../../Users/Elliot Anderson/Documents/GitHub/monsterproj/Islands/Content/Material.uasset
[2016.09.24-10.45.21:983][988]Cmd: OBJ SAVEPACKAGE PACKAGE="/Game/Material_001" FILE="../../../../../../Users/Elliot Anderson/Documents/GitHub/monsterproj/Islands/Content/Material_001.uasset" SILENT=true
[2016.09.24-10.45.21:996][988]LogSavePackage: Save=12.58ms
[2016.09.24-10.45.21:997][988]LogSavePackage: Moving '../../../../../../Users/Elliot Anderson/Documents/GitHub/monsterproj/Islands/Saved/Material_001FB64AF6A4CC283EDD9D21895E62DE2C5.tmp' to '../../../../../../Users/Elliot Anderson/Documents/GitHub/monsterproj/Islands/Content/Material_001.uasset'
[2016.09.24-10.45.22:000][988]LogSavePackage:Display: Finished SavePackage ../../../../../../Users/Elliot Anderson/Documents/GitHub/monsterproj/Islands/Content/Material_001.uasset
[2016.09.24-10.45.22:022][988]Cmd: OBJ SAVEPACKAGE PACKAGE="/Game/Material_002" FILE="../../../../../../Users/Elliot Anderson/Documents/GitHub/monsterproj/Islands/Content/Material_002.uasset" SILENT=true
[2016.09.24-10.45.22:042][988]LogSavePackage: Save=17.90ms
[2016.09.24-10.45.22:042][988]LogSavePackage: Moving '../../../../../../Users/Elliot Anderson/Documents/GitHub/monsterproj/Islands/Saved/Material_0025989109E4473608693F942B74C146555.tmp' to '../../../../../../Users/Elliot Anderson/Documents/GitHub/monsterproj/Islands/Content/Material_002.uasset'
[2016.09.24-10.45.22:045][988]LogSavePackage:Display: Finished SavePackage ../../../../../../Users/Elliot Anderson/Documents/GitHub/monsterproj/Islands/Content/Material_002.uasset
[2016.09.24-10.45.22:061][988]Cmd: OBJ SAVEPACKAGE PACKAGE="/Game/Material_003" FILE="../../../../../../Users/Elliot Anderson/Documents/GitHub/monsterproj/Islands/Content/Material_003.uasset" SILENT=true
[2016.09.24-10.45.22:072][988]LogSavePackage: Save=10.64ms
[2016.09.24-10.45.22:072][988]LogSavePackage: Moving '../../../../../../Users/Elliot Anderson/Documents/GitHub/monsterproj/Islands/Saved/Material_003252CA17145116BBD4FFE83B74FDE2912.tmp' to '../../../../../../Users/Elliot Anderson/Documents/GitHub/monsterproj/Islands/Content/Material_003.uasset'
[2016.09.24-10.45.22:082][988]LogSavePackage:Display: Finished SavePackage ../../../../../../Users/Elliot Anderson/Documents/GitHub/monsterproj/Islands/Content/Material_003.uasset
[2016.09.24-10.45.22:096][988]Cmd: OBJ SAVEPACKAGE PACKAGE="/Game/Material_004" FILE="../../../../../../Users/Elliot Anderson/Documents/GitHub/monsterproj/Islands/Content/Material_004.uasset" SILENT=true
[2016.09.24-10.45.22:108][988]LogSavePackage: Save=10.47ms
[2016.09.24-10.45.22:108][988]LogSavePackage: Moving '../../../../../../Users/Elliot Anderson/Documents/GitHub/monsterproj/Islands/Saved/Material_00429B476274F8D97B5FEE0ED9B7ACA2E2E.tmp' to '../../../../../../Users/Elliot Anderson/Documents/GitHub/monsterproj/Islands/Content/Material_004.uasset'
[2016.09.24-10.45.22:110][988]LogSavePackage:Display: Finished SavePackage ../../../../../../Users/Elliot Anderson/Documents/GitHub/monsterproj/Islands/Content/Material_004.uasset
[2016.09.24-10.45.22:135][988]Cmd: OBJ SAVEPACKAGE PACKAGE="/Game/Material_005" FILE="../../../../../../Users/Elliot Anderson/Documents/GitHub/monsterproj/Islands/Content/Material_005.uasset" SILENT=true
[2016.09.24-10.45.22:152][988]LogSavePackage: Save=15.05ms
[2016.09.24-10.45.22:152][988]LogSavePackage: Moving '../../../../../../Users/Elliot Anderson/Documents/GitHub/monsterproj/Islands/Saved/Material_0051CC5E6634E1A5800D64760A032F6DF1B.tmp' to '../../../../../../Users/Elliot Anderson/Documents/GitHub/monsterproj/Islands/Content/Material_005.uasset'
[2016.09.24-10.45.22:155][988]LogSavePackage:Display: Finished SavePackage ../../../../../../Users/Elliot Anderson/Documents/GitHub/monsterproj/Islands/Content/Material_005.uasset
[2016.09.24-10.45.22:169][988]Cmd: OBJ SAVEPACKAGE PACKAGE="/Game/town" FILE="../../../../../../Users/Elliot Anderson/Documents/GitHub/monsterproj/Islands/Content/town.uasset" SILENT=true
[2016.09.24-10.45.22:181][988]LogSavePackage: Save=10.78ms
[2016.09.24-10.45.22:181][988]LogSavePackage: Moving '../../../../../../Users/Elliot Anderson/Documents/GitHub/monsterproj/Islands/Saved/town7401AF5E44BEE8D7A62577BDFC847B09.tmp' to '../../../../../../Users/Elliot Anderson/Documents/GitHub/monsterproj/Islands/Content/town.uasset'
[2016.09.24-10.45.22:183][988]LogSavePackage:Display: Finished SavePackage ../../../../../../Users/Elliot Anderson/Documents/GitHub/monsterproj/Islands/Content/town.uasset
[2016.09.24-10.45.22:463][989]Cmd: QUIT_EDITOR
[2016.09.24-10.45.22:556][989]LogWindowsTextInputMethodSystem:Display: IME system now deactivated.
[2016.09.24-10.45.22:594][989]LogExit: Preparing to exit.
[2016.09.24-10.45.23:242][989]LogDirectoryWatcher: A directory notification for 'C:/Users/Elliot Anderson/Documents/GitHub/monsterproj/Islands/Content/' was aborted.
[2016.09.24-10.45.23:279][989]LogExit: Editor shut down
[2016.09.24-10.45.23:280][989]LogExit: Transaction tracking system shut down
[2016.09.24-10.45.23:422][989]LogObj: Freed 0b from 0 cluster array pools.
[2016.09.24-10.45.23:422][989]LogExit: Object subsystem successfully closed.
[2016.09.24-10.45.23:441][989]LogD3D11RHI: Shutdown
[2016.09.24-10.45.23:441][989]LogD3D11RHI: CleanupD3DDevice
[2016.09.24-10.45.23:527][989]LogD3D11RHI: ~FD3D11DynamicRHI
[2016.09.24-10.45.23:545][989]LogModuleManager: Shutting down and abandoning module MovieSceneCapture (236)
[2016.09.24-10.45.23:545][989]LogModuleManager: Shutting down and abandoning module MaterialEditor (235)
[2016.09.24-10.45.23:545][989]LogModuleManager: Shutting down and abandoning module HierarchicalLODUtilities (234)
[2016.09.24-10.45.23:558][989]LogModuleManager: Shutting down and abandoning module HierarchicalLODOutliner (233)
[2016.09.24-10.45.23:558][989]LogModuleManager: Shutting down and abandoning module CrashTracker (232)
[2016.09.24-10.45.23:558][989]LogModuleManager: Shutting down and abandoning module SceneOutliner (231)
[2016.09.24-10.45.23:558][989]LogModuleManager: Shutting down and abandoning module WidgetCarousel (230)
[2016.09.24-10.45.23:558][989]LogModuleManager: Shutting down and abandoning module AddContentDialog (229)
[2016.09.24-10.45.23:558][989]LogDirectoryWatcher: A directory notification for 'C:/Program Files (x86)/Epic Games/4.13/FeaturePacks/' was aborted.
[2016.09.24-10.45.23:559][989]LogModuleManager: Shutting down and abandoning module GameplayTags (228)
[2016.09.24-10.45.23:559][989]LogModuleManager: Shutting down and abandoning module EditorWidgets (227)
[2016.09.24-10.45.23:559][989]LogModuleManager: Shutting down and abandoning module CollectionManager (226)
[2016.09.24-10.45.23:559][989]LogDirectoryWatcher: A directory notification for 'C:/Users/Elliot Anderson/Documents/GitHub/monsterproj/Islands/Content/Collections/' was aborted.
[2016.09.24-10.45.23:559][989]LogDirectoryWatcher: A directory notification for 'C:/Users/Elliot Anderson/Documents/GitHub/monsterproj/Islands/Content/Developers/ElliotAnderson/Collections/' was aborted.
[2016.09.24-10.45.23:559][989]LogDirectoryWatcher: A directory notification for 'C:/Users/Elliot Anderson/Documents/GitHub/monsterproj/Islands/Saved/Collections/' was aborted.
[2016.09.24-10.45.23:559][989]LogModuleManager: Shutting down and abandoning module StatsViewer (225)
[2016.09.24-10.45.23:559][989]LogModuleManager: Shutting down and abandoning module FoliageEdit (224)
[2016.09.24-10.45.23:559][989]LogModuleManager: Shutting down and abandoning module LandscapeEditor (223)
[2016.09.24-10.45.23:560][989]LogModuleManager: Shutting down and abandoning module SceneDepthPickerMode (222)
[2016.09.24-10.45.23:560][989]LogModuleManager: Shutting down and abandoning module ActorPickerMode (221)
[2016.09.24-10.45.23:560][989]LogModuleManager: Shutting down and abandoning module GeometryMode (220)
[2016.09.24-10.45.23:560][989]LogModuleManager: Shutting down and abandoning module TextureAlignMode (219)
[2016.09.24-10.45.23:560][989]LogModuleManager: Shutting down and abandoning module BspMode (218)
[2016.09.24-10.45.23:560][989]LogModuleManager: Shutting down and abandoning module HardwareSurvey (217)
[2016.09.24-10.45.23:560][989]LogModuleManager: Shutting down and abandoning module SequenceRecorderSections (216)
[2016.09.24-10.45.23:560][989]LogModuleManager: Shutting down and abandoning module SequenceRecorder (215)
[2016.09.24-10.45.23:560][989]LogModuleManager: Shutting down and abandoning module AutomationWorker (214)
[2016.09.24-10.45.23:560][989]LogModuleManager: Shutting down and abandoning module MatineeToLevelSequence (213)
[2016.09.24-10.45.23:560][989]LogModuleManager: Shutting down and abandoning module PlacementMode (212)
[2016.09.24-10.45.23:560][989]LogModuleManager: Shutting down and abandoning module LevelSequenceEditor (211)
[2016.09.24-10.45.23:560][989]LogModuleManager: Shutting down and abandoning module WmfMediaFactory (210)
[2016.09.24-10.45.23:560][989]LogModuleManager: Shutting down and abandoning module WmfMediaEditor (209)
[2016.09.24-10.45.23:560][989]LogModuleManager: Shutting down and abandoning module AvfMediaFactory (208)
[2016.09.24-10.45.23:560][989]LogModuleManager: Shutting down and abandoning module AvfMediaEditor (207)
[2016.09.24-10.45.23:560][989]LogModuleManager: Shutting down and abandoning module Media (206)
[2016.09.24-10.45.23:560][989]LogModuleManager: Shutting down and abandoning module AndroidMediaFactory (205)
[2016.09.24-10.45.23:560][989]LogModuleManager: Shutting down and abandoning module AndroidMediaEditor (204)
[2016.09.24-10.45.23:560][989]LogModuleManager: Shutting down and abandoning module CharacterAI (203)
[2016.09.24-10.45.23:560][989]LogModuleManager: Shutting down and abandoning module SmartSnapping (202)
[2016.09.24-10.45.23:560][989]LogModuleManager: Shutting down and abandoning module SessionServices (201)
[2016.09.24-10.45.23:560][989]LogModuleManager: Shutting down and abandoning module ViewportSnapping (200)
[2016.09.24-10.45.23:560][989]LogModuleManager: Shutting down and abandoning module ViewportInteraction (199)
[2016.09.24-10.45.23:560][989]LogModuleManager: Shutting down and abandoning module LogVisualizer (198)
[2016.09.24-10.45.23:560][989]LogModuleManager: Shutting down and abandoning module GameProjectGeneration (197)
[2016.09.24-10.45.23:560][989]LogModuleManager: Shutting down and abandoning module IntroTutorials (196)
[2016.09.24-10.45.23:560][989]LogModuleManager: Shutting down and abandoning module EditorLiveStreaming (195)
[2016.09.24-10.45.23:560][989]LogModuleManager: Shutting down and abandoning module IOSPlatformEditor (194)
[2016.09.24-10.45.23:560][989]LogModuleManager: Shutting down and abandoning module HTML5PlatformEditor (193)
[2016.09.24-10.45.23:560][989]LogModuleManager: Shutting down and abandoning module AndroidDeviceDetection (192)
[2016.09.24-10.45.23:965][989]LogModuleManager: Shutting down and abandoning module AndroidPlatformEditor (191)
[2016.09.24-10.45.23:966][989]LogModuleManager: Shutting down and abandoning module IOSRuntimeSettings (190)
[2016.09.24-10.45.23:966][989]LogModuleManager: Shutting down and abandoning module AndroidRuntimeSettings (189)
[2016.09.24-10.45.23:966][989]LogModuleManager: Shutting down and abandoning module NiagaraEditor (188)
[2016.09.24-10.45.23:966][989]LogModuleManager: Shutting down and abandoning module MergeActors (187)
[2016.09.24-10.45.23:966][989]LogModuleManager: Shutting down and abandoning module SizeMap (186)
[2016.09.24-10.45.23:966][989]LogModuleManager: Shutting down and abandoning module TreeMap (185)
[2016.09.24-10.45.23:966][989]LogModuleManager: Shutting down and abandoning module ReferenceViewer (184)
[2016.09.24-10.45.23:966][989]LogModuleManager: Shutting down and abandoning module LocalizationService (183)
[2016.09.24-10.45.23:966][989]LogModuleManager: Shutting down and abandoning module LocalizationDashboard (182)
[2016.09.24-10.45.23:966][989]LogModuleManager: Shutting down and abandoning module HardwareTargeting (181)
[2016.09.24-10.45.23:966][989]LogModuleManager: Shutting down and abandoning module DeviceProfileEditor (180)
[2016.09.24-10.45.23:966][989]LogModuleManager: Shutting down and abandoning module UndoHistory (179)
[2016.09.24-10.45.23:966][989]LogModuleManager: Shutting down and abandoning module UserFeedback (178)
[2016.09.24-10.45.23:966][989]LogModuleManager: Shutting down and abandoning module XmlParser (177)
[2016.09.24-10.45.23:966][989]LogModuleManager: Shutting down and abandoning module Blutility (176)
[2016.09.24-10.45.23:967][989]LogModuleManager: Shutting down and abandoning module ProjectTargetPlatformEditor (175)
[2016.09.24-10.45.23:967][989]LogModuleManager: Shutting down and abandoning module ProjectSettingsViewer (174)
[2016.09.24-10.45.23:967][989]LogModuleManager: Shutting down and abandoning module InputBindingEditor (173)
[2016.09.24-10.45.23:968][989]LogModuleManager: Shutting down and abandoning module EditorSettingsViewer (172)
[2016.09.24-10.45.23:968][989]LogModuleManager: Shutting down and abandoning module SettingsEditor (171)
[2016.09.24-10.45.23:968][989]LogModuleManager: Shutting down and abandoning module ProjectLauncher (170)
[2016.09.24-10.45.23:968][989]LogModuleManager: Shutting down and abandoning module SessionFrontend (169)
[2016.09.24-10.45.23:968][989]LogModuleManager: Shutting down and abandoning module ProfilerClient (168)
[2016.09.24-10.45.23:968][989]LogModuleManager: Shutting down and abandoning module TargetDeviceServices (167)
[2016.09.24-10.45.23:968][989]LogModuleManager: Shutting down and abandoning module DeviceManager (166)
[2016.09.24-10.45.24:031][989]LogModuleManager: Shutting down and abandoning module AutomationController (165)
[2016.09.24-10.45.24:031][989]LogModuleManager: Shutting down and abandoning module AutomationWindow (164)
[2016.09.24-10.45.24:031][989]LogModuleManager: Shutting down and abandoning module Layers (163)
[2016.09.24-10.45.24:031][989]LogModuleManager: Shutting down and abandoning module ComponentVisualizers (162)
[2016.09.24-10.45.24:031][989]LogModuleManager: Shutting down and abandoning module DetailCustomizations (161)
[2016.09.24-10.45.24:031][989]LogModuleManager: Shutting down and abandoning module PackagesDialog (160)
[2016.09.24-10.45.24:032][989]LogModuleManager: Shutting down and abandoning module AnimGraph (159)
[2016.09.24-10.45.24:032][989]LogModuleManager: Shutting down and abandoning module Persona (158)
[2016.09.24-10.45.24:032][989]LogModuleManager: Shutting down and abandoning module Kismet (157)
[2016.09.24-10.45.24:033][989]LogModuleManager: Shutting down and abandoning module GraphEditor (156)
[2016.09.24-10.45.24:033][989]LogModuleManager: Shutting down and abandoning module ClassViewer (155)
[2016.09.24-10.45.24:033][989]LogModuleManager: Shutting down and abandoning module Toolbox (154)
[2016.09.24-10.45.24:033][989]LogModuleManager: Shutting down and abandoning module ModuleUI (153)
[2016.09.24-10.45.24:033][989]LogModuleManager: Shutting down and abandoning module MovieSceneTools (152)
[2016.09.24-10.45.24:033][989]LogModuleManager: Shutting down and abandoning module OutputLog (151)
[2016.09.24-10.45.24:033][989]LogModuleManager: Shutting down and abandoning module GammaUI (150)
[2016.09.24-10.45.24:033][989]LogModuleManager: Shutting down and abandoning module Documentation (149)
[2016.09.24-10.45.24:034][989]LogModuleManager: Shutting down and abandoning module Niagara (148)
[2016.09.24-10.45.24:034][989]LogModuleManager: Shutting down and abandoning module StreamingPauseRendering (147)
[2016.09.24-10.45.24:034][989]LogModuleManager: Shutting down and abandoning module AnalyticsET (146)
[2016.09.24-10.45.24:034][989]LogModuleManager: Shutting down and abandoning module PortalServices (145)
[2016.09.24-10.45.24:034][989]LogModuleManager: Shutting down and abandoning module PortalRpc (144)
[2016.09.24-10.45.24:034][989]LogModuleManager: Shutting down and abandoning module MessagingRpc (143)
[2016.09.24-10.45.24:034][989]LogModuleManager: Shutting down and abandoning module GameplayDebugger (142)
[2016.09.24-10.45.24:034][989]LogModuleManager: Shutting down and abandoning module AITestSuite (141)
[2016.09.24-10.45.24:034][989]LogModuleManager: Shutting down and abandoning module AIModule (140)
[2016.09.24-10.45.24:034][989]LogModuleManager: Shutting down and abandoning module ProfilerService (139)
[2016.09.24-10.45.24:232][989]LogModuleManager: Shutting down and abandoning module TaskGraph (138)
[2016.09.24-10.45.24:232][989]LogModuleManager: Shutting down and abandoning module SlateRemote (137)
[2016.09.24-10.45.24:232][989]LogModuleManager: Shutting down and abandoning module SteamVRController (136)
[2016.09.24-10.45.24:232][989]LogModuleManager: Shutting down and abandoning module SteamVR (135)
[2016.09.24-10.45.24:232][989]LogModuleManager: Shutting down and abandoning module ProceduralMeshComponentEditor (134)
[2016.09.24-10.45.24:232][989]LogModuleManager: Shutting down and abandoning module ProceduralMeshComponent (133)
[2016.09.24-10.45.24:232][989]LogModuleManager: Shutting down and abandoning module OculusLibrary (132)
[2016.09.24-10.45.24:232][989]LogModuleManager: Shutting down and abandoning module OculusInput (131)
[2016.09.24-10.45.24:232][989]LogModuleManager: Shutting down and abandoning module CustomMeshComponent (130)
[2016.09.24-10.45.24:232][989]LogModuleManager: Shutting down and abandoning module CableComponent (129)
[2016.09.24-10.45.24:232][989]LogModuleManager: Shutting down and abandoning module ArchVisCharacter (128)
[2016.09.24-10.45.24:232][989]LogModuleManager: Shutting down and abandoning module MediaPlayerEditor (126)
[2016.09.24-10.45.24:232][989]LogModuleManager: Shutting down and abandoning module HTML5Networking (125)
[2016.09.24-10.45.24:232][989]LogModuleManager: Shutting down and abandoning module GeometryCacheEd (124)
[2016.09.24-10.45.24:233][989]LogModuleManager: Shutting down and abandoning module GeometryCache (123)
[2016.09.24-10.45.24:233][989]LogModuleManager: Shutting down and abandoning module AlembicLibrary (122)
[2016.09.24-10.45.24:233][989]LogModuleManager: Shutting down and abandoning module AlembicImporter (121)
[2016.09.24-10.45.24:233][989]LogModuleManager: Shutting down and abandoning module SuperSearch (120)
[2016.09.24-10.45.24:233][989]LogModuleManager: Shutting down and abandoning module SuperSearchEditor (119)
[2016.09.24-10.45.24:233][989]LogModuleManager: Shutting down and abandoning module SpeedTreeImporter (118)
[2016.09.24-10.45.24:233][989]LogModuleManager: Shutting down and abandoning module PluginBrowser (117)
[2016.09.24-10.45.24:233][989]LogModuleManager: Shutting down and abandoning module MobileLauncherProfileWizard (116)
[2016.09.24-10.45.24:233][989]LogModuleManager: Shutting down and abandoning module EpicSurvey (115)
[2016.09.24-10.45.24:233][989]LogModuleManager: Shutting down and abandoning module DesktopPlatform (114)
[2016.09.24-10.45.24:233][989]LogModuleManager: Shutting down and abandoning module VisualStudioSourceCodeAccess (113)
[2016.09.24-10.45.24:233][989]LogModuleManager: Shutting down and abandoning module UObjectPlugin (112)
[2016.09.24-10.45.24:233][989]LogModuleManager: Shutting down and abandoning module SubversionSourceControl (111)
[2016.09.24-10.45.24:234][989]LogModuleManager: Shutting down and abandoning module PerforceSourceControl (110)
[2016.09.24-10.45.24:234][989]LogModuleManager: Shutting down and abandoning module SourceControl (109)
[2016.09.24-10.45.24:234][989]LogModuleManager: Shutting down and abandoning module GitSourceControl (108)
[2016.09.24-10.45.24:234][989]LogModuleManager: Shutting down and abandoning module LightPropagationVolumeEditor (107)
[2016.09.24-10.45.24:234][989]LogModuleManager: Shutting down and abandoning module PaperTiledImporter (106)
[2016.09.24-10.45.24:234][989]LogModuleManager: Shutting down and abandoning module PaperSpriteSheetImporter (105)
[2016.09.24-10.45.24:234][989]LogModuleManager: Shutting down and abandoning module MeshPaint (104)
[2016.09.24-10.45.24:234][989]LogModuleManager: Shutting down and abandoning module FbxAutomationBuilderModule (103)
[2016.09.24-10.45.24:234][989]LogModuleManager: Shutting down and abandoning module PixelInspectorModule (102)
[2016.09.24-10.45.24:234][989]LogModuleManager: Shutting down and abandoning module HotReload (101)
[2016.09.24-10.45.24:235][989]LogModuleManager: Shutting down and abandoning module MainFrame (100)
[2016.09.24-10.45.24:235][989]LogModuleManager: Shutting down and abandoning module LevelEditor (99)
[2016.09.24-10.45.24:237][989]LogModuleManager: Shutting down and abandoning module ContentBrowser (98)
[2016.09.24-10.45.24:239][989]LogModuleManager: Shutting down and abandoning module Paper2DEditor (97)
[2016.09.24-10.45.24:239][989]LogModuleManager: Shutting down and abandoning module UdpMessaging (96)
[2016.09.24-10.45.24:340][989]LogModuleManager: Shutting down and abandoning module TcpMessaging (95)
[2016.09.24-10.45.24:340][989]LogModuleManager: Shutting down and abandoning module LightPropagationVolumeRuntime (94)
[2016.09.24-10.45.24:340][989]LogModuleManager: Shutting down and abandoning module Paper2D (93)
[2016.09.24-10.45.24:340][989]LogModuleManager: Shutting down and abandoning module WindowsMoviePlayer (92)
[2016.09.24-10.45.24:340][989]LogModuleManager: Shutting down and abandoning module WmfMedia (91)
[2016.09.24-10.45.24:340][989]LogModuleManager: Shutting down and abandoning module MediaAssets (90)
[2016.09.24-10.45.24:340][989]LogModuleManager: Shutting down and abandoning module GameLiveStreaming (89)
[2016.09.24-10.45.24:341][989]LogModuleManager: Shutting down and abandoning module GameplayTagsEditor (88)
[2016.09.24-10.45.24:341][989]LogModuleManager: Shutting down and abandoning module VREditor (87)
[2016.09.24-10.45.24:341][989]LogModuleManager: Shutting down and abandoning module GameplayTasksEditor (86)
[2016.09.24-10.45.24:341][989]LogModuleManager: Shutting down and abandoning module PropertyEditor (85)
[2016.09.24-10.45.24:341][989]LogModuleManager: Shutting down and abandoning module BehaviorTreeEditor (84)
[2016.09.24-10.45.24:341][989]LogModuleManager: Shutting down and abandoning module FunctionalTesting (83)
[2016.09.24-10.45.24:341][989]LogModuleManager: Shutting down and abandoning module CollisionAnalyzer (82)
[2016.09.24-10.45.24:341][989]LogModuleManager: Shutting down and abandoning module Sequencer (81)
[2016.09.24-10.45.24:341][989]LogModuleManager: Shutting down and abandoning module WorkspaceMenuStructure (80)
[2016.09.24-10.45.24:341][989]LogModuleManager: Shutting down and abandoning module MessageLog (79)
[2016.09.24-10.45.24:341][989]LogModuleManager: Shutting down and abandoning module AssetTools (78)
[2016.09.24-10.45.24:342][989]LogModuleManager: Shutting down and abandoning module UMGEditor (77)
[2016.09.24-10.45.24:342][989]LogModuleManager: Shutting down and abandoning module UMG (76)
[2016.09.24-10.45.24:342][989]LogModuleManager: Shutting down and abandoning module SlateReflector (75)
[2016.09.24-10.45.24:342][989]LogModuleManager: Shutting down and abandoning module Slate (74)
[2016.09.24-10.45.24:342][989]LogModuleManager: Shutting down and abandoning module EditorStyle (73)
[2016.09.24-10.45.24:349][989]LogModuleManager: Shutting down and abandoning module SourceCodeAccess (72)
[2016.09.24-10.45.24:349][989]LogModuleManager: Shutting down and abandoning module HeadMountedDisplay (71)
[2016.09.24-10.45.24:349][989]LogModuleManager: Shutting down and abandoning module XAudio2 (70)
[2016.09.24-10.45.24:349][989]LogModuleManager: Shutting down and abandoning module Networking (68)
[2016.09.24-10.45.24:349][989]LogModuleManager: Shutting down and abandoning module Core (67)
[2016.09.24-10.45.24:349][989]LogModuleManager: Shutting down and abandoning module DirectoryWatcher (66)
[2016.09.24-10.45.24:350][989]LogDirectoryWatcher: A directory notification for '../../../Engine/Content/' was aborted.
[2016.09.24-10.45.24:350][989]LogDirectoryWatcher: A directory notification for '../../../../../../Users/Elliot Anderson/Documents/GitHub/monsterproj/Islands/Content/' was aborted.
[2016.09.24-10.45.24:350][989]LogDirectoryWatcher: A directory notification for '../../../Engine/Plugins/2D/Paper2D/Content/' was aborted.
[2016.09.24-10.45.24:351][989]LogModuleManager: Shutting down and abandoning module AssetRegistry (65)
[2016.09.24-10.45.24:447][989]LogModuleManager: Shutting down and abandoning module KismetCompiler (64)
[2016.09.24-10.45.24:447][989]LogModuleManager: Shutting down and abandoning module PhysXFormats (63)
[2016.09.24-10.45.24:447][989]LogModuleManager: Shutting down and abandoning module MeshUtilities (62)
[2016.09.24-10.45.24:447][989]LogModuleManager: Shutting down and abandoning module DerivedDataCache (61)
[2016.09.24-10.45.24:547][989]LogDerivedDataCache: Shutdown
[2016.09.24-10.45.24:547][989]LogModuleManager: Shutting down and abandoning module VulkanShaderFormat (60)
[2016.09.24-10.45.24:547][989]LogModuleManager: Shutting down and abandoning module ShaderFormatOpenGL (59)
[2016.09.24-10.45.24:547][989]LogModuleManager: Shutting down and abandoning module ShaderFormatD3D (58)
[2016.09.24-10.45.24:547][989]LogModuleManager: Shutting down and abandoning module MetalShaderFormat (57)
[2016.09.24-10.45.24:547][989]LogModuleManager: Shutting down and abandoning module TextureFormatUncompressed (56)
[2016.09.24-10.45.24:547][989]LogModuleManager: Shutting down and abandoning module TextureFormatPVR (55)
[2016.09.24-10.45.24:547][989]LogModuleManager: Shutting down and abandoning module TextureFormatDXT (54)
[2016.09.24-10.45.24:547][989]LogModuleManager: Shutting down and abandoning module TextureFormatIntelISPCTexComp (53)
[2016.09.24-10.45.24:547][989]LogModuleManager: Shutting down and abandoning module ImageWrapper (52)
[2016.09.24-10.45.24:547][989]LogModuleManager: Shutting down and abandoning module TextureFormatASTC (51)
[2016.09.24-10.45.24:547][989]LogModuleManager: Shutting down and abandoning module TextureFormatAndroid (50)
[2016.09.24-10.45.24:547][989]LogModuleManager: Shutting down and abandoning module AudioFormatOpus (49)
[2016.09.24-10.45.24:547][989]LogModuleManager: Shutting down and abandoning module AudioFormatOgg (48)
[2016.09.24-10.45.24:547][989]LogModuleManager: Shutting down and abandoning module AudioFormatADPCM (47)
[2016.09.24-10.45.24:547][989]LogModuleManager: Shutting down and abandoning module LinuxTargetPlatform (46)
[2016.09.24-10.45.24:547][989]LogModuleManager: Shutting down and abandoning module LinuxServerTargetPlatform (45)
[2016.09.24-10.45.24:547][989]LogModuleManager: Shutting down and abandoning module LinuxNoEditorTargetPlatform (44)
[2016.09.24-10.45.24:547][989]LogModuleManager: Shutting down and abandoning module LinuxClientTargetPlatform (43)
[2016.09.24-10.45.24:547][989]LogModuleManager: Shutting down and abandoning module TVOSTargetPlatform (42)
[2016.09.24-10.45.24:547][989]LogModuleManager: Shutting down and abandoning module Messaging (41)
[2016.09.24-10.45.24:547][989]LogModuleManager: Shutting down and abandoning module IOSTargetPlatform (40)
[2016.09.24-10.45.24:547][989]LogModuleManager: Shutting down and abandoning module HTML5TargetPlatform (39)
[2016.09.24-10.45.24:547][989]LogModuleManager: Shutting down and abandoning module Android_PVRTCTargetPlatform (38)
[2016.09.24-10.45.24:547][989]LogModuleManager: Shutting down and abandoning module Android_MultiTargetPlatform (37)
[2016.09.24-10.45.24:547][989]LogModuleManager: Shutting down and abandoning module Android_ETC2TargetPlatform (36)
[2016.09.24-10.45.24:547][989]LogModuleManager: Shutting down and abandoning module Android_ETC1TargetPlatform (35)
[2016.09.24-10.45.24:548][989]LogModuleManager: Shutting down and abandoning module Android_DXTTargetPlatform (34)
[2016.09.24-10.45.24:548][989]LogModuleManager: Shutting down and abandoning module Android_ATCTargetPlatform (33)
[2016.09.24-10.45.24:548][989]LogModuleManager: Shutting down and abandoning module Android_ASTCTargetPlatform (32)
[2016.09.24-10.45.24:548][989]LogModuleManager: Shutting down and abandoning module AndroidTargetPlatform (31)
[2016.09.24-10.45.24:548][989]LogModuleManager: Shutting down and abandoning module WindowsTargetPlatform (30)
[2016.09.24-10.45.24:548][989]LogModuleManager: Shutting down and abandoning module WindowsServerTargetPlatform (29)
[2016.09.24-10.45.24:548][989]LogModuleManager: Shutting down and abandoning module WindowsNoEditorTargetPlatform (28)
[2016.09.24-10.45.24:548][989]LogModuleManager: Shutting down and abandoning module WindowsClientTargetPlatform (27)
[2016.09.24-10.45.24:548][989]LogModuleManager: Shutting down and abandoning module AllDesktopTargetPlatform (26)
[2016.09.24-10.45.24:548][989]LogModuleManager: Shutting down and abandoning module TargetPlatform (25)
[2016.09.24-10.45.24:548][989]LogModuleManager: Shutting down and abandoning module InputCore (24)
[2016.09.24-10.45.24:548][989]LogModuleManager: Shutting down and abandoning module Settings (23)
[2016.09.24-10.45.24:548][989]LogModuleManager: Shutting down and abandoning module OculusRift (22)
[2016.09.24-10.45.24:548][989]LogModuleManager: Shutting down and abandoning module GearVR (21)
[2016.09.24-10.45.24:548][989]LogModuleManager: Shutting down and abandoning module ExampleDeviceProfileSelector (20)
[2016.09.24-10.45.24:548][989]LogModuleManager: Shutting down and abandoning module OnlineBlueprintSupport (19)
[2016.09.24-10.45.24:548][989]LogModuleManager: Shutting down and abandoning module OnlineSubsystem (17)
[2016.09.24-10.45.24:548][989]LogOnline:Display: Unloading online subsystem: NULL
[2016.09.24-10.45.24:548][989]LogModuleManager: Shutting down and abandoning module HTTP (16)
[2016.09.24-10.45.24:548][989]LogHttp:Display: Http module shutting down, but needs to wait on 1 outstanding Http requests:
[2016.09.24-10.45.24:548][989]LogHttp:Display: 	verb=[POST] url=[https://datarouter.ol.epicgames.com/datarouter/api/v1/public/data?SessionID=%7B2EF295AD-4385-9E04-7516-28A11AECB064%7D&AppID=UEEditor.Rocket.Release&AppVersion=%2B%2BUE4%2BRelease-4.13-CL-3106830&UserID=7a6157494d0366fb79281b8d1ddac165%7C05d5c51f48074b47995cbbf837418dfd%7C456459a8-ee71-4ace-b2d4-148a03b8c2b4&AppEnvironment=datacollector-binary&UploadType=eteventstream] status=Processing
[2016.09.24-10.45.24:578][989]LogModuleManager: Shutting down and abandoning module XMPP (15)
[2016.09.24-10.45.24:578][989]LogModuleManager: Shutting down and abandoning module TextureCompressor (14)
[2016.09.24-10.45.24:578][989]LogModuleManager: Shutting down and abandoning module ShaderCore (13)
[2016.09.24-10.45.24:579][989]LogModuleManager: Shutting down and abandoning module Landscape (12)
[2016.09.24-10.45.24:579][989]LogModuleManager: Shutting down and abandoning module SlateRHIRenderer (11)
[2016.09.24-10.45.24:585][989]LogModuleManager: Shutting down and abandoning module OpenGLDrv (10)
[2016.09.24-10.45.24:585][989]LogModuleManager: Shutting down and abandoning module D3D11RHI (9)
[2016.09.24-10.45.24:585][989]LogModuleManager: Shutting down and abandoning module AnimGraphRuntime (8)
[2016.09.24-10.45.24:585][989]LogModuleManager: Shutting down and abandoning module Renderer (7)
[2016.09.24-10.45.24:585][989]LogModuleManager: Shutting down and abandoning module Engine (6)
[2016.09.24-10.45.24:585][989]LogModuleManager: Shutting down and abandoning module CoreUObject (5)
[2016.09.24-10.45.24:585][989]LogModuleManager: Shutting down and abandoning module NetworkFile (4)
[2016.09.24-10.45.24:585][989]LogModuleManager: Shutting down and abandoning module StreamingFile (3)
[2016.09.24-10.45.24:585][989]LogModuleManager: Shutting down and abandoning module SandboxFile (2)
[2016.09.24-10.45.24:585][989]LogModuleManager: Shutting down and abandoning module PakFile (1)
[2016.09.24-10.45.24:589][989]LogExit: Exiting.
[2016.09.24-10.45.24:593][989]Log file closed, 09/24/16 11:45:24
