Log file open, 09/23/16 22:26:46
LogInit:Display: Running engine for game: Islands
LogPlatformFile: Not using cached read wrapper
LogInit:Display: RandInit(477605176) SRandInit(477605176).
LogTaskGraph: Started task graph with 5 named threads and 8 total threads with 1 sets of task threads.
LogStats: Stats thread started at 0.081018
LogPluginManager: Loaded Plugin Paper2D, From C:/Program Files (x86)/Epic Games/4.13/Engine/Plugins/2D/Paper2D/Paper2D.uplugin
LogPluginManager: Loaded Plugin LightPropagationVolume, From C:/Program Files (x86)/Epic Games/4.13/Engine/Plugins/Blendables/LightPropagationVolume/LightPropagationVolume.uplugin
LogPluginManager: Loaded Plugin BlankPlugin, From C:/Program Files (x86)/Epic Games/4.13/Engine/Plugins/Developer/BlankPlugin/BlankPlugin.uplugin
LogPluginManager: Loaded Plugin CodeLiteSourceCodeAccess, From C:/Program Files (x86)/Epic Games/4.13/Engine/Plugins/Developer/CodeLiteSourceCodeAccess/CodeLiteSourceCodeAccess.uplugin
LogPluginManager: Loaded Plugin GitSourceControl, From C:/Program Files (x86)/Epic Games/4.13/Engine/Plugins/Developer/GitSourceControl/GitSourceControl.uplugin
LogPluginManager: Loaded Plugin KDevelopSourceCodeAccess, From C:/Program Files (x86)/Epic Games/4.13/Engine/Plugins/Developer/KDevelopSourceCodeAccess/KDevelopSourceCodeAccess.uplugin
LogPluginManager: Loaded Plugin NullSourceCodeAccess, From C:/Program Files (x86)/Epic Games/4.13/Engine/Plugins/Developer/NullSourceCodeAccess/NullSourceCodeAccess.uplugin
LogPluginManager: Loaded Plugin OneSkyLocalizationService, From C:/Program Files (x86)/Epic Games/4.13/Engine/Plugins/Developer/OneSkyLocalizationService/OneSkyLocalizationService.uplugin
LogPluginManager: Loaded Plugin PerforceSourceControl, From C:/Program Files (x86)/Epic Games/4.13/Engine/Plugins/Developer/PerforceSourceControl/PerforceSourceControl.uplugin
LogPluginManager: Loaded Plugin SubversionSourceControl, From C:/Program Files (x86)/Epic Games/4.13/Engine/Plugins/Developer/SubversionSourceControl/SubversionSourceControl.uplugin
LogPluginManager: Loaded Plugin UObjectPlugin, From C:/Program Files (x86)/Epic Games/4.13/Engine/Plugins/Developer/UObjectPlugin/UObjectPlugin.uplugin
LogPluginManager: Loaded Plugin VisualStudioSourceCodeAccess, From C:/Program Files (x86)/Epic Games/4.13/Engine/Plugins/Developer/VisualStudioSourceCodeAccess/VisualStudioSourceCodeAccess.uplugin
LogPluginManager: Loaded Plugin XCodeSourceCodeAccess, From C:/Program Files (x86)/Epic Games/4.13/Engine/Plugins/Developer/XCodeSourceCodeAccess/XCodeSourceCodeAccess.uplugin
LogPluginManager: Loaded Plugin EpicSurvey, From C:/Program Files (x86)/Epic Games/4.13/Engine/Plugins/Editor/EpicSurvey/EpicSurvey.uplugin
LogPluginManager: Loaded Plugin MacGraphicsSwitching, From C:/Program Files (x86)/Epic Games/4.13/Engine/Plugins/Editor/MacGraphicsSwitching/MacGraphicsSwitching.uplugin
LogPluginManager: Loaded Plugin MobileLauncherProfileWizard, From C:/Program Files (x86)/Epic Games/4.13/Engine/Plugins/Editor/MobileLauncherProfileWizard/MobileLauncherProfileWizard.uplugin
LogPluginManager: Loaded Plugin PluginBrowser, From C:/Program Files (x86)/Epic Games/4.13/Engine/Plugins/Editor/PluginBrowser/PluginBrowser.uplugin
LogPluginManager: Loaded Plugin SpeedTreeImporter, From C:/Program Files (x86)/Epic Games/4.13/Engine/Plugins/Editor/SpeedTreeImporter/SpeedTreeImporter.uplugin
LogPluginManager: Loaded Plugin SuperSearchEditor, From C:/Program Files (x86)/Epic Games/4.13/Engine/Plugins/Editor/SuperSearchEditor/SuperSearchEditor.uplugin
LogPluginManager: Loaded Plugin AlembicImporter, From C:/Program Files (x86)/Epic Games/4.13/Engine/Plugins/Experimental/AlembicImporter/AlembicImporter.uplugin
LogPluginManager: Loaded Plugin BlueprintStats, From C:/Program Files (x86)/Epic Games/4.13/Engine/Plugins/Experimental/BlueprintStats/BlueprintStats.uplugin
LogPluginManager: Loaded Plugin CharacterAI, From C:/Program Files (x86)/Epic Games/4.13/Engine/Plugins/Experimental/CharacterAI/CharacterAI.uplugin
LogPluginManager: Loaded Plugin CodeEditor, From C:/Program Files (x86)/Epic Games/4.13/Engine/Plugins/Experimental/CodeEditor/CodeEditor.uplugin
LogPluginManager: Loaded Plugin CodeView, From C:/Program Files (x86)/Epic Games/4.13/Engine/Plugins/Experimental/CodeView/CodeView.uplugin
LogPluginManager: Loaded Plugin HTML5Networking, From C:/Program Files (x86)/Epic Games/4.13/Engine/Plugins/Experimental/HTML5Networking/HTML5Networking.uplugin
LogPluginManager: Loaded Plugin LiveEditor, From C:/Program Files (x86)/Epic Games/4.13/Engine/Plugins/Experimental/LiveEditor/LiveEditor.uplugin
LogPluginManager: Loaded Plugin OSVR, From C:/Program Files (x86)/Epic Games/4.13/Engine/Plugins/Experimental/OSVR/OSVR.uplugin
LogPluginManager: Loaded Plugin Phya, From C:/Program Files (x86)/Epic Games/4.13/Engine/Plugins/Experimental/Phya/Phya.uplugin
LogPluginManager: Loaded Plugin SignificanceManager, From C:/Program Files (x86)/Epic Games/4.13/Engine/Plugins/Experimental/SignificanceManager/SignificanceManager.uplugin
LogPluginManager: Loaded Plugin SimpleHMD, From C:/Program Files (x86)/Epic Games/4.13/Engine/Plugins/Experimental/SimpleHMD/SimpleHMD.uplugin
LogPluginManager: Loaded Plugin StereoPanorama, From C:/Program Files (x86)/Epic Games/4.13/Engine/Plugins/Experimental/StereoPanorama/StereoPanorama.uplugin
LogPluginManager: Loaded Plugin StructBox, From C:/Program Files (x86)/Epic Games/4.13/Engine/Plugins/Experimental/StructBox/StructBox.uplugin
LogPluginManager: Loaded Plugin AndroidMedia, From C:/Program Files (x86)/Epic Games/4.13/Engine/Plugins/Media/AndroidMedia/AndroidMedia.uplugin
LogPluginManager: Loaded Plugin AvfMedia, From C:/Program Files (x86)/Epic Games/4.13/Engine/Plugins/Media/AvfMedia/AvfMedia.uplugin
LogPluginManager: Loaded Plugin MediaPlayerEditor, From C:/Program Files (x86)/Epic Games/4.13/Engine/Plugins/Media/MediaPlayerEditor/MediaPlayerEditor.uplugin
LogPluginManager: Loaded Plugin WmfMedia, From C:/Program Files (x86)/Epic Games/4.13/Engine/Plugins/Media/WmfMedia/WmfMedia.uplugin
LogPluginManager: Loaded Plugin MessagingDebugger, From C:/Program Files (x86)/Epic Games/4.13/Engine/Plugins/Messaging/MessagingDebugger/MessagingDebugger.uplugin
LogPluginManager: Loaded Plugin TcpMessaging, From C:/Program Files (x86)/Epic Games/4.13/Engine/Plugins/Messaging/TcpMessaging/TcpMessaging.uplugin
LogPluginManager: Loaded Plugin UdpMessaging, From C:/Program Files (x86)/Epic Games/4.13/Engine/Plugins/Messaging/UdpMessaging/UdpMessaging.uplugin
LogPluginManager: Loaded Plugin LevelSequenceEditor, From C:/Program Files (x86)/Epic Games/4.13/Engine/Plugins/MovieScene/LevelSequenceEditor/LevelSequenceEditor.uplugin
LogPluginManager: Loaded Plugin MatineeToLevelSequence, From C:/Program Files (x86)/Epic Games/4.13/Engine/Plugins/MovieScene/MatineeToLevelSequence/MatineeToLevelSequence.uplugin
LogPluginManager: Loaded Plugin NetcodeUnitTest, From C:/Program Files (x86)/Epic Games/4.13/Engine/Plugins/NetcodeUnitTest/NetcodeUnitTest/NetcodeUnitTest.uplugin
LogPluginManager: Loaded Plugin NUTUnrealEngine4, From C:/Program Files (x86)/Epic Games/4.13/Engine/Plugins/NetcodeUnitTest/NUTUnrealEngine4/NUTUnrealEngine4.uplugin
LogPluginManager: Loaded Plugin OnlineSubsystemGooglePlay, From C:/Program Files (x86)/Epic Games/4.13/Engine/Plugins/Online/Android/OnlineSubsystemGooglePlay/OnlineSubsystemGooglePlay.uplugin
LogPluginManager: Loaded Plugin OnlineSubsystemIOS, From C:/Program Files (x86)/Epic Games/4.13/Engine/Plugins/Online/IOS/OnlineSubsystemIOS/OnlineSubsystemIOS.uplugin
LogPluginManager: Loaded Plugin OnlineFramework, From C:/Program Files (x86)/Epic Games/4.13/Engine/Plugins/Online/OnlineFramework/OnlineFramework.uplugin
LogPluginManager: Loaded Plugin OnlineSubsystem, From C:/Program Files (x86)/Epic Games/4.13/Engine/Plugins/Online/OnlineSubsystem/OnlineSubsystem.uplugin
LogPluginManager: Loaded Plugin OnlineSubsystemAmazon, From C:/Program Files (x86)/Epic Games/4.13/Engine/Plugins/Online/OnlineSubsystemAmazon/OnlineSubsystemAmazon.uplugin
LogPluginManager: Loaded Plugin OnlineSubsystemFacebook, From C:/Program Files (x86)/Epic Games/4.13/Engine/Plugins/Online/OnlineSubsystemFacebook/OnlineSubsystemFacebook.uplugin
LogPluginManager: Loaded Plugin OnlineSubsystemNull, From C:/Program Files (x86)/Epic Games/4.13/Engine/Plugins/Online/OnlineSubsystemNull/OnlineSubsystemNull.uplugin
LogPluginManager: Loaded Plugin OnlineSubsystemOculus, From C:/Program Files (x86)/Epic Games/4.13/Engine/Plugins/Online/OnlineSubsystemOculus/OnlineSubsystemOculus.uplugin
LogPluginManager: Loaded Plugin OnlineSubsystemSteam, From C:/Program Files (x86)/Epic Games/4.13/Engine/Plugins/Online/OnlineSubsystemSteam/OnlineSubsystemSteam.uplugin
LogPluginManager: Loaded Plugin OnlineSubsystemUtils, From C:/Program Files (x86)/Epic Games/4.13/Engine/Plugins/Online/OnlineSubsystemUtils/OnlineSubsystemUtils.uplugin
LogPluginManager: Loaded Plugin IOSTapJoy, From C:/Program Files (x86)/Epic Games/4.13/Engine/Plugins/Runtime/Advertising/IOSTapJoy/IOSTapJoy.uplugin
LogPluginManager: Loaded Plugin AnalyticsBlueprintLibrary, From C:/Program Files (x86)/Epic Games/4.13/Engine/Plugins/Runtime/Analytics/AnalyticsBlueprintLibrary/AnalyticsBlueprintLibrary.uplugin
LogPluginManager: Loaded Plugin AnalyticsMulticast, From C:/Program Files (x86)/Epic Games/4.13/Engine/Plugins/Runtime/Analytics/AnalyticsMulticast/AnalyticsMulticast.uplugin
LogPluginManager: Loaded Plugin Apsalar, From C:/Program Files (x86)/Epic Games/4.13/Engine/Plugins/Runtime/Analytics/Apsalar/Apsalar.uplugin
LogPluginManager: Loaded Plugin FileLogging, From C:/Program Files (x86)/Epic Games/4.13/Engine/Plugins/Runtime/Analytics/FileLogging/FileLogging.uplugin
LogPluginManager: Loaded Plugin Flurry, From C:/Program Files (x86)/Epic Games/4.13/Engine/Plugins/Runtime/Analytics/Flurry/Flurry.uplugin
LogPluginManager: Loaded Plugin AndroidDeviceProfileSelector, From C:/Program Files (x86)/Epic Games/4.13/Engine/Plugins/Runtime/AndroidDeviceProfileSelector/AndroidDeviceProfileSelector.uplugin
LogPluginManager: Loaded Plugin AndroidMoviePlayer, From C:/Program Files (x86)/Epic Games/4.13/Engine/Plugins/Runtime/AndroidMoviePlayer/AndroidMoviePlayer.uplugin
LogPluginManager: Loaded Plugin AppleMoviePlayer, From C:/Program Files (x86)/Epic Games/4.13/Engine/Plugins/Runtime/AppleMoviePlayer/AppleMoviePlayer.uplugin
LogPluginManager: Loaded Plugin ArchVisCharacter, From C:/Program Files (x86)/Epic Games/4.13/Engine/Plugins/Runtime/ArchVisCharacter/ArchVisCharacter.uplugin
LogPluginManager: Loaded Plugin CableComponent, From C:/Program Files (x86)/Epic Games/4.13/Engine/Plugins/Runtime/CableComponent/CableComponent.uplugin
LogPluginManager: Loaded Plugin CustomMeshComponent, From C:/Program Files (x86)/Epic Games/4.13/Engine/Plugins/Runtime/CustomMeshComponent/CustomMeshComponent.uplugin
LogPluginManager: Loaded Plugin ExampleDeviceProfileSelector, From C:/Program Files (x86)/Epic Games/4.13/Engine/Plugins/Runtime/ExampleDeviceProfileSelector/ExampleDeviceProfileSelector.uplugin
LogPluginManager: Loaded Plugin GearVR, From C:/Program Files (x86)/Epic Games/4.13/Engine/Plugins/Runtime/GearVR/GearVR.uplugin
LogPluginManager: Loaded Plugin GoogleVRController, From C:/Program Files (x86)/Epic Games/4.13/Engine/Plugins/Runtime/GoogleVR/GoogleVRController/GoogleVRController.uplugin
LogPluginManager: Loaded Plugin GoogleVRHMD, From C:/Program Files (x86)/Epic Games/4.13/Engine/Plugins/Runtime/GoogleVR/GoogleVRHMD/GoogleVRHMD.uplugin
LogPluginManager: Loaded Plugin IOSDeviceProfileSelector, From C:/Program Files (x86)/Epic Games/4.13/Engine/Plugins/Runtime/IOSDeviceProfileSelector/IOSDeviceProfileSelector.uplugin
LogPluginManager: Loaded Plugin LeapMotion, From C:/Program Files (x86)/Epic Games/4.13/Engine/Plugins/Runtime/LeapMotion/LeapMotion.uplugin
LogPluginManager: Loaded Plugin LinuxDeviceProfileSelector, From C:/Program Files (x86)/Epic Games/4.13/Engine/Plugins/Runtime/LinuxDeviceProfileSelector/LinuxDeviceProfileSelector.uplugin
LogPluginManager: Loaded Plugin LiveEditorListenServer, From C:/Program Files (x86)/Epic Games/4.13/Engine/Plugins/Runtime/LiveEditorListenServer/LiveEditorListenServer.uplugin
LogPluginManager: Loaded Plugin OculusAudio, From C:/Program Files (x86)/Epic Games/4.13/Engine/Plugins/Runtime/OculusAudio/OculusAudio.uplugin
LogPluginManager: Loaded Plugin OculusInput, From C:/Program Files (x86)/Epic Games/4.13/Engine/Plugins/Runtime/OculusInput/OculusInput.uplugin
LogPluginManager: Loaded Plugin OculusLibrary, From C:/Program Files (x86)/Epic Games/4.13/Engine/Plugins/Runtime/OculusLibrary/OculusLibrary.uplugin
LogPluginManager: Loaded Plugin OculusRift, From C:/Program Files (x86)/Epic Games/4.13/Engine/Plugins/Runtime/OculusRift/OculusRift.uplugin
LogPluginManager: Loaded Plugin Oodle, From C:/Program Files (x86)/Epic Games/4.13/Engine/Plugins/Runtime/PacketHandlers/CompressionComponents/Oodle/Oodle.uplugin
LogPluginManager: Loaded Plugin ProceduralMeshComponent, From C:/Program Files (x86)/Epic Games/4.13/Engine/Plugins/Runtime/ProceduralMeshComponent/ProceduralMeshComponent.uplugin
LogPluginManager: Loaded Plugin SoundMod, From C:/Program Files (x86)/Epic Games/4.13/Engine/Plugins/Runtime/SoundMod/SoundMod.uplugin
LogPluginManager: Loaded Plugin SoundVisualizations, From C:/Program Files (x86)/Epic Games/4.13/Engine/Plugins/Runtime/SoundVisualizations/SoundVisualizations.uplugin
LogPluginManager: Loaded Plugin SteamController, From C:/Program Files (x86)/Epic Games/4.13/Engine/Plugins/Runtime/Steam/SteamController/SteamController.uplugin
LogPluginManager: Loaded Plugin SteamVR, From C:/Program Files (x86)/Epic Games/4.13/Engine/Plugins/Runtime/Steam/SteamVR/SteamVR.uplugin
LogPluginManager: Loaded Plugin WebBrowserWidget, From C:/Program Files (x86)/Epic Games/4.13/Engine/Plugins/Runtime/WebBrowserWidget/WebBrowserWidget.uplugin
LogPluginManager: Loaded Plugin WindowsDeviceProfileSelector, From C:/Program Files (x86)/Epic Games/4.13/Engine/Plugins/Runtime/WindowsDeviceProfileSelector/WindowsDeviceProfileSelector.uplugin
LogPluginManager: Loaded Plugin WindowsMoviePlayer, From C:/Program Files (x86)/Epic Games/4.13/Engine/Plugins/Runtime/WindowsMoviePlayer/WindowsMoviePlayer.uplugin
LogPluginManager: Loaded Plugin ScriptPlugin, From C:/Program Files (x86)/Epic Games/4.13/Engine/Plugins/ScriptPlugin/ScriptPlugin.uplugin
LogPluginManager: Loaded Plugin SlateRemote, From C:/Program Files (x86)/Epic Games/4.13/Engine/Plugins/Slate/SlateRemote/SlateRemote.uplugin
LogInit: Using libcurl 7.47.1
LogInit:  - built for x86_64-pc-win32
LogInit:  - supports SSL with WinSSL
LogInit:  - other features:
LogInit:      CURL_VERSION_SSL
LogInit:      CURL_VERSION_IPV6
LogInit:      CURL_VERSION_ASYNCHDNS
LogInit:      CURL_VERSION_LARGEFILE
LogInit:      CURL_VERSION_IDN
LogInit:  CurlRequestOptions (configurable via config and command line):
LogInit:  - bVerifyPeer = false  - Libcurl will NOT verify peer certificate
LogInit:  - bUseHttpProxy = false  - Libcurl will NOT use HTTP proxy
LogInit:  - bDontReuseConnections = false  - Libcurl will reuse connections
LogInit:  - CertBundlePath = nullptr  - Libcurl will use whatever was configured at build time.
LogInit: Build: ++UE4+Release-4.13-CL-3106830
LogInit: Engine Version: 4.13.0-3106830+++UE4+Release-4.13
LogInit: Compatible Engine Version: 4.13.0-3106830+++UE4+Release-4.13
LogInit: Net CL: 3106830
LogDevObjectVersion: Number of dev versions registered: 13
LogDevObjectVersion:   Dev-Blueprints (B0D832E4-1F89-4F0D-ACCF-7EB736FD4AA2): 5
LogDevObjectVersion:   Dev-Build (E1C64328-A22C-4D53-A36C-8E866417BD8C): 0
LogDevObjectVersion:   Dev-Core (375EC13C-06E4-48FB-B500-84F0262A717E): 1
LogDevObjectVersion:   Dev-Editor (E4B068ED-F494-42E9-A231-DA0B2E46BB41): 6
LogDevObjectVersion:   Dev-Framework (CFFC743F-43B0-4480-9391-14DF171D2073): 12
LogDevObjectVersion:   Dev-Mobile (B02B49B5-BB20-44E9-A304-32B752E40360): 0
LogDevObjectVersion:   Dev-Networking (A4E4105C-59A1-49B5-A7C5-40C4547EDFEE): 0
LogDevObjectVersion:   Dev-Online (39C831C9-5AE6-47DC-9A44-9C173E1C8E7C): 0
LogDevObjectVersion:   Dev-Physics (78F01B33-EBEA-4F98-B9B4-84EACCB95AA2): 0
LogDevObjectVersion:   Dev-Platform (6631380F-2D4D-43E0-8009-CF276956A95A): 0
LogDevObjectVersion:   Dev-Rendering (12F88B9F-8875-4AFC-A67C-D90C383ABD29): 4
LogDevObjectVersion:   Dev-Sequencer (7B5AE74C-D270-4C10-A958-57980B212A5A): 0
LogDevObjectVersion:   Dev-VR (D7296918-1DD6-4BDD-9DE2-64A83CC13884): 0
LogInit: Compiled (64-bit): Aug 30 2016 18:11:39
LogInit: Compiled with Visual C++: 19.00.23026.00
LogInit: Build Configuration: Development
LogInit: Branch Name: ++UE4+Release-4.13
LogInit: Command line: -EpicPortal 
LogInit: Base directory: C:/Program Files (x86)/Epic Games/4.13/Engine/Binaries/Win64/
LogInit: Installed Engine Build: 1
LogInit: Presizing for max 8388607 objects, including 0 objects not considered by GC, pre-allocating 0 bytes for permanent pool.
LogInit: Object subsystem initialized
[2016.09.23-21.26.46:339][  0]LogInit: Selected Device Profile: [Windows]
[2016.09.23-21.26.46:339][  0]LogInit: Applying CVar settings loaded from the selected device profile: [Windows]
[2016.09.23-21.26.46:361][  0]LogInit: Computer: DESKTOP-O3F22UO
[2016.09.23-21.26.46:361][  0]LogInit: User: ElliotAnderson
[2016.09.23-21.26.46:361][  0]LogInit: CPU Page size=65536, Cores=4
[2016.09.23-21.26.46:361][  0]LogInit: High frequency timer resolution =3.914061 MHz
[2016.09.23-21.26.46:361][  0]LogMemory: Memory total: Physical=15.9GB (16GB approx)
[2016.09.23-21.26.46:361][  0]LogMemory: Platform Memory Stats for Windows
[2016.09.23-21.26.46:361][  0]LogMemory: Process Physical Memory: 256.20 MB used, 256.20 MB peak
[2016.09.23-21.26.46:361][  0]LogMemory: Process Virtual Memory: 259.95 MB used, 259.95 MB peak
[2016.09.23-21.26.46:361][  0]LogMemory: Physical Memory: 6262.68 MB used, 16329.09 MB total
[2016.09.23-21.26.46:361][  0]LogMemory: Virtual Memory: 620.85 MB used, 134217728.00 MB total
[2016.09.23-21.26.46:390][  0]LogTextLocalizationManager: No specific translations for ('en-GB') exist, so ('en') translations will be used.
[2016.09.23-21.26.46:792][  0]LogD3D11RHI: D3D11 adapters:
[2016.09.23-21.26.46:827][  0]LogD3D11RHI:    0. 'NVIDIA GeForce GTX 970' (Feature Level 11_0)
[2016.09.23-21.26.46:827][  0]LogD3D11RHI:       4007/0/8164 MB DedicatedVideo/DedicatedSystem/SharedSystem, Outputs:1, VendorId:0x10de
[2016.09.23-21.26.46:827][  0]LogD3D11RHI:    1. 'Microsoft Basic Render Driver' (Feature Level 11_0)
[2016.09.23-21.26.46:827][  0]LogD3D11RHI:       0/0/8164 MB DedicatedVideo/DedicatedSystem/SharedSystem, Outputs:0, VendorId:0x1414
[2016.09.23-21.26.46:827][  0]LogD3D11RHI: Chosen D3D11 Adapter: 0
[2016.09.23-21.26.46:831][  0]LogD3D11RHI: Creating new Direct3DDevice
[2016.09.23-21.26.46:831][  0]LogD3D11RHI:     GPU DeviceId: 0x13c2 (for the marketing name, search the web for "GPU Device Id")
[2016.09.23-21.26.46:831][  0]LogWindows: EnumDisplayDevices:
[2016.09.23-21.26.46:831][  0]LogWindows:    0. 'NVIDIA GeForce GTX 970' (P:1 D:1)
[2016.09.23-21.26.46:831][  0]LogWindows:    1. 'NVIDIA GeForce GTX 970' (P:0 D:0)
[2016.09.23-21.26.46:831][  0]LogWindows:    2. 'NVIDIA GeForce GTX 970' (P:0 D:0)
[2016.09.23-21.26.46:831][  0]LogWindows:    3. 'NVIDIA GeForce GTX 970' (P:0 D:0)
[2016.09.23-21.26.46:831][  0]LogWindows: DebugString: FoundDriverCount:4 
[2016.09.23-21.26.46:831][  0]LogD3D11RHI:     Adapter Name: NVIDIA GeForce GTX 970
[2016.09.23-21.26.46:831][  0]LogD3D11RHI:   Driver Version: 365.19 (internal:10.18.13.6519, unified:365.19)
[2016.09.23-21.26.46:831][  0]LogD3D11RHI:      Driver Date: 5-9-2016
[2016.09.23-21.26.46:831][  0]LogRHI: Texture pool is 1361 MB (70% of 1945 MB)
[2016.09.23-21.26.46:841][  0]LogD3D11RHI: Async texture creation enabled
[2016.09.23-21.26.46:849][  0]LogD3D11RHI: GPU Timing Frequency: 1000.000000 (Debug: 2 1)
[2016.09.23-21.26.46:849][  0]LogShaderCompilers: Guid format shader working directory is -28 characters bigger than the processId version (../../../../../../Users/Elliot Anderson/Documents/GitHub/monsterproj/Islands/Intermediate/Shaders/WorkingDirectory/16240/).
[2016.09.23-21.26.46:849][  0]LogShaderCompilers: Cleaned the shader compiler working directory 'C:/Users/ELLIOT~1/AppData/Local/Temp/UnrealShaderWorkingDir/4CBF01544F8BA62145203ABAB105485B/'.
[2016.09.23-21.26.46:849][  0]LogShaderCompilers:Display: Using Local Shader Compiler.
[2016.09.23-21.26.47:625][  0]LogTemp:Display: Loaded TP AllDesktopTargetPlatform
[2016.09.23-21.26.47:631][  0]LogTemp:Display: Loaded TP WindowsClientTargetPlatform
[2016.09.23-21.26.47:636][  0]LogTemp:Display: Loaded TP WindowsNoEditorTargetPlatform
[2016.09.23-21.26.47:649][  0]LogTemp:Display: Loaded TP WindowsServerTargetPlatform
[2016.09.23-21.26.47:661][  0]LogTemp:Display: Loaded TP WindowsTargetPlatform
[2016.09.23-21.26.47:669][  0]LogTemp:Display: Loaded TP AndroidTargetPlatform
[2016.09.23-21.26.47:673][  0]LogTemp:Display: Loaded TP Android_ASTCTargetPlatform
[2016.09.23-21.26.47:678][  0]LogTemp:Display: Loaded TP Android_ATCTargetPlatform
[2016.09.23-21.26.47:682][  0]LogTemp:Display: Loaded TP Android_DXTTargetPlatform
[2016.09.23-21.26.47:687][  0]LogTemp:Display: Loaded TP Android_ETC1TargetPlatform
[2016.09.23-21.26.47:692][  0]LogTemp:Display: Loaded TP Android_ETC2TargetPlatform
[2016.09.23-21.26.47:701][  0]LogTemp:Display: Loaded TP Android_MultiTargetPlatform
[2016.09.23-21.26.47:701][  0]LogTemp:Display: Loaded TP Android_PVRTCTargetPlatform
[2016.09.23-21.26.47:701][  0]LogTemp:Display: Loaded TP HTML5TargetPlatform
[2016.09.23-21.26.47:718][  0]LogTemp:Display: Loaded TP IOSTargetPlatform
[2016.09.23-21.26.47:723][  0]LogTemp:Display: Loaded TP TVOSTargetPlatform
[2016.09.23-21.26.47:727][  0]LogTemp:Display: Loaded TP LinuxClientTargetPlatform
[2016.09.23-21.26.47:732][  0]LogTemp:Display: Loaded TP LinuxNoEditorTargetPlatform
[2016.09.23-21.26.47:736][  0]LogTemp:Display: Loaded TP LinuxServerTargetPlatform
[2016.09.23-21.26.47:740][  0]LogTemp:Display: Loaded TP LinuxTargetPlatform
[2016.09.23-21.26.47:740][  0]LogTargetPlatformManager:Display: Building Assets For Windows
[2016.09.23-21.26.47:786][  0]LogDerivedDataCache:Display: Max Cache Size: 512 MB
[2016.09.23-21.26.47:829][  0]LogDerivedDataCache: Loaded boot cache 0.04s 62MB C:/Users/Elliot Anderson/AppData/Local/UnrealEngine/4.13/DerivedDataCache/Boot.ddc.
[2016.09.23-21.26.47:829][  0]LogDerivedDataCache:Display: Loaded Boot cache: C:/Users/Elliot Anderson/AppData/Local/UnrealEngine/4.13/DerivedDataCache/Boot.ddc
[2016.09.23-21.26.47:829][  0]LogDerivedDataCache: FDerivedDataBackendGraph:  Pak pak cache file ../../../../../../Users/Elliot Anderson/Documents/GitHub/monsterproj/Islands/DerivedDataCache/DDC.ddp not found, will not use a pak cache.
[2016.09.23-21.26.47:829][  0]LogDerivedDataCache: Unable to find inner node Pak for hierarchical cache Hierarchy.
[2016.09.23-21.26.47:829][  0]LogDerivedDataCache: FDerivedDataBackendGraph:  CompressedPak pak cache file ../../../../../../Users/Elliot Anderson/Documents/GitHub/monsterproj/Islands/DerivedDataCache/Compressed.ddp not found, will not use a pak cache.
[2016.09.23-21.26.47:829][  0]LogDerivedDataCache: Unable to find inner node CompressedPak for hierarchical cache Hierarchy.
[2016.09.23-21.26.47:841][  0]LogDerivedDataCache:Display: Pak cache opened for reading ../../../Engine/DerivedDataCache/Compressed.ddp.
[2016.09.23-21.26.47:852][  0]LogDerivedDataCache: Using Local data cache path C:/Users/Elliot Anderson/AppData/Local/UnrealEngine/Common/DerivedDataCache: Writable
[2016.09.23-21.26.47:982][  0]LogInit: Selected Device Profile: [Windows]
[2016.09.23-21.26.47:983][  0]LogContentStreaming: Texture pool size is 0.00 MB
[2016.09.23-21.26.48:045][  0]LogMeshUtilities: No automatic mesh reduction module available
[2016.09.23-21.26.48:045][  0]LogMeshUtilities: No automatic mesh merging module available
[2016.09.23-21.26.48:045][  0]LogMeshUtilities: No distributed automatic mesh merging module available
[2016.09.23-21.26.48:090][  0]LogMaterial: Uniform references updated for custom material expression Custom.
[2016.09.23-21.26.48:281][  0]LogNetVersion: GetLocalNetworkVersion: CL: 3106830, ProjectName: islands, ProjectVersion: , EngineNetworkVersion: 1, GameNetworkVersion: 0, NetworkChecksum: 810505000
[2016.09.23-21.26.48:311][  0]LogAssetRegistry: FAssetRegistry took 0.0209 seconds to start up
[2016.09.23-21.26.48:335][  0]LogPackageLocalizationCache: Processed 3 localized package path(s) for 2 prioritized culture(s) in 0.022063 seconds
[2016.09.23-21.26.48:338][  0]LogUObjectArray: 29777 objects as part of root set at end of initial load.
[2016.09.23-21.26.48:338][  0]LogUObjectAllocator: 6124696 out of 0 bytes used by permanent object pool.
[2016.09.23-21.26.48:338][  0]LogUObjectArray: CloseDisregardForGC: 0/0 objects in disregard for GC pool
[2016.09.23-21.26.48:343][  0]LogInit: WinSock: version 1.1 (2.2), MaxSocks=32767, MaxUdp=65467
[2016.09.23-21.26.48:476][  0]LogSlate: SlateFontCache - WITH_FREETYPE: 1, WITH_HARFBUZZ: 1
[2016.09.23-21.26.48:476][  0]LogSlate: SlateFontCache - WITH_FREETYPE: 1, WITH_HARFBUZZ: 1
[2016.09.23-21.26.48:909][  0]LogUdpMessaging: Initializing bridge on interface 0.0.0.0:0 to multicast group 230.0.0.1:6666.
[2016.09.23-21.26.49:078][  0]SourceControl: Info Source control is disabled
[2016.09.23-21.26.49:079][  0]SourceControl: Info Source control is disabled
[2016.09.23-21.26.49:085][  0]SourceControl: Info Source control is disabled
[2016.09.23-21.26.49:091][  0]SourceControl: Info Source control is disabled
[2016.09.23-21.26.49:278][  0]LogEngine: Initializing Engine...
[2016.09.23-21.26.49:278][  0]LogHMD: Failed to initialize OpenVR with code 110
[2016.09.23-21.26.49:374][  0]LogAIModule: Creating AISystem for world Untitled
[2016.09.23-21.26.49:382][  0]LogInit: XAudio2 using 'Speakers (High Definition Audio Device)' : 2 channels at 44.1 kHz using 16 bits per sample (channel mask 0x3)
[2016.09.23-21.26.49:390][  0]LogInit: FAudioDevice initialized.
[2016.09.23-21.26.49:412][  0]LogDerivedDataCache: Saved boot cache 0.02s 62MB C:/Users/Elliot Anderson/AppData/Local/UnrealEngine/4.13/DerivedDataCache/Boot.ddc.
[2016.09.23-21.26.49:417][  0]LogInit: Texture streaming: Enabled
[2016.09.23-21.26.49:433][  0]LogInit: Transaction tracking system initialized
[2016.09.23-21.26.49:447][  0]BlueprintLog: New page: Editor Load
[2016.09.23-21.26.49:491][  0]LocalizationService: Info Localization service is disabled
[2016.09.23-21.26.49:542][  0]LogConsoleResponse:Display: 
[2016.09.23-21.26.49:646][  0]LogCook:Display: Max memory allowance for cook 16384mb min free memory 0mb
[2016.09.23-21.26.49:646][  0]LogCook:Display: Mobile HDR setting 1
[2016.09.23-21.26.49:745][  0]LogFileCache: Scanning file cache for directory 'C:/Users/Elliot Anderson/Documents/GitHub/monsterproj/Islands/Content/' took 0.02s
[2016.09.23-21.26.49:745][  0]SourceControl: Info Source control is disabled
[2016.09.23-21.26.49:745][  0]Cmd: MAP LOAD FILE="../../../../../../Users/Elliot Anderson/Documents/GitHub/monsterproj/Islands/Content/StarterContent/Maps/Minimal_Default.umap" TEMPLATE=0 SHOWPROGRESS=1 FEATURELEVEL=3
[2016.09.23-21.26.49:872][  0]LightingResults: New page: Lighting Build
[2016.09.23-21.26.49:880][  0]MapCheck: New page: Map Check
[2016.09.23-21.26.49:880][  0]LightingResults: New page: Lighting Build
[2016.09.23-21.26.51:930][  0]LogAIModule: Creating AISystem for world Minimal_Default
[2016.09.23-21.26.51:987][  0]LogEditorServer: Finished looking for orphan Actors (0.000 secs)
[2016.09.23-21.26.51:987][  0]Cmd: MAP CHECKDEP NOCLEARLOG
[2016.09.23-21.26.52:029][  0]MapCheck: Info Map check complete: 0 Error(s), 0 Warning(s), took 41.871ms to complete.
[2016.09.23-21.26.52:029][  0]LogFileHelpers: Loading map 'Minimal_Default' took 2.285
[2016.09.23-21.26.52:435][  0]LogCollectionManager: Loaded 0 collections in 0.003323 seconds
[2016.09.23-21.26.52:685][  0]LogFileCache: Scanning file cache for directory 'C:/Users/Elliot Anderson/Documents/GitHub/monsterproj/Islands/Saved/Collections/' took 0.01s
[2016.09.23-21.26.52:685][  0]LogFileCache: Scanning file cache for directory 'C:/Users/Elliot Anderson/Documents/GitHub/monsterproj/Islands/Content/Developers/ElliotAnderson/Collections/' took 0.01s
[2016.09.23-21.26.52:686][  0]LogFileCache: Scanning file cache for directory 'C:/Users/Elliot Anderson/Documents/GitHub/monsterproj/Islands/Content/Collections/' took 0.01s
[2016.09.23-21.26.52:686][  0]LogCollectionManager: Rebuilt the GUID cache for 0 collections in 0.000009 seconds
[2016.09.23-21.26.52:712][  0]LogContentBrowser: Native class hierarchy populated in 0.0254 seconds. Added 2141 classes and 415 folders.
[2016.09.23-21.26.52:761][  0]LogStats: UGameplayTagsManager::ConstructGameplayTagTree: Construct from data asset -  0.000 s
[2016.09.23-21.26.52:761][  0]LogStats: UGameplayTagsManager::ConstructGameplayTagTree: GameplayTagTreeChangedEvent.Broadcast -  0.000 s
[2016.09.23-21.26.52:763][  0]LogContentBrowser: Native class hierarchy updated for 'GameplayTags' in 0.0010 seconds. Added 12 classes and 0 folders.
[2016.09.23-21.26.52:788][  0]LogContentBrowser: Native class hierarchy updated for 'WidgetCarousel' in 0.0016 seconds. Added 0 classes and 0 folders.
[2016.09.23-21.26.54:154][  0]LogContentBrowser: Native class hierarchy updated for 'AddContentDialog' in 0.0016 seconds. Added 0 classes and 0 folders.
[2016.09.23-21.26.54:192][  0]LogContentBrowser: Native class hierarchy updated for 'SceneOutliner' in 0.0016 seconds. Added 1 classes and 2 folders.
[2016.09.23-21.26.54:388][  0]LogCrashTracker: Crashtracker disabled due to settings.
[2016.09.23-21.26.54:423][  0]LogUObjectGlobals:Warning: Failed to find object 'Class None.'
[2016.09.23-21.26.54:483][  0]LogContentBrowser: Native class hierarchy updated for 'HierarchicalLODOutliner' in 0.0018 seconds. Added 1 classes and 2 folders.
[2016.09.23-21.26.54:484][  0]LogLoad: (Engine Initialization) Total time: 9.09 seconds
[2016.09.23-21.26.54:484][  0]LogLoad: (Engine Initialization) Total Blueprint compile time: 0.03 seconds
[2016.09.23-21.26.54:484][  0]LogExternalProfiler: Found external profiler: VSPerf
[2016.09.23-21.26.54:484][  0]LogExternalProfiler: Using external profiler: VSPerf
[2016.09.23-21.26.54:825][  0]LogOcInput: OculusInput pre-init called
[2016.09.23-21.26.54:863][  0]LogContentStreaming: Texture pool size now 1000 MB
[2016.09.23-21.26.55:248][  0]LogRenderer: Reallocating scene render targets to support 1208x576 (Frame:2).
[2016.09.23-21.26.55:344][  1]LogAssetRegistry: Asset discovery search completed in 7.0537 seconds
[2016.09.23-21.26.55:344][  1]LogCollectionManager: Rebuilt the object cache for 0 collections in 0.000001 seconds (found 0 objects)
[2016.09.23-21.26.55:344][  1]LogCollectionManager: Fixed up redirectors for 0 collections in 0.000017 seconds (updated 0 objects)
[2016.09.23-21.27.17:686][689]LogEditorFactories: Performing atomic reimport of [C:/Users/Elliot Anderson/Documents/GitHub/monsterproj/town.fbx]
[2016.09.23-21.27.17:729][689]LogFbx: Loading FBX Scene from C:/Users/Elliot Anderson/Documents/GitHub/monsterproj/town.fbx
[2016.09.23-21.27.17:754][689]LogFbx: FBX Scene Loaded Succesfully
[2016.09.23-21.27.17:773][689]LogFbx:Warning: Warning Warning: No smoothing group information was found in this FBX scene.  Please make sure to enable the 'Export Smoothing Groups' option in the FBX Exporter plug-in before exporting the file.  Even for tools that don't support smoothing groups, the FBX Exporter will generate appropriate smoothing data at export-time so that correct vertex normals can be inferred while importing.
[2016.09.23-21.27.17:806][689]LogFbx:Warning: Triangulating static mesh Cube.003
[2016.09.23-21.27.17:846][689]LogFbx:Warning: Triangulating static mesh Cube.001
[2016.09.23-21.27.17:868][689]LogFbx:Warning: Triangulating static mesh Cube.002
[2016.09.23-21.27.17:873][689]LogFbx:Warning: Triangulating static mesh Plane
[2016.09.23-21.27.17:884][689]LogFbx:Warning: Triangulating static mesh Cube
[2016.09.23-21.27.17:936][689]LogStaticMesh: Building static mesh town...
[2016.09.23-21.27.17:964][689]LogStaticMesh: Built static mesh [0.03s] /Game/town.town
[2016.09.23-21.27.17:966][689]LogStaticMesh:Warning: town has degenerate tangent bases which will result in incorrect shading.  MikkTSpace relies on tangent bases and may result in mesh corruption, consider disabling this option.
[2016.09.23-21.27.17:973][689]LogFbx:Warning: Warning town has degenerate tangent bases which will result in incorrect shading.  MikkTSpace relies on tangent bases and may result in mesh corruption, consider disabling this option.
[2016.09.23-21.27.17:974][689]LogEditorFactories: -- imported successfully
[2016.09.23-21.27.44:688][740]LogMaterial: Missing cached shader map for material Material, compiling. 
[2016.09.23-21.27.44:689][740]LogMaterial:Warning: Failed to compile Material /Game/Material.Material for platform PCD3D_SM5, Default Material will be used in game.
[2016.09.23-21.27.44:689][740]LogMaterial:Warning: 	(Node TextureSample) TextureSample> Missing input texture
[2016.09.23-21.27.48:579][154]LogEditorActor: Deleted Actor: StaticMeshActor
[2016.09.23-21.27.48:584][154]LogEditorActor: Deleted 1 Actors (0.010 secs)
[2016.09.23-21.27.54:985][371]LogFactory: FactoryCreateFile: StaticMesh with FbxFactory (0 0 C:\Users\Elliot Anderson\Documents\GitHub\monsterproj\town.fbx)
[2016.09.23-21.27.54:998][371]LogFbx: ItemName: GlobalSettings, ItemCount : 1
[2016.09.23-21.27.54:998][371]LogFbx: ItemName: NodeAttribute, ItemCount : 2
[2016.09.23-21.27.54:998][371]LogFbx: ItemName: Geometry, ItemCount : 5
[2016.09.23-21.27.54:998][371]LogFbx: ItemName: Model, ItemCount : 7
[2016.09.23-21.27.54:998][371]LogFbx: ItemName: Material, ItemCount : 6
[2016.09.23-21.27.54:998][371]LogFbx: ItemName: Texture, ItemCount : 2
[2016.09.23-21.27.54:998][371]LogFbx: ItemName: Video, ItemCount : 2
[2016.09.23-21.27.55:018][371]LogFbx: Loading FBX Scene from C:\Users\Elliot Anderson\Documents\GitHub\monsterproj\town.fbx
[2016.09.23-21.27.55:050][371]LogFbx: FBX Scene Loaded Succesfully
[2016.09.23-21.28.28:656][371]LogFbx: Loading FBX Scene from C:\Users\Elliot Anderson\Documents\GitHub\monsterproj\town.fbx
[2016.09.23-21.28.28:663][371]LogFbx: FBX Scene Loaded Succesfully
[2016.09.23-21.28.28:669][371]LogLinker:Warning: Can't find file '/Game/Material_002'
[2016.09.23-21.28.28:670][371]LogLinker:Warning: Can't find file '/Game/Material_002'
[2016.09.23-21.28.28:671][371]LogMaterial: Missing cached shader map for material Material_002, compiling. 
[2016.09.23-21.28.28:689][371]LogFbx:Warning: Triangulating static mesh Cube.003
[2016.09.23-21.28.28:696][371]LogFbx:Warning: Triangulating static mesh Cube.001
[2016.09.23-21.28.28:707][371]LogFbx:Warning: Triangulating static mesh Cube.002
[2016.09.23-21.28.28:710][371]LogLinker:Warning: Can't find file '/Game/Material_001'
[2016.09.23-21.28.28:710][371]LogLinker:Warning: Can't find file '/Game/Material_001'
[2016.09.23-21.28.28:712][371]LogMaterial: Missing cached shader map for material Material_001, compiling. 
[2016.09.23-21.28.28:721][371]LogFbx:Warning: Triangulating static mesh Plane
[2016.09.23-21.28.28:729][371]LogLinker:Warning: Can't find file '/Game/Material'
[2016.09.23-21.28.28:730][371]LogLinker:Warning: Can't find file '/Game/Material'
[2016.09.23-21.28.28:744][371]LogLinker:Warning: Can't find file '/Game/grassfull'
[2016.09.23-21.28.28:744][371]LogLinker:Warning: Can't find file '/Game/grassfull'
[2016.09.23-21.28.28:744][371]LogUObjectGlobals:Warning: Failed to find object 'Texture /Game/grassfull.grassfull'
[2016.09.23-21.28.29:041][371]LogTexture:Display: Building textures: grassfull (AutoDXT)
[2016.09.23-21.28.30:441][371]LogMaterial: Missing cached shader map for material Material, compiling. 
[2016.09.23-21.28.30:454][371]LogLinker:Warning: Can't find file '/Game/Material_003'
[2016.09.23-21.28.30:455][371]LogLinker:Warning: Can't find file '/Game/Material_003'
[2016.09.23-21.28.30:458][371]LogMaterial: Missing cached shader map for material Material_003, compiling. 
[2016.09.23-21.28.30:473][371]LogLinker:Warning: Can't find file '/Game/Material_004'
[2016.09.23-21.28.30:473][371]LogLinker:Warning: Can't find file '/Game/Material_004'
[2016.09.23-21.28.30:477][371]LogMaterial: Missing cached shader map for material Material_004, compiling. 
[2016.09.23-21.28.30:492][371]LogLinker:Warning: Can't find file '/Game/Material_005'
[2016.09.23-21.28.30:493][371]LogLinker:Warning: Can't find file '/Game/Material_005'
[2016.09.23-21.28.30:494][371]LogLinker:Warning: Can't find file '/Game/island_grass_path_inv'
[2016.09.23-21.28.30:494][371]LogLinker:Warning: Can't find file '/Game/island_grass_path_inv'
[2016.09.23-21.28.30:494][371]LogUObjectGlobals:Warning: Failed to find object 'Texture /Game/island_grass_path_inv.island_grass_path_inv'
[2016.09.23-21.28.30:544][371]LogTexture:Display: Building textures: island_grass_path_inv (AutoDXT)
[2016.09.23-21.28.31:000][371]LogMaterial: Missing cached shader map for material Material_005, compiling. 
[2016.09.23-21.28.31:013][371]LogFbx:Warning: Triangulating static mesh Cube
[2016.09.23-21.28.31:053][371]LogStaticMesh: Building static mesh town...
[2016.09.23-21.28.31:068][371]LogStaticMesh: Built static mesh [0.01s] /Game/town.town
[2016.09.23-21.28.31:068][371]LogStaticMesh:Warning: town has degenerate tangent bases which will result in incorrect shading.  MikkTSpace relies on tangent bases and may result in mesh corruption, consider disabling this option.
[2016.09.23-21.28.31:070][371]FBXImport:Warning: Warning Warning: No smoothing group information was found in this FBX scene.  Please make sure to enable the 'Export Smoothing Groups' option in the FBX Exporter plug-in before exporting the file.  Even for tools that don't support smoothing groups, the FBX Exporter will generate appropriate smoothing data at export-time so that correct vertex normals can be inferred while importing. 
[2016.09.23-21.28.31:070][371]FBXImport:Warning: Warning town has degenerate tangent bases which will result in incorrect shading.  MikkTSpace relies on tangent bases and may result in mesh corruption, consider disabling this option. 
[2016.09.23-21.28.59:644][547]LogActorFactory: Actor Factory created town
[2016.09.23-21.29.00:079][599]LogActorFactory: Actor Factory created town
[2016.09.23-21.29.04:647][144]LogActorFactory: Actor Factory created town
[2016.09.23-21.29.05:010][187]LogActorFactory: Actor Factory created town
[2016.09.23-21.29.09:771][747]LogEditorActor: Deleted Actor: StaticMeshActor
[2016.09.23-21.29.09:776][747]LogEditorActor: Deleted 1 Actors (0.006 secs)
[2016.09.23-21.29.16:449][547]LogBlueprintUserMessages: Early PlayInEditor Detection: Level '/Game/StarterContent/Maps/Minimal_Default.Minimal_Default:PersistentLevel' has LevelScriptBlueprint '/Game/StarterContent/Maps/Minimal_Default.Minimal_Default:PersistentLevel.Minimal_Default' with GeneratedClass '/Game/StarterContent/Maps/Minimal_Default.Minimal_Default_C' with ClassGeneratedBy '/Game/StarterContent/Maps/Minimal_Default.Minimal_Default:PersistentLevel.Minimal_Default'
[2016.09.23-21.29.16:449][547]LogPlayLevel: PlayLevel: No blueprints needed recompiling
[2016.09.23-21.29.16:495][547]PIE: New page: PIE session: Minimal_Default (23 Sep 2016 22:29:16)
[2016.09.23-21.29.16:495][547]LogPlayLevel: Creating play world package: /Game/StarterContent/Maps/UEDPIE_0_Minimal_Default
[2016.09.23-21.29.16:501][547]LogPlayLevel: PIE: StaticDuplicateObject took: (0.005771s)
[2016.09.23-21.29.16:501][547]LogAIModule: Creating AISystem for world Minimal_Default
[2016.09.23-21.29.16:501][547]LogPlayLevel: PIE: World Init took: (0.000662s)
[2016.09.23-21.29.16:501][547]LogPlayLevel: PIE: Created PIE world by copying editor world from /Game/StarterContent/Maps/Minimal_Default.Minimal_Default to /Game/StarterContent/Maps/UEDPIE_0_Minimal_Default.Minimal_Default (0.006595s)
[2016.09.23-21.29.16:511][547]LogInit: XAudio2 using 'Speakers (High Definition Audio Device)' : 2 channels at 44.1 kHz using 16 bits per sample (channel mask 0x3)
[2016.09.23-21.29.16:517][547]LogInit: FAudioDevice initialized.
[2016.09.23-21.29.16:602][547]LogWorld: Game class is 'GameMode'
[2016.09.23-21.29.16:642][547]LogWorld: Bringing World /Game/StarterContent/Maps/UEDPIE_0_Minimal_Default.Minimal_Default up for play (max tick rate 0) at 2016.09.23-22.29.16
[2016.09.23-21.29.16:643][547]LogWorld: Bringing up level for play took: 0.008057
[2016.09.23-21.29.16:715][547]LogContentBrowser: Native class hierarchy updated for 'MovieSceneCapture' in 0.0018 seconds. Added 11 classes and 0 folders.
[2016.09.23-21.29.16:715][547]LogGameMode:Display: Match State Changed from EnteringMap to WaitingToStart
[2016.09.23-21.29.16:715][547]LogGameState: Match State Changed from EnteringMap to WaitingToStart
[2016.09.23-21.29.16:715][547]LogGameMode:Display: Match State Changed from WaitingToStart to InProgress
[2016.09.23-21.29.16:718][547]LogGameState: Match State Changed from WaitingToStart to InProgress
[2016.09.23-21.29.16:718][547]PIE: Info Play in editor start time for /Game/StarterContent/Maps/UEDPIE_0_Minimal_Default 1.012
[2016.09.23-21.29.16:719][547]LogBlueprintUserMessages: Late PlayInEditor Detection: Level '/Game/StarterContent/Maps/Minimal_Default.Minimal_Default:PersistentLevel' has LevelScriptBlueprint '/Game/StarterContent/Maps/Minimal_Default.Minimal_Default:PersistentLevel.Minimal_Default' with GeneratedClass '/Game/StarterContent/Maps/Minimal_Default.Minimal_Default_C' with ClassGeneratedBy '/Game/StarterContent/Maps/Minimal_Default.Minimal_Default:PersistentLevel.Minimal_Default'
[2016.09.23-21.30.09:178][831]LogBlueprintUserMessages: Early EndPlayMap Detection: Level '/Game/StarterContent/Maps/Minimal_Default.Minimal_Default:PersistentLevel' has LevelScriptBlueprint '/Game/StarterContent/Maps/Minimal_Default.Minimal_Default:PersistentLevel.Minimal_Default' with GeneratedClass '/Game/StarterContent/Maps/Minimal_Default.Minimal_Default_C' with ClassGeneratedBy '/Game/StarterContent/Maps/Minimal_Default.Minimal_Default:PersistentLevel.Minimal_Default'
[2016.09.23-21.30.09:243][831]LogBlueprintUserMessages: Late EndPlayMap Detection: Level '/Game/StarterContent/Maps/Minimal_Default.Minimal_Default:PersistentLevel' has LevelScriptBlueprint '/Game/StarterContent/Maps/Minimal_Default.Minimal_Default:PersistentLevel.Minimal_Default' with GeneratedClass '/Game/StarterContent/Maps/Minimal_Default.Minimal_Default_C' with ClassGeneratedBy '/Game/StarterContent/Maps/Minimal_Default.Minimal_Default:PersistentLevel.Minimal_Default'
[2016.09.23-21.30.13:690][ 17]Cmd: OBJ SAVEPACKAGE PACKAGE="/Game/grassfull" FILE="../../../../../../Users/Elliot Anderson/Documents/GitHub/monsterproj/Islands/Content/grassfull.uasset" SILENT=true
[2016.09.23-21.30.14:178][ 17]LogSavePackage: Save=487.19ms
[2016.09.23-21.30.14:178][ 17]LogSavePackage: Moving '../../../../../../Users/Elliot Anderson/Documents/GitHub/monsterproj/Islands/Saved/grassfull27FFF17F47C006F4F1F8A0B1A8CC9964.tmp' to '../../../../../../Users/Elliot Anderson/Documents/GitHub/monsterproj/Islands/Content/grassfull.uasset'
[2016.09.23-21.30.14:180][ 17]LogSavePackage:Display: Finished SavePackage ../../../../../../Users/Elliot Anderson/Documents/GitHub/monsterproj/Islands/Content/grassfull.uasset
[2016.09.23-21.30.14:190][ 17]Cmd: OBJ SAVEPACKAGE PACKAGE="/Game/island_grass_path_inv" FILE="../../../../../../Users/Elliot Anderson/Documents/GitHub/monsterproj/Islands/Content/island_grass_path_inv.uasset" SILENT=true
[2016.09.23-21.30.14:295][ 17]LogSavePackage: Save=104.66ms
[2016.09.23-21.30.14:295][ 17]LogSavePackage: Moving '../../../../../../Users/Elliot Anderson/Documents/GitHub/monsterproj/Islands/Saved/island_grass_path_invEEF2E1584E33F0C271A633BC4E7D04F2.tmp' to '../../../../../../Users/Elliot Anderson/Documents/GitHub/monsterproj/Islands/Content/island_grass_path_inv.uasset'
[2016.09.23-21.30.14:297][ 17]LogSavePackage:Display: Finished SavePackage ../../../../../../Users/Elliot Anderson/Documents/GitHub/monsterproj/Islands/Content/island_grass_path_inv.uasset
[2016.09.23-21.30.14:320][ 17]Cmd: OBJ SAVEPACKAGE PACKAGE="/Game/Material" FILE="../../../../../../Users/Elliot Anderson/Documents/GitHub/monsterproj/Islands/Content/Material.uasset" SILENT=true
[2016.09.23-21.30.14:332][ 17]LogSavePackage: Save=10.15ms
[2016.09.23-21.30.14:332][ 17]LogSavePackage: Moving '../../../../../../Users/Elliot Anderson/Documents/GitHub/monsterproj/Islands/Saved/Material7F2AF57E41602D142D9081A6609D66AA.tmp' to '../../../../../../Users/Elliot Anderson/Documents/GitHub/monsterproj/Islands/Content/Material.uasset'
[2016.09.23-21.30.14:333][ 17]LogSavePackage:Display: Finished SavePackage ../../../../../../Users/Elliot Anderson/Documents/GitHub/monsterproj/Islands/Content/Material.uasset
[2016.09.23-21.30.14:354][ 17]Cmd: OBJ SAVEPACKAGE PACKAGE="/Game/Material_001" FILE="../../../../../../Users/Elliot Anderson/Documents/GitHub/monsterproj/Islands/Content/Material_001.uasset" SILENT=true
[2016.09.23-21.30.14:370][ 17]LogSavePackage: Save=14.08ms
[2016.09.23-21.30.14:370][ 17]LogSavePackage: Moving '../../../../../../Users/Elliot Anderson/Documents/GitHub/monsterproj/Islands/Saved/Material_0015F48B20B4EAB2C3B3658898E804D408C.tmp' to '../../../../../../Users/Elliot Anderson/Documents/GitHub/monsterproj/Islands/Content/Material_001.uasset'
[2016.09.23-21.30.14:371][ 17]LogSavePackage:Display: Finished SavePackage ../../../../../../Users/Elliot Anderson/Documents/GitHub/monsterproj/Islands/Content/Material_001.uasset
[2016.09.23-21.30.14:384][ 17]Cmd: OBJ SAVEPACKAGE PACKAGE="/Game/Material_002" FILE="../../../../../../Users/Elliot Anderson/Documents/GitHub/monsterproj/Islands/Content/Material_002.uasset" SILENT=true
[2016.09.23-21.30.14:395][ 17]LogSavePackage: Save=9.39ms
[2016.09.23-21.30.14:395][ 17]LogSavePackage: Moving '../../../../../../Users/Elliot Anderson/Documents/GitHub/monsterproj/Islands/Saved/Material_002654035BF47C79285F74A7D871A74C3C7.tmp' to '../../../../../../Users/Elliot Anderson/Documents/GitHub/monsterproj/Islands/Content/Material_002.uasset'
[2016.09.23-21.30.14:396][ 17]LogSavePackage:Display: Finished SavePackage ../../../../../../Users/Elliot Anderson/Documents/GitHub/monsterproj/Islands/Content/Material_002.uasset
[2016.09.23-21.30.14:409][ 17]Cmd: OBJ SAVEPACKAGE PACKAGE="/Game/Material_003" FILE="../../../../../../Users/Elliot Anderson/Documents/GitHub/monsterproj/Islands/Content/Material_003.uasset" SILENT=true
[2016.09.23-21.30.14:420][ 17]LogSavePackage: Save=9.14ms
[2016.09.23-21.30.14:420][ 17]LogSavePackage: Moving '../../../../../../Users/Elliot Anderson/Documents/GitHub/monsterproj/Islands/Saved/Material_0034C26A7534B695933F189A88200A03C7D.tmp' to '../../../../../../Users/Elliot Anderson/Documents/GitHub/monsterproj/Islands/Content/Material_003.uasset'
[2016.09.23-21.30.14:421][ 17]LogSavePackage:Display: Finished SavePackage ../../../../../../Users/Elliot Anderson/Documents/GitHub/monsterproj/Islands/Content/Material_003.uasset
[2016.09.23-21.30.14:433][ 17]Cmd: OBJ SAVEPACKAGE PACKAGE="/Game/Material_004" FILE="../../../../../../Users/Elliot Anderson/Documents/GitHub/monsterproj/Islands/Content/Material_004.uasset" SILENT=true
[2016.09.23-21.30.14:443][ 17]LogSavePackage: Save=8.94ms
[2016.09.23-21.30.14:443][ 17]LogSavePackage: Moving '../../../../../../Users/Elliot Anderson/Documents/GitHub/monsterproj/Islands/Saved/Material_0045FF22A7242B13E6B858AEC9B7262B956.tmp' to '../../../../../../Users/Elliot Anderson/Documents/GitHub/monsterproj/Islands/Content/Material_004.uasset'
[2016.09.23-21.30.14:444][ 17]LogSavePackage:Display: Finished SavePackage ../../../../../../Users/Elliot Anderson/Documents/GitHub/monsterproj/Islands/Content/Material_004.uasset
[2016.09.23-21.30.14:457][ 17]Cmd: OBJ SAVEPACKAGE PACKAGE="/Game/Material_005" FILE="../../../../../../Users/Elliot Anderson/Documents/GitHub/monsterproj/Islands/Content/Material_005.uasset" SILENT=true
[2016.09.23-21.30.14:468][ 17]LogSavePackage: Save=9.81ms
[2016.09.23-21.30.14:468][ 17]LogSavePackage: Moving '../../../../../../Users/Elliot Anderson/Documents/GitHub/monsterproj/Islands/Saved/Material_00514585D9E4A33F930CDBE728D0C2E448E.tmp' to '../../../../../../Users/Elliot Anderson/Documents/GitHub/monsterproj/Islands/Content/Material_005.uasset'
[2016.09.23-21.30.14:469][ 17]LogSavePackage:Display: Finished SavePackage ../../../../../../Users/Elliot Anderson/Documents/GitHub/monsterproj/Islands/Content/Material_005.uasset
[2016.09.23-21.30.14:626][ 17]LogSavePackage: Save=114.28ms
[2016.09.23-21.30.14:626][ 17]LogSavePackage: Moving '../../../../../../Users/Elliot Anderson/Documents/GitHub/monsterproj/Islands/Saved/Minimal_Default689034AA4FE1BAF0DB2C7B8896AE31D5.tmp' to '../../../../../../Users/Elliot Anderson/Documents/GitHub/monsterproj/Islands/Content/StarterContent/Maps/Minimal_Default.umap'
[2016.09.23-21.30.14:628][ 17]LogSavePackage:Display: Finished SavePackage ../../../../../../Users/Elliot Anderson/Documents/GitHub/monsterproj/Islands/Content/StarterContent/Maps/Minimal_Default.umap
[2016.09.23-21.30.14:645][ 17]LogFileHelpers: Saving map 'Minimal_Default' took 0.173
[2016.09.23-21.30.14:654][ 17]Cmd: OBJ SAVEPACKAGE PACKAGE="/Game/town" FILE="../../../../../../Users/Elliot Anderson/Documents/GitHub/monsterproj/Islands/Content/town.uasset" SILENT=true
[2016.09.23-21.30.14:664][ 17]LogSavePackage: Save=7.69ms
[2016.09.23-21.30.14:664][ 17]LogSavePackage: Moving '../../../../../../Users/Elliot Anderson/Documents/GitHub/monsterproj/Islands/Saved/townC5A0D2754590334D8F78DA86FC793453.tmp' to '../../../../../../Users/Elliot Anderson/Documents/GitHub/monsterproj/Islands/Content/town.uasset'
[2016.09.23-21.30.14:665][ 17]LogSavePackage:Display: Finished SavePackage ../../../../../../Users/Elliot Anderson/Documents/GitHub/monsterproj/Islands/Content/town.uasset
[2016.09.23-21.30.14:719][ 17]LogWindowsTextInputMethodSystem:Display: IME system now deactivated.
[2016.09.23-21.30.14:943][ 18]Cmd: QUIT_EDITOR
[2016.09.23-21.30.15:539][ 18]LogExit: Preparing to exit.
[2016.09.23-21.30.16:092][ 18]LogDirectoryWatcher: A directory notification for 'C:/Users/Elliot Anderson/Documents/GitHub/monsterproj/Islands/Content/' was aborted.
[2016.09.23-21.30.16:119][ 18]LogExit: Editor shut down
[2016.09.23-21.30.16:119][ 18]LogExit: Transaction tracking system shut down
[2016.09.23-21.30.16:200][ 18]LogObj: Freed 0b from 0 cluster array pools.
[2016.09.23-21.30.16:200][ 18]LogExit: Object subsystem successfully closed.
[2016.09.23-21.30.16:217][ 18]LogD3D11RHI: Shutdown
[2016.09.23-21.30.16:217][ 18]LogD3D11RHI: CleanupD3DDevice
[2016.09.23-21.30.16:319][ 18]LogD3D11RHI: ~FD3D11DynamicRHI
[2016.09.23-21.30.16:346][ 18]LogModuleManager: Shutting down and abandoning module MovieSceneCapture (236)
[2016.09.23-21.30.16:346][ 18]LogModuleManager: Shutting down and abandoning module HierarchicalLODUtilities (235)
[2016.09.23-21.30.16:346][ 18]LogModuleManager: Shutting down and abandoning module StaticMeshEditor (234)
[2016.09.23-21.30.16:346][ 18]LogModuleManager: Shutting down and abandoning module HierarchicalLODOutliner (233)
[2016.09.23-21.30.16:346][ 18]LogModuleManager: Shutting down and abandoning module CrashTracker (232)
[2016.09.23-21.30.16:346][ 18]LogModuleManager: Shutting down and abandoning module SceneOutliner (231)
[2016.09.23-21.30.16:346][ 18]LogModuleManager: Shutting down and abandoning module WidgetCarousel (230)
[2016.09.23-21.30.16:346][ 18]LogModuleManager: Shutting down and abandoning module AddContentDialog (229)
[2016.09.23-21.30.16:346][ 18]LogDirectoryWatcher: A directory notification for 'C:/Program Files (x86)/Epic Games/4.13/FeaturePacks/' was aborted.
[2016.09.23-21.30.16:350][ 18]LogModuleManager: Shutting down and abandoning module GameplayTags (228)
[2016.09.23-21.30.16:350][ 18]LogModuleManager: Shutting down and abandoning module EditorWidgets (227)
[2016.09.23-21.30.16:350][ 18]LogModuleManager: Shutting down and abandoning module CollectionManager (226)
[2016.09.23-21.30.16:350][ 18]LogDirectoryWatcher: A directory notification for 'C:/Users/Elliot Anderson/Documents/GitHub/monsterproj/Islands/Content/Collections/' was aborted.
[2016.09.23-21.30.16:350][ 18]LogDirectoryWatcher: A directory notification for 'C:/Users/Elliot Anderson/Documents/GitHub/monsterproj/Islands/Content/Developers/ElliotAnderson/Collections/' was aborted.
[2016.09.23-21.30.16:350][ 18]LogDirectoryWatcher: A directory notification for 'C:/Users/Elliot Anderson/Documents/GitHub/monsterproj/Islands/Saved/Collections/' was aborted.
[2016.09.23-21.30.16:350][ 18]LogModuleManager: Shutting down and abandoning module StatsViewer (225)
[2016.09.23-21.30.16:350][ 18]LogModuleManager: Shutting down and abandoning module FoliageEdit (224)
[2016.09.23-21.30.16:350][ 18]LogModuleManager: Shutting down and abandoning module LandscapeEditor (223)
[2016.09.23-21.30.16:351][ 18]LogModuleManager: Shutting down and abandoning module SceneDepthPickerMode (222)
[2016.09.23-21.30.16:351][ 18]LogModuleManager: Shutting down and abandoning module ActorPickerMode (221)
[2016.09.23-21.30.16:351][ 18]LogModuleManager: Shutting down and abandoning module GeometryMode (220)
[2016.09.23-21.30.16:351][ 18]LogModuleManager: Shutting down and abandoning module TextureAlignMode (219)
[2016.09.23-21.30.16:351][ 18]LogModuleManager: Shutting down and abandoning module BspMode (218)
[2016.09.23-21.30.16:351][ 18]LogModuleManager: Shutting down and abandoning module HardwareSurvey (217)
[2016.09.23-21.30.16:351][ 18]LogModuleManager: Shutting down and abandoning module SequenceRecorderSections (216)
[2016.09.23-21.30.16:351][ 18]LogModuleManager: Shutting down and abandoning module SequenceRecorder (215)
[2016.09.23-21.30.16:351][ 18]LogModuleManager: Shutting down and abandoning module AutomationWorker (214)
[2016.09.23-21.30.16:351][ 18]LogModuleManager: Shutting down and abandoning module MatineeToLevelSequence (213)
[2016.09.23-21.30.16:351][ 18]LogModuleManager: Shutting down and abandoning module PlacementMode (212)
[2016.09.23-21.30.16:351][ 18]LogModuleManager: Shutting down and abandoning module LevelSequenceEditor (211)
[2016.09.23-21.30.16:351][ 18]LogModuleManager: Shutting down and abandoning module WmfMediaFactory (210)
[2016.09.23-21.30.16:351][ 18]LogModuleManager: Shutting down and abandoning module WmfMediaEditor (209)
[2016.09.23-21.30.16:351][ 18]LogModuleManager: Shutting down and abandoning module AvfMediaFactory (208)
[2016.09.23-21.30.16:351][ 18]LogModuleManager: Shutting down and abandoning module AvfMediaEditor (207)
[2016.09.23-21.30.16:351][ 18]LogModuleManager: Shutting down and abandoning module Media (206)
[2016.09.23-21.30.16:351][ 18]LogModuleManager: Shutting down and abandoning module AndroidMediaFactory (205)
[2016.09.23-21.30.16:351][ 18]LogModuleManager: Shutting down and abandoning module AndroidMediaEditor (204)
[2016.09.23-21.30.16:351][ 18]LogModuleManager: Shutting down and abandoning module CharacterAI (203)
[2016.09.23-21.30.16:351][ 18]LogModuleManager: Shutting down and abandoning module SmartSnapping (202)
[2016.09.23-21.30.16:351][ 18]LogModuleManager: Shutting down and abandoning module SessionServices (201)
[2016.09.23-21.30.16:351][ 18]LogModuleManager: Shutting down and abandoning module ViewportSnapping (200)
[2016.09.23-21.30.16:351][ 18]LogModuleManager: Shutting down and abandoning module ViewportInteraction (199)
[2016.09.23-21.30.16:351][ 18]LogModuleManager: Shutting down and abandoning module LogVisualizer (198)
[2016.09.23-21.30.16:351][ 18]LogModuleManager: Shutting down and abandoning module GameProjectGeneration (197)
[2016.09.23-21.30.16:351][ 18]LogModuleManager: Shutting down and abandoning module IntroTutorials (196)
[2016.09.23-21.30.16:352][ 18]LogModuleManager: Shutting down and abandoning module EditorLiveStreaming (195)
[2016.09.23-21.30.16:352][ 18]LogModuleManager: Shutting down and abandoning module IOSPlatformEditor (194)
[2016.09.23-21.30.16:352][ 18]LogModuleManager: Shutting down and abandoning module HTML5PlatformEditor (193)
[2016.09.23-21.30.16:352][ 18]LogModuleManager: Shutting down and abandoning module AndroidDeviceDetection (192)
[2016.09.23-21.30.16:588][ 18]LogModuleManager: Shutting down and abandoning module AndroidPlatformEditor (191)
[2016.09.23-21.30.16:588][ 18]LogModuleManager: Shutting down and abandoning module IOSRuntimeSettings (190)
[2016.09.23-21.30.16:588][ 18]LogModuleManager: Shutting down and abandoning module AndroidRuntimeSettings (189)
[2016.09.23-21.30.16:588][ 18]LogModuleManager: Shutting down and abandoning module NiagaraEditor (188)
[2016.09.23-21.30.16:588][ 18]LogModuleManager: Shutting down and abandoning module MergeActors (187)
[2016.09.23-21.30.16:589][ 18]LogModuleManager: Shutting down and abandoning module SizeMap (186)
[2016.09.23-21.30.16:589][ 18]LogModuleManager: Shutting down and abandoning module TreeMap (185)
[2016.09.23-21.30.16:589][ 18]LogModuleManager: Shutting down and abandoning module ReferenceViewer (184)
[2016.09.23-21.30.16:589][ 18]LogModuleManager: Shutting down and abandoning module LocalizationService (183)
[2016.09.23-21.30.16:589][ 18]LogModuleManager: Shutting down and abandoning module LocalizationDashboard (182)
[2016.09.23-21.30.16:589][ 18]LogModuleManager: Shutting down and abandoning module HardwareTargeting (181)
[2016.09.23-21.30.16:589][ 18]LogModuleManager: Shutting down and abandoning module DeviceProfileEditor (180)
[2016.09.23-21.30.16:589][ 18]LogModuleManager: Shutting down and abandoning module UndoHistory (179)
[2016.09.23-21.30.16:589][ 18]LogModuleManager: Shutting down and abandoning module UserFeedback (178)
[2016.09.23-21.30.16:589][ 18]LogModuleManager: Shutting down and abandoning module XmlParser (177)
[2016.09.23-21.30.16:589][ 18]LogModuleManager: Shutting down and abandoning module Blutility (176)
[2016.09.23-21.30.16:589][ 18]LogModuleManager: Shutting down and abandoning module ProjectTargetPlatformEditor (175)
[2016.09.23-21.30.16:589][ 18]LogModuleManager: Shutting down and abandoning module ProjectSettingsViewer (174)
[2016.09.23-21.30.16:589][ 18]LogModuleManager: Shutting down and abandoning module InputBindingEditor (173)
[2016.09.23-21.30.16:590][ 18]LogModuleManager: Shutting down and abandoning module EditorSettingsViewer (172)
[2016.09.23-21.30.16:590][ 18]LogModuleManager: Shutting down and abandoning module SettingsEditor (171)
[2016.09.23-21.30.16:590][ 18]LogModuleManager: Shutting down and abandoning module ProjectLauncher (170)
[2016.09.23-21.30.16:590][ 18]LogModuleManager: Shutting down and abandoning module SessionFrontend (169)
[2016.09.23-21.30.16:590][ 18]LogModuleManager: Shutting down and abandoning module ProfilerClient (168)
[2016.09.23-21.30.16:590][ 18]LogModuleManager: Shutting down and abandoning module TargetDeviceServices (167)
[2016.09.23-21.30.16:590][ 18]LogModuleManager: Shutting down and abandoning module DeviceManager (166)
[2016.09.23-21.30.16:655][ 18]LogModuleManager: Shutting down and abandoning module AutomationController (165)
[2016.09.23-21.30.16:655][ 18]LogModuleManager: Shutting down and abandoning module AutomationWindow (164)
[2016.09.23-21.30.16:655][ 18]LogModuleManager: Shutting down and abandoning module Layers (163)
[2016.09.23-21.30.16:655][ 18]LogModuleManager: Shutting down and abandoning module ComponentVisualizers (162)
[2016.09.23-21.30.16:655][ 18]LogModuleManager: Shutting down and abandoning module DetailCustomizations (161)
[2016.09.23-21.30.16:655][ 18]LogModuleManager: Shutting down and abandoning module PackagesDialog (160)
[2016.09.23-21.30.16:655][ 18]LogModuleManager: Shutting down and abandoning module AnimGraph (159)
[2016.09.23-21.30.16:655][ 18]LogModuleManager: Shutting down and abandoning module Persona (158)
[2016.09.23-21.30.16:655][ 18]LogModuleManager: Shutting down and abandoning module Kismet (157)
[2016.09.23-21.30.16:655][ 18]LogModuleManager: Shutting down and abandoning module GraphEditor (156)
[2016.09.23-21.30.16:655][ 18]LogModuleManager: Shutting down and abandoning module ClassViewer (155)
[2016.09.23-21.30.16:655][ 18]LogModuleManager: Shutting down and abandoning module Toolbox (154)
[2016.09.23-21.30.16:655][ 18]LogModuleManager: Shutting down and abandoning module ModuleUI (153)
[2016.09.23-21.30.16:655][ 18]LogModuleManager: Shutting down and abandoning module MovieSceneTools (152)
[2016.09.23-21.30.16:655][ 18]LogModuleManager: Shutting down and abandoning module OutputLog (151)
[2016.09.23-21.30.16:655][ 18]LogModuleManager: Shutting down and abandoning module GammaUI (150)
[2016.09.23-21.30.16:655][ 18]LogModuleManager: Shutting down and abandoning module Documentation (149)
[2016.09.23-21.30.16:655][ 18]LogModuleManager: Shutting down and abandoning module Niagara (148)
[2016.09.23-21.30.16:655][ 18]LogModuleManager: Shutting down and abandoning module StreamingPauseRendering (147)
[2016.09.23-21.30.16:655][ 18]LogModuleManager: Shutting down and abandoning module AnalyticsET (146)
[2016.09.23-21.30.16:655][ 18]LogModuleManager: Shutting down and abandoning module PortalServices (145)
[2016.09.23-21.30.16:655][ 18]LogModuleManager: Shutting down and abandoning module PortalRpc (144)
[2016.09.23-21.30.16:655][ 18]LogModuleManager: Shutting down and abandoning module MessagingRpc (143)
[2016.09.23-21.30.16:655][ 18]LogModuleManager: Shutting down and abandoning module GameplayDebugger (142)
[2016.09.23-21.30.16:655][ 18]LogModuleManager: Shutting down and abandoning module AITestSuite (141)
[2016.09.23-21.30.16:655][ 18]LogModuleManager: Shutting down and abandoning module AIModule (140)
[2016.09.23-21.30.16:655][ 18]LogModuleManager: Shutting down and abandoning module ProfilerService (139)
[2016.09.23-21.30.16:739][ 18]LogModuleManager: Shutting down and abandoning module TaskGraph (138)
[2016.09.23-21.30.16:739][ 18]LogModuleManager: Shutting down and abandoning module SlateRemote (137)
[2016.09.23-21.30.16:739][ 18]LogModuleManager: Shutting down and abandoning module SteamVRController (136)
[2016.09.23-21.30.16:740][ 18]LogModuleManager: Shutting down and abandoning module SteamVR (135)
[2016.09.23-21.30.16:740][ 18]LogModuleManager: Shutting down and abandoning module ProceduralMeshComponentEditor (134)
[2016.09.23-21.30.16:740][ 18]LogModuleManager: Shutting down and abandoning module ProceduralMeshComponent (133)
[2016.09.23-21.30.16:740][ 18]LogModuleManager: Shutting down and abandoning module OculusLibrary (132)
[2016.09.23-21.30.16:740][ 18]LogModuleManager: Shutting down and abandoning module OculusInput (131)
[2016.09.23-21.30.16:740][ 18]LogModuleManager: Shutting down and abandoning module CustomMeshComponent (130)
[2016.09.23-21.30.16:740][ 18]LogModuleManager: Shutting down and abandoning module CableComponent (129)
[2016.09.23-21.30.16:740][ 18]LogModuleManager: Shutting down and abandoning module ArchVisCharacter (128)
[2016.09.23-21.30.16:740][ 18]LogModuleManager: Shutting down and abandoning module MediaPlayerEditor (126)
[2016.09.23-21.30.16:740][ 18]LogModuleManager: Shutting down and abandoning module HTML5Networking (125)
[2016.09.23-21.30.16:740][ 18]LogModuleManager: Shutting down and abandoning module GeometryCacheEd (124)
[2016.09.23-21.30.16:740][ 18]LogModuleManager: Shutting down and abandoning module GeometryCache (123)
[2016.09.23-21.30.16:740][ 18]LogModuleManager: Shutting down and abandoning module AlembicLibrary (122)
[2016.09.23-21.30.16:740][ 18]LogModuleManager: Shutting down and abandoning module AlembicImporter (121)
[2016.09.23-21.30.16:740][ 18]LogModuleManager: Shutting down and abandoning module SuperSearch (120)
[2016.09.23-21.30.16:740][ 18]LogModuleManager: Shutting down and abandoning module SuperSearchEditor (119)
[2016.09.23-21.30.16:740][ 18]LogModuleManager: Shutting down and abandoning module SpeedTreeImporter (118)
[2016.09.23-21.30.16:740][ 18]LogModuleManager: Shutting down and abandoning module PluginBrowser (117)
[2016.09.23-21.30.16:740][ 18]LogModuleManager: Shutting down and abandoning module MobileLauncherProfileWizard (116)
[2016.09.23-21.30.16:740][ 18]LogModuleManager: Shutting down and abandoning module EpicSurvey (115)
[2016.09.23-21.30.16:740][ 18]LogModuleManager: Shutting down and abandoning module DesktopPlatform (114)
[2016.09.23-21.30.16:740][ 18]LogModuleManager: Shutting down and abandoning module VisualStudioSourceCodeAccess (113)
[2016.09.23-21.30.16:741][ 18]LogModuleManager: Shutting down and abandoning module UObjectPlugin (112)
[2016.09.23-21.30.16:741][ 18]LogModuleManager: Shutting down and abandoning module SubversionSourceControl (111)
[2016.09.23-21.30.16:741][ 18]LogModuleManager: Shutting down and abandoning module PerforceSourceControl (110)
[2016.09.23-21.30.16:741][ 18]LogModuleManager: Shutting down and abandoning module SourceControl (109)
[2016.09.23-21.30.16:741][ 18]LogModuleManager: Shutting down and abandoning module GitSourceControl (108)
[2016.09.23-21.30.16:741][ 18]LogModuleManager: Shutting down and abandoning module LightPropagationVolumeEditor (107)
[2016.09.23-21.30.16:741][ 18]LogModuleManager: Shutting down and abandoning module PaperTiledImporter (106)
[2016.09.23-21.30.16:741][ 18]LogModuleManager: Shutting down and abandoning module PaperSpriteSheetImporter (105)
[2016.09.23-21.30.16:741][ 18]LogModuleManager: Shutting down and abandoning module MeshPaint (104)
[2016.09.23-21.30.16:741][ 18]LogModuleManager: Shutting down and abandoning module FbxAutomationBuilderModule (103)
[2016.09.23-21.30.16:741][ 18]LogModuleManager: Shutting down and abandoning module PixelInspectorModule (102)
[2016.09.23-21.30.16:741][ 18]LogModuleManager: Shutting down and abandoning module HotReload (101)
[2016.09.23-21.30.16:742][ 18]LogModuleManager: Shutting down and abandoning module MainFrame (100)
[2016.09.23-21.30.16:742][ 18]LogModuleManager: Shutting down and abandoning module LevelEditor (99)
[2016.09.23-21.30.16:744][ 18]LogModuleManager: Shutting down and abandoning module ContentBrowser (98)
[2016.09.23-21.30.16:746][ 18]LogModuleManager: Shutting down and abandoning module Paper2DEditor (97)
[2016.09.23-21.30.16:746][ 18]LogModuleManager: Shutting down and abandoning module UdpMessaging (96)
[2016.09.23-21.30.16:847][ 18]LogModuleManager: Shutting down and abandoning module TcpMessaging (95)
[2016.09.23-21.30.16:847][ 18]LogModuleManager: Shutting down and abandoning module LightPropagationVolumeRuntime (94)
[2016.09.23-21.30.16:847][ 18]LogModuleManager: Shutting down and abandoning module Paper2D (93)
[2016.09.23-21.30.16:847][ 18]LogModuleManager: Shutting down and abandoning module WindowsMoviePlayer (92)
[2016.09.23-21.30.16:847][ 18]LogModuleManager: Shutting down and abandoning module WmfMedia (91)
[2016.09.23-21.30.16:847][ 18]LogModuleManager: Shutting down and abandoning module MediaAssets (90)
[2016.09.23-21.30.16:847][ 18]LogModuleManager: Shutting down and abandoning module GameLiveStreaming (89)
[2016.09.23-21.30.16:848][ 18]LogModuleManager: Shutting down and abandoning module GameplayTagsEditor (88)
[2016.09.23-21.30.16:848][ 18]LogModuleManager: Shutting down and abandoning module VREditor (87)
[2016.09.23-21.30.16:848][ 18]LogModuleManager: Shutting down and abandoning module GameplayTasksEditor (86)
[2016.09.23-21.30.16:848][ 18]LogModuleManager: Shutting down and abandoning module PropertyEditor (85)
[2016.09.23-21.30.16:848][ 18]LogModuleManager: Shutting down and abandoning module BehaviorTreeEditor (84)
[2016.09.23-21.30.16:848][ 18]LogModuleManager: Shutting down and abandoning module FunctionalTesting (83)
[2016.09.23-21.30.16:848][ 18]LogModuleManager: Shutting down and abandoning module CollisionAnalyzer (82)
[2016.09.23-21.30.16:848][ 18]LogModuleManager: Shutting down and abandoning module Sequencer (81)
[2016.09.23-21.30.16:848][ 18]LogModuleManager: Shutting down and abandoning module WorkspaceMenuStructure (80)
[2016.09.23-21.30.16:848][ 18]LogModuleManager: Shutting down and abandoning module MessageLog (79)
[2016.09.23-21.30.16:848][ 18]LogModuleManager: Shutting down and abandoning module AssetTools (78)
[2016.09.23-21.30.16:849][ 18]LogModuleManager: Shutting down and abandoning module UMGEditor (77)
[2016.09.23-21.30.16:849][ 18]LogModuleManager: Shutting down and abandoning module UMG (76)
[2016.09.23-21.30.16:849][ 18]LogModuleManager: Shutting down and abandoning module SlateReflector (75)
[2016.09.23-21.30.16:849][ 18]LogModuleManager: Shutting down and abandoning module Slate (74)
[2016.09.23-21.30.16:849][ 18]LogModuleManager: Shutting down and abandoning module EditorStyle (73)
[2016.09.23-21.30.16:856][ 18]LogModuleManager: Shutting down and abandoning module SourceCodeAccess (72)
[2016.09.23-21.30.16:856][ 18]LogModuleManager: Shutting down and abandoning module HeadMountedDisplay (71)
[2016.09.23-21.30.16:856][ 18]LogModuleManager: Shutting down and abandoning module XAudio2 (70)
[2016.09.23-21.30.16:856][ 18]LogModuleManager: Shutting down and abandoning module Networking (68)
[2016.09.23-21.30.16:856][ 18]LogModuleManager: Shutting down and abandoning module Core (67)
[2016.09.23-21.30.16:856][ 18]LogModuleManager: Shutting down and abandoning module DirectoryWatcher (66)
[2016.09.23-21.30.16:856][ 18]LogDirectoryWatcher: A directory notification for '../../../Engine/Content/' was aborted.
[2016.09.23-21.30.16:856][ 18]LogDirectoryWatcher: A directory notification for '../../../../../../Users/Elliot Anderson/Documents/GitHub/monsterproj/Islands/Content/' was aborted.
[2016.09.23-21.30.16:856][ 18]LogDirectoryWatcher: A directory notification for '../../../Engine/Plugins/2D/Paper2D/Content/' was aborted.
[2016.09.23-21.30.16:857][ 18]LogModuleManager: Shutting down and abandoning module AssetRegistry (65)
[2016.09.23-21.30.16:909][ 18]LogModuleManager: Shutting down and abandoning module KismetCompiler (64)
[2016.09.23-21.30.16:909][ 18]LogModuleManager: Shutting down and abandoning module PhysXFormats (63)
[2016.09.23-21.30.16:909][ 18]LogModuleManager: Shutting down and abandoning module MeshUtilities (62)
[2016.09.23-21.30.16:909][ 18]LogModuleManager: Shutting down and abandoning module DerivedDataCache (61)
[2016.09.23-21.30.16:928][ 18]LogDerivedDataCache: Shutdown
[2016.09.23-21.30.16:928][ 18]LogModuleManager: Shutting down and abandoning module VulkanShaderFormat (60)
[2016.09.23-21.30.16:928][ 18]LogModuleManager: Shutting down and abandoning module ShaderFormatOpenGL (59)
[2016.09.23-21.30.16:928][ 18]LogModuleManager: Shutting down and abandoning module ShaderFormatD3D (58)
[2016.09.23-21.30.16:928][ 18]LogModuleManager: Shutting down and abandoning module MetalShaderFormat (57)
[2016.09.23-21.30.16:928][ 18]LogModuleManager: Shutting down and abandoning module TextureFormatUncompressed (56)
[2016.09.23-21.30.16:928][ 18]LogModuleManager: Shutting down and abandoning module TextureFormatPVR (55)
[2016.09.23-21.30.16:928][ 18]LogModuleManager: Shutting down and abandoning module TextureFormatDXT (54)
[2016.09.23-21.30.16:928][ 18]LogModuleManager: Shutting down and abandoning module TextureFormatIntelISPCTexComp (53)
[2016.09.23-21.30.16:928][ 18]LogModuleManager: Shutting down and abandoning module ImageWrapper (52)
[2016.09.23-21.30.16:928][ 18]LogModuleManager: Shutting down and abandoning module TextureFormatASTC (51)
[2016.09.23-21.30.16:928][ 18]LogModuleManager: Shutting down and abandoning module TextureFormatAndroid (50)
[2016.09.23-21.30.16:928][ 18]LogModuleManager: Shutting down and abandoning module AudioFormatOpus (49)
[2016.09.23-21.30.16:928][ 18]LogModuleManager: Shutting down and abandoning module AudioFormatOgg (48)
[2016.09.23-21.30.16:928][ 18]LogModuleManager: Shutting down and abandoning module AudioFormatADPCM (47)
[2016.09.23-21.30.16:928][ 18]LogModuleManager: Shutting down and abandoning module LinuxTargetPlatform (46)
[2016.09.23-21.30.16:928][ 18]LogModuleManager: Shutting down and abandoning module LinuxServerTargetPlatform (45)
[2016.09.23-21.30.16:928][ 18]LogModuleManager: Shutting down and abandoning module LinuxNoEditorTargetPlatform (44)
[2016.09.23-21.30.16:928][ 18]LogModuleManager: Shutting down and abandoning module LinuxClientTargetPlatform (43)
[2016.09.23-21.30.16:928][ 18]LogModuleManager: Shutting down and abandoning module TVOSTargetPlatform (42)
[2016.09.23-21.30.16:928][ 18]LogModuleManager: Shutting down and abandoning module Messaging (41)
[2016.09.23-21.30.16:928][ 18]LogModuleManager: Shutting down and abandoning module IOSTargetPlatform (40)
[2016.09.23-21.30.16:928][ 18]LogModuleManager: Shutting down and abandoning module HTML5TargetPlatform (39)
[2016.09.23-21.30.16:928][ 18]LogModuleManager: Shutting down and abandoning module Android_PVRTCTargetPlatform (38)
[2016.09.23-21.30.16:928][ 18]LogModuleManager: Shutting down and abandoning module Android_MultiTargetPlatform (37)
[2016.09.23-21.30.16:928][ 18]LogModuleManager: Shutting down and abandoning module Android_ETC2TargetPlatform (36)
[2016.09.23-21.30.16:928][ 18]LogModuleManager: Shutting down and abandoning module Android_ETC1TargetPlatform (35)
[2016.09.23-21.30.16:928][ 18]LogModuleManager: Shutting down and abandoning module Android_DXTTargetPlatform (34)
[2016.09.23-21.30.16:928][ 18]LogModuleManager: Shutting down and abandoning module Android_ATCTargetPlatform (33)
[2016.09.23-21.30.16:928][ 18]LogModuleManager: Shutting down and abandoning module Android_ASTCTargetPlatform (32)
[2016.09.23-21.30.16:928][ 18]LogModuleManager: Shutting down and abandoning module AndroidTargetPlatform (31)
[2016.09.23-21.30.16:928][ 18]LogModuleManager: Shutting down and abandoning module WindowsTargetPlatform (30)
[2016.09.23-21.30.16:928][ 18]LogModuleManager: Shutting down and abandoning module WindowsServerTargetPlatform (29)
[2016.09.23-21.30.16:928][ 18]LogModuleManager: Shutting down and abandoning module WindowsNoEditorTargetPlatform (28)
[2016.09.23-21.30.16:928][ 18]LogModuleManager: Shutting down and abandoning module WindowsClientTargetPlatform (27)
[2016.09.23-21.30.16:928][ 18]LogModuleManager: Shutting down and abandoning module AllDesktopTargetPlatform (26)
[2016.09.23-21.30.16:928][ 18]LogModuleManager: Shutting down and abandoning module TargetPlatform (25)
[2016.09.23-21.30.16:928][ 18]LogModuleManager: Shutting down and abandoning module InputCore (24)
[2016.09.23-21.30.16:928][ 18]LogModuleManager: Shutting down and abandoning module Settings (23)
[2016.09.23-21.30.16:928][ 18]LogModuleManager: Shutting down and abandoning module OculusRift (22)
[2016.09.23-21.30.16:928][ 18]LogModuleManager: Shutting down and abandoning module GearVR (21)
[2016.09.23-21.30.16:928][ 18]LogModuleManager: Shutting down and abandoning module ExampleDeviceProfileSelector (20)
[2016.09.23-21.30.16:928][ 18]LogModuleManager: Shutting down and abandoning module OnlineBlueprintSupport (19)
[2016.09.23-21.30.16:928][ 18]LogModuleManager: Shutting down and abandoning module OnlineSubsystem (17)
[2016.09.23-21.30.16:928][ 18]LogOnline:Display: Unloading online subsystem: NULL
[2016.09.23-21.30.16:928][ 18]LogModuleManager: Shutting down and abandoning module HTTP (16)
[2016.09.23-21.30.16:928][ 18]LogHttp:Display: Http module shutting down, but needs to wait on 1 outstanding Http requests:
[2016.09.23-21.30.16:928][ 18]LogHttp:Display: 	verb=[POST] url=[https://datarouter.ol.epicgames.com/datarouter/api/v1/public/data?SessionID=%7BDCEC602F-4676-D893-C1C2-9082C708135E%7D&AppID=UEEditor.Rocket.Release&AppVersion=%2B%2BUE4%2BRelease-4.13-CL-3106830&UserID=7a6157494d0366fb79281b8d1ddac165%7C05d5c51f48074b47995cbbf837418dfd%7C456459a8-ee71-4ace-b2d4-148a03b8c2b4&AppEnvironment=datacollector-binary&UploadType=eteventstream] status=Processing
[2016.09.23-21.30.16:938][ 18]LogModuleManager: Shutting down and abandoning module XMPP (15)
[2016.09.23-21.30.16:938][ 18]LogModuleManager: Shutting down and abandoning module TextureCompressor (14)
[2016.09.23-21.30.16:938][ 18]LogModuleManager: Shutting down and abandoning module ShaderCore (13)
[2016.09.23-21.30.16:938][ 18]LogModuleManager: Shutting down and abandoning module Landscape (12)
[2016.09.23-21.30.16:938][ 18]LogModuleManager: Shutting down and abandoning module SlateRHIRenderer (11)
[2016.09.23-21.30.16:938][ 18]LogModuleManager: Shutting down and abandoning module OpenGLDrv (10)
[2016.09.23-21.30.16:938][ 18]LogModuleManager: Shutting down and abandoning module D3D11RHI (9)
[2016.09.23-21.30.16:938][ 18]LogModuleManager: Shutting down and abandoning module AnimGraphRuntime (8)
[2016.09.23-21.30.16:938][ 18]LogModuleManager: Shutting down and abandoning module Renderer (7)
[2016.09.23-21.30.16:938][ 18]LogModuleManager: Shutting down and abandoning module Engine (6)
[2016.09.23-21.30.16:938][ 18]LogModuleManager: Shutting down and abandoning module CoreUObject (5)
[2016.09.23-21.30.16:938][ 18]LogModuleManager: Shutting down and abandoning module NetworkFile (4)
[2016.09.23-21.30.16:938][ 18]LogModuleManager: Shutting down and abandoning module StreamingFile (3)
[2016.09.23-21.30.16:938][ 18]LogModuleManager: Shutting down and abandoning module SandboxFile (2)
[2016.09.23-21.30.16:938][ 18]LogModuleManager: Shutting down and abandoning module PakFile (1)
[2016.09.23-21.30.16:940][ 18]LogExit: Exiting.
[2016.09.23-21.30.16:946][ 18]Log file closed, 09/23/16 22:30:16
